{"C:\\Users\\D-SHOW World\\desktop\\projects\\fast food\\dist\\test\\auth.js":{"path":"C:\\Users\\D-SHOW World\\desktop\\projects\\fast food\\dist\\test\\auth.js","statementMap":{"0":{"start":{"line":3,"column":12},"end":{"line":3,"column":27}},"1":{"start":{"line":5,"column":13},"end":{"line":5,"column":42}},"2":{"start":{"line":7,"column":16},"end":{"line":7,"column":36}},"3":{"start":{"line":9,"column":17},"end":{"line":9,"column":50}},"4":{"start":{"line":11,"column":13},"end":{"line":11,"column":32}},"5":{"start":{"line":13,"column":14},"end":{"line":13,"column":44}},"6":{"start":{"line":15,"column":39},"end":{"line":15,"column":93}},"7":{"start":{"line":17,"column":13},"end":{"line":17,"column":34}},"8":{"start":{"line":19,"column":13},"end":{"line":19,"column":36}},"9":{"start":{"line":20,"column":0},"end":{"line":20,"column":39}},"10":{"start":{"line":22,"column":12},"end":{"line":22,"column":30}},"11":{"start":{"line":24,"column":14},"end":{"line":30,"column":1}},"12":{"start":{"line":32,"column":15},"end":{"line":38,"column":1}},"13":{"start":{"line":40,"column":12},"end":{"line":46,"column":1}},"14":{"start":{"line":48,"column":15},"end":{"line":52,"column":1}},"15":{"start":{"line":54,"column":19},"end":{"line":57,"column":1}},"16":{"start":{"line":60,"column":0},"end":{"line":146,"column":3}},"17":{"start":{"line":61,"column":2},"end":{"line":70,"column":5}},"18":{"start":{"line":62,"column":4},"end":{"line":69,"column":7}},"19":{"start":{"line":63,"column":6},"end":{"line":63,"column":38}},"20":{"start":{"line":64,"column":6},"end":{"line":64,"column":50}},"21":{"start":{"line":65,"column":6},"end":{"line":65,"column":52}},"22":{"start":{"line":66,"column":6},"end":{"line":66,"column":82}},"23":{"start":{"line":67,"column":6},"end":{"line":67,"column":70}},"24":{"start":{"line":68,"column":6},"end":{"line":68,"column":78}},"25":{"start":{"line":72,"column":2},"end":{"line":77,"column":5}},"26":{"start":{"line":73,"column":4},"end":{"line":76,"column":7}},"27":{"start":{"line":74,"column":6},"end":{"line":74,"column":38}},"28":{"start":{"line":75,"column":6},"end":{"line":75,"column":89}},"29":{"start":{"line":79,"column":2},"end":{"line":87,"column":5}},"30":{"start":{"line":80,"column":4},"end":{"line":86,"column":7}},"31":{"start":{"line":84,"column":6},"end":{"line":84,"column":38}},"32":{"start":{"line":85,"column":6},"end":{"line":85,"column":92}},"33":{"start":{"line":89,"column":2},"end":{"line":100,"column":5}},"34":{"start":{"line":90,"column":4},"end":{"line":99,"column":7}},"35":{"start":{"line":97,"column":6},"end":{"line":97,"column":38}},"36":{"start":{"line":98,"column":6},"end":{"line":98,"column":76}},"37":{"start":{"line":102,"column":2},"end":{"line":113,"column":5}},"38":{"start":{"line":103,"column":4},"end":{"line":112,"column":7}},"39":{"start":{"line":110,"column":6},"end":{"line":110,"column":38}},"40":{"start":{"line":111,"column":6},"end":{"line":111,"column":74}},"41":{"start":{"line":115,"column":2},"end":{"line":120,"column":5}},"42":{"start":{"line":116,"column":4},"end":{"line":119,"column":7}},"43":{"start":{"line":117,"column":6},"end":{"line":117,"column":38}},"44":{"start":{"line":118,"column":6},"end":{"line":118,"column":93}},"45":{"start":{"line":122,"column":2},"end":{"line":133,"column":5}},"46":{"start":{"line":123,"column":4},"end":{"line":132,"column":7}},"47":{"start":{"line":130,"column":6},"end":{"line":130,"column":38}},"48":{"start":{"line":131,"column":6},"end":{"line":131,"column":97}},"49":{"start":{"line":135,"column":2},"end":{"line":145,"column":5}},"50":{"start":{"line":136,"column":4},"end":{"line":144,"column":7}},"51":{"start":{"line":142,"column":6},"end":{"line":142,"column":38}},"52":{"start":{"line":143,"column":6},"end":{"line":143,"column":101}},"53":{"start":{"line":149,"column":0},"end":{"line":200,"column":3}},"54":{"start":{"line":150,"column":2},"end":{"line":157,"column":5}},"55":{"start":{"line":151,"column":4},"end":{"line":156,"column":7}},"56":{"start":{"line":152,"column":6},"end":{"line":152,"column":38}},"57":{"start":{"line":153,"column":6},"end":{"line":153,"column":42}},"58":{"start":{"line":154,"column":6},"end":{"line":154,"column":71}},"59":{"start":{"line":155,"column":6},"end":{"line":155,"column":45}},"60":{"start":{"line":159,"column":2},"end":{"line":167,"column":5}},"61":{"start":{"line":160,"column":4},"end":{"line":166,"column":7}},"62":{"start":{"line":163,"column":6},"end":{"line":163,"column":38}},"63":{"start":{"line":164,"column":6},"end":{"line":164,"column":42}},"64":{"start":{"line":165,"column":6},"end":{"line":165,"column":89}},"65":{"start":{"line":169,"column":2},"end":{"line":177,"column":5}},"66":{"start":{"line":170,"column":4},"end":{"line":176,"column":7}},"67":{"start":{"line":173,"column":6},"end":{"line":173,"column":38}},"68":{"start":{"line":174,"column":6},"end":{"line":174,"column":42}},"69":{"start":{"line":175,"column":6},"end":{"line":175,"column":92}},"70":{"start":{"line":179,"column":2},"end":{"line":188,"column":5}},"71":{"start":{"line":180,"column":4},"end":{"line":187,"column":7}},"72":{"start":{"line":184,"column":6},"end":{"line":184,"column":38}},"73":{"start":{"line":185,"column":6},"end":{"line":185,"column":42}},"74":{"start":{"line":186,"column":6},"end":{"line":186,"column":75}},"75":{"start":{"line":190,"column":2},"end":{"line":199,"column":5}},"76":{"start":{"line":191,"column":4},"end":{"line":198,"column":7}},"77":{"start":{"line":195,"column":6},"end":{"line":195,"column":38}},"78":{"start":{"line":196,"column":6},"end":{"line":196,"column":42}},"79":{"start":{"line":197,"column":6},"end":{"line":197,"column":74}},"80":{"start":{"line":203,"column":0},"end":{"line":227,"column":3}},"81":{"start":{"line":204,"column":2},"end":{"line":212,"column":5}},"82":{"start":{"line":205,"column":4},"end":{"line":211,"column":7}},"83":{"start":{"line":206,"column":6},"end":{"line":206,"column":38}},"84":{"start":{"line":207,"column":6},"end":{"line":207,"column":50}},"85":{"start":{"line":208,"column":6},"end":{"line":208,"column":69}},"86":{"start":{"line":209,"column":6},"end":{"line":209,"column":70}},"87":{"start":{"line":210,"column":6},"end":{"line":210,"column":78}},"88":{"start":{"line":214,"column":2},"end":{"line":219,"column":5}},"89":{"start":{"line":215,"column":4},"end":{"line":218,"column":7}},"90":{"start":{"line":216,"column":6},"end":{"line":216,"column":38}},"91":{"start":{"line":217,"column":6},"end":{"line":217,"column":96}},"92":{"start":{"line":221,"column":2},"end":{"line":226,"column":5}},"93":{"start":{"line":222,"column":4},"end":{"line":225,"column":7}},"94":{"start":{"line":223,"column":6},"end":{"line":223,"column":38}},"95":{"start":{"line":224,"column":6},"end":{"line":224,"column":91}}},"fnMap":{"0":{"name":"_interopRequireDefault","decl":{"start":{"line":15,"column":9},"end":{"line":15,"column":31}},"loc":{"start":{"line":15,"column":37},"end":{"line":15,"column":95}},"line":15},"1":{"name":"(anonymous_1)","decl":{"start":{"line":60,"column":46},"end":{"line":60,"column":47}},"loc":{"start":{"line":60,"column":58},"end":{"line":146,"column":1}},"line":60},"2":{"name":"(anonymous_2)","decl":{"start":{"line":61,"column":114},"end":{"line":61,"column":115}},"loc":{"start":{"line":61,"column":126},"end":{"line":70,"column":3}},"line":61},"3":{"name":"(anonymous_3)","decl":{"start":{"line":62,"column":98},"end":{"line":62,"column":99}},"loc":{"start":{"line":62,"column":113},"end":{"line":69,"column":5}},"line":62},"4":{"name":"(anonymous_4)","decl":{"start":{"line":72,"column":87},"end":{"line":72,"column":88}},"loc":{"start":{"line":72,"column":99},"end":{"line":77,"column":3}},"line":72},"5":{"name":"(anonymous_5)","decl":{"start":{"line":73,"column":99},"end":{"line":73,"column":100}},"loc":{"start":{"line":73,"column":114},"end":{"line":76,"column":5}},"line":73},"6":{"name":"(anonymous_6)","decl":{"start":{"line":79,"column":93},"end":{"line":79,"column":94}},"loc":{"start":{"line":79,"column":105},"end":{"line":87,"column":3}},"line":79},"7":{"name":"(anonymous_7)","decl":{"start":{"line":83,"column":12},"end":{"line":83,"column":13}},"loc":{"start":{"line":83,"column":27},"end":{"line":86,"column":5}},"line":83},"8":{"name":"(anonymous_8)","decl":{"start":{"line":89,"column":91},"end":{"line":89,"column":92}},"loc":{"start":{"line":89,"column":103},"end":{"line":100,"column":3}},"line":89},"9":{"name":"(anonymous_9)","decl":{"start":{"line":96,"column":12},"end":{"line":96,"column":13}},"loc":{"start":{"line":96,"column":27},"end":{"line":99,"column":5}},"line":96},"10":{"name":"(anonymous_10)","decl":{"start":{"line":102,"column":82},"end":{"line":102,"column":83}},"loc":{"start":{"line":102,"column":94},"end":{"line":113,"column":3}},"line":102},"11":{"name":"(anonymous_11)","decl":{"start":{"line":109,"column":12},"end":{"line":109,"column":13}},"loc":{"start":{"line":109,"column":27},"end":{"line":112,"column":5}},"line":109},"12":{"name":"(anonymous_12)","decl":{"start":{"line":115,"column":73},"end":{"line":115,"column":74}},"loc":{"start":{"line":115,"column":85},"end":{"line":120,"column":3}},"line":115},"13":{"name":"(anonymous_13)","decl":{"start":{"line":116,"column":99},"end":{"line":116,"column":100}},"loc":{"start":{"line":116,"column":114},"end":{"line":119,"column":5}},"line":116},"14":{"name":"(anonymous_14)","decl":{"start":{"line":122,"column":62},"end":{"line":122,"column":63}},"loc":{"start":{"line":122,"column":74},"end":{"line":133,"column":3}},"line":122},"15":{"name":"(anonymous_15)","decl":{"start":{"line":129,"column":12},"end":{"line":129,"column":13}},"loc":{"start":{"line":129,"column":27},"end":{"line":132,"column":5}},"line":129},"16":{"name":"(anonymous_16)","decl":{"start":{"line":135,"column":62},"end":{"line":135,"column":63}},"loc":{"start":{"line":135,"column":74},"end":{"line":145,"column":3}},"line":135},"17":{"name":"(anonymous_17)","decl":{"start":{"line":141,"column":12},"end":{"line":141,"column":13}},"loc":{"start":{"line":141,"column":27},"end":{"line":144,"column":5}},"line":141},"18":{"name":"(anonymous_18)","decl":{"start":{"line":149,"column":45},"end":{"line":149,"column":46}},"loc":{"start":{"line":149,"column":57},"end":{"line":200,"column":1}},"line":149},"19":{"name":"(anonymous_19)","decl":{"start":{"line":150,"column":87},"end":{"line":150,"column":88}},"loc":{"start":{"line":150,"column":99},"end":{"line":157,"column":3}},"line":150},"20":{"name":"(anonymous_20)","decl":{"start":{"line":151,"column":102},"end":{"line":151,"column":103}},"loc":{"start":{"line":151,"column":117},"end":{"line":156,"column":5}},"line":151},"21":{"name":"(anonymous_21)","decl":{"start":{"line":159,"column":86},"end":{"line":159,"column":87}},"loc":{"start":{"line":159,"column":98},"end":{"line":167,"column":3}},"line":159},"22":{"name":"(anonymous_22)","decl":{"start":{"line":162,"column":12},"end":{"line":162,"column":13}},"loc":{"start":{"line":162,"column":27},"end":{"line":166,"column":5}},"line":162},"23":{"name":"(anonymous_23)","decl":{"start":{"line":169,"column":92},"end":{"line":169,"column":93}},"loc":{"start":{"line":169,"column":104},"end":{"line":177,"column":3}},"line":169},"24":{"name":"(anonymous_24)","decl":{"start":{"line":172,"column":12},"end":{"line":172,"column":13}},"loc":{"start":{"line":172,"column":27},"end":{"line":176,"column":5}},"line":172},"25":{"name":"(anonymous_25)","decl":{"start":{"line":179,"column":85},"end":{"line":179,"column":86}},"loc":{"start":{"line":179,"column":97},"end":{"line":188,"column":3}},"line":179},"26":{"name":"(anonymous_26)","decl":{"start":{"line":183,"column":12},"end":{"line":183,"column":13}},"loc":{"start":{"line":183,"column":27},"end":{"line":187,"column":5}},"line":183},"27":{"name":"(anonymous_27)","decl":{"start":{"line":190,"column":49},"end":{"line":190,"column":50}},"loc":{"start":{"line":190,"column":61},"end":{"line":199,"column":3}},"line":190},"28":{"name":"(anonymous_28)","decl":{"start":{"line":194,"column":12},"end":{"line":194,"column":13}},"loc":{"start":{"line":194,"column":27},"end":{"line":198,"column":5}},"line":194},"29":{"name":"(anonymous_29)","decl":{"start":{"line":203,"column":49},"end":{"line":203,"column":50}},"loc":{"start":{"line":203,"column":61},"end":{"line":227,"column":1}},"line":203},"30":{"name":"(anonymous_30)","decl":{"start":{"line":204,"column":92},"end":{"line":204,"column":93}},"loc":{"start":{"line":204,"column":104},"end":{"line":212,"column":3}},"line":204},"31":{"name":"(anonymous_31)","decl":{"start":{"line":205,"column":142},"end":{"line":205,"column":143}},"loc":{"start":{"line":205,"column":157},"end":{"line":211,"column":5}},"line":205},"32":{"name":"(anonymous_32)","decl":{"start":{"line":214,"column":89},"end":{"line":214,"column":90}},"loc":{"start":{"line":214,"column":101},"end":{"line":219,"column":3}},"line":214},"33":{"name":"(anonymous_33)","decl":{"start":{"line":215,"column":102},"end":{"line":215,"column":103}},"loc":{"start":{"line":215,"column":117},"end":{"line":218,"column":5}},"line":215},"34":{"name":"(anonymous_34)","decl":{"start":{"line":221,"column":93},"end":{"line":221,"column":94}},"loc":{"start":{"line":221,"column":105},"end":{"line":226,"column":3}},"line":221},"35":{"name":"(anonymous_35)","decl":{"start":{"line":222,"column":139},"end":{"line":222,"column":140}},"loc":{"start":{"line":222,"column":154},"end":{"line":225,"column":5}},"line":222}},"branchMap":{"0":{"loc":{"start":{"line":15,"column":46},"end":{"line":15,"column":92}},"type":"cond-expr","locations":[{"start":{"line":15,"column":70},"end":{"line":15,"column":73}},{"start":{"line":15,"column":76},"end":{"line":15,"column":92}}],"line":15},"1":{"loc":{"start":{"line":15,"column":46},"end":{"line":15,"column":67}},"type":"binary-expr","locations":[{"start":{"line":15,"column":46},"end":{"line":15,"column":49}},{"start":{"line":15,"column":53},"end":{"line":15,"column":67}}],"line":15}},"s":{"0":1,"1":1,"2":1,"3":1,"4":1,"5":1,"6":3,"7":1,"8":1,"9":1,"10":1,"11":1,"12":1,"13":1,"14":1,"15":1,"16":1,"17":1,"18":1,"19":1,"20":1,"21":1,"22":1,"23":1,"24":1,"25":1,"26":1,"27":1,"28":1,"29":1,"30":1,"31":1,"32":1,"33":1,"34":1,"35":1,"36":1,"37":1,"38":1,"39":1,"40":1,"41":1,"42":1,"43":1,"44":1,"45":1,"46":1,"47":1,"48":1,"49":1,"50":1,"51":1,"52":1,"53":1,"54":1,"55":1,"56":1,"57":1,"58":1,"59":1,"60":1,"61":1,"62":1,"63":1,"64":1,"65":1,"66":1,"67":1,"68":1,"69":1,"70":1,"71":1,"72":1,"73":1,"74":1,"75":1,"76":1,"77":1,"78":1,"79":1,"80":1,"81":1,"82":1,"83":1,"84":1,"85":1,"86":1,"87":1,"88":1,"89":1,"90":1,"91":1,"92":1,"93":1,"94":1,"95":1},"f":{"0":3,"1":1,"2":1,"3":1,"4":1,"5":1,"6":1,"7":1,"8":1,"9":1,"10":1,"11":1,"12":1,"13":1,"14":1,"15":1,"16":1,"17":1,"18":1,"19":1,"20":1,"21":1,"22":1,"23":1,"24":1,"25":1,"26":1,"27":1,"28":1,"29":1,"30":1,"31":1,"32":1,"33":1,"34":1,"35":1},"b":{"0":[1,2],"1":[3,3]},"_coverageSchema":"d34fc3e6b8297bcde183f5492bcb8fcb36775295","hash":"75d9a47679e81868211cd4f31c4de7527a261b93","contentHash":"0b824be8b6e3c83e0085d84a565952fc"},"C:\\Users\\D-SHOW World\\desktop\\projects\\fast food\\dist\\index.js":{"path":"C:\\Users\\D-SHOW World\\desktop\\projects\\fast food\\dist\\index.js","statementMap":{"0":{"start":{"line":3,"column":0},"end":{"line":5,"column":3}},"1":{"start":{"line":7,"column":15},"end":{"line":7,"column":33}},"2":{"start":{"line":9,"column":16},"end":{"line":9,"column":48}},"3":{"start":{"line":11,"column":18},"end":{"line":11,"column":40}},"4":{"start":{"line":13,"column":19},"end":{"line":13,"column":54}},"5":{"start":{"line":15,"column":14},"end":{"line":15,"column":31}},"6":{"start":{"line":17,"column":15},"end":{"line":17,"column":46}},"7":{"start":{"line":19,"column":14},"end":{"line":19,"column":40}},"8":{"start":{"line":21,"column":15},"end":{"line":21,"column":46}},"9":{"start":{"line":23,"column":12},"end":{"line":23,"column":36}},"10":{"start":{"line":25,"column":13},"end":{"line":25,"column":42}},"11":{"start":{"line":27,"column":12},"end":{"line":27,"column":36}},"12":{"start":{"line":29,"column":13},"end":{"line":29,"column":42}},"13":{"start":{"line":31,"column":39},"end":{"line":31,"column":93}},"14":{"start":{"line":33,"column":0},"end":{"line":33,"column":26}},"15":{"start":{"line":34,"column":10},"end":{"line":34,"column":34}},"16":{"start":{"line":36,"column":0},"end":{"line":36,"column":37}},"17":{"start":{"line":37,"column":0},"end":{"line":37,"column":62}},"18":{"start":{"line":39,"column":0},"end":{"line":39,"column":57}},"19":{"start":{"line":41,"column":0},"end":{"line":45,"column":3}},"20":{"start":{"line":42,"column":2},"end":{"line":44,"column":5}},"21":{"start":{"line":47,"column":0},"end":{"line":47,"column":37}},"22":{"start":{"line":48,"column":0},"end":{"line":48,"column":35}},"23":{"start":{"line":49,"column":0},"end":{"line":49,"column":35}},"24":{"start":{"line":51,"column":0},"end":{"line":56,"column":3}},"25":{"start":{"line":52,"column":2},"end":{"line":55,"column":5}},"26":{"start":{"line":58,"column":0},"end":{"line":62,"column":3}},"27":{"start":{"line":59,"column":14},"end":{"line":59,"column":36}},"28":{"start":{"line":60,"column":2},"end":{"line":60,"column":21}},"29":{"start":{"line":61,"column":2},"end":{"line":61,"column":14}},"30":{"start":{"line":65,"column":0},"end":{"line":70,"column":3}},"31":{"start":{"line":66,"column":2},"end":{"line":66,"column":34}},"32":{"start":{"line":67,"column":2},"end":{"line":69,"column":5}},"33":{"start":{"line":71,"column":0},"end":{"line":73,"column":3}},"34":{"start":{"line":72,"column":2},"end":{"line":72,"column":59}},"35":{"start":{"line":75,"column":0},"end":{"line":75,"column":22}}},"fnMap":{"0":{"name":"_interopRequireDefault","decl":{"start":{"line":31,"column":9},"end":{"line":31,"column":31}},"loc":{"start":{"line":31,"column":37},"end":{"line":31,"column":95}},"line":31},"1":{"name":"(anonymous_1)","decl":{"start":{"line":41,"column":8},"end":{"line":41,"column":9}},"loc":{"start":{"line":41,"column":39},"end":{"line":45,"column":1}},"line":41},"2":{"name":"(anonymous_2)","decl":{"start":{"line":51,"column":13},"end":{"line":51,"column":14}},"loc":{"start":{"line":51,"column":33},"end":{"line":56,"column":1}},"line":51},"3":{"name":"(anonymous_3)","decl":{"start":{"line":58,"column":8},"end":{"line":58,"column":9}},"loc":{"start":{"line":58,"column":34},"end":{"line":62,"column":1}},"line":58},"4":{"name":"(anonymous_4)","decl":{"start":{"line":65,"column":8},"end":{"line":65,"column":9}},"loc":{"start":{"line":65,"column":41},"end":{"line":70,"column":1}},"line":65},"5":{"name":"(anonymous_5)","decl":{"start":{"line":71,"column":29},"end":{"line":71,"column":30}},"loc":{"start":{"line":71,"column":41},"end":{"line":73,"column":1}},"line":71}},"branchMap":{"0":{"loc":{"start":{"line":31,"column":46},"end":{"line":31,"column":92}},"type":"cond-expr","locations":[{"start":{"line":31,"column":70},"end":{"line":31,"column":73}},{"start":{"line":31,"column":76},"end":{"line":31,"column":92}}],"line":31},"1":{"loc":{"start":{"line":31,"column":46},"end":{"line":31,"column":67}},"type":"binary-expr","locations":[{"start":{"line":31,"column":46},"end":{"line":31,"column":49}},{"start":{"line":31,"column":53},"end":{"line":31,"column":67}}],"line":31},"2":{"loc":{"start":{"line":66,"column":13},"end":{"line":66,"column":32}},"type":"binary-expr","locations":[{"start":{"line":66,"column":13},"end":{"line":66,"column":25}},{"start":{"line":66,"column":29},"end":{"line":66,"column":32}}],"line":66}},"s":{"0":1,"1":1,"2":1,"3":1,"4":1,"5":1,"6":1,"7":1,"8":1,"9":1,"10":1,"11":1,"12":1,"13":6,"14":1,"15":1,"16":1,"17":1,"18":1,"19":1,"20":0,"21":1,"22":1,"23":1,"24":1,"25":0,"26":1,"27":1,"28":1,"29":1,"30":1,"31":1,"32":1,"33":1,"34":1,"35":1},"f":{"0":6,"1":0,"2":0,"3":1,"4":1,"5":1},"b":{"0":[3,3],"1":[6,6],"2":[1,0]},"_coverageSchema":"d34fc3e6b8297bcde183f5492bcb8fcb36775295","hash":"1c6de3749764f38a197d42b322357032495ea4e8","contentHash":"175205d10b01a47c1a3bb1ea1173bb10"},"C:\\Users\\D-SHOW World\\desktop\\projects\\fast food\\dist\\routes\\orders.js":{"path":"C:\\Users\\D-SHOW World\\desktop\\projects\\fast food\\dist\\routes\\orders.js","statementMap":{"0":{"start":{"line":3,"column":0},"end":{"line":5,"column":3}},"1":{"start":{"line":7,"column":15},"end":{"line":7,"column":33}},"2":{"start":{"line":9,"column":14},"end":{"line":9,"column":46}},"3":{"start":{"line":11,"column":15},"end":{"line":11,"column":46}},"4":{"start":{"line":13,"column":14},"end":{"line":13,"column":45}},"5":{"start":{"line":15,"column":15},"end":{"line":15,"column":46}},"6":{"start":{"line":17,"column":17},"end":{"line":17,"column":51}},"7":{"start":{"line":19,"column":18},"end":{"line":19,"column":52}},"8":{"start":{"line":21,"column":12},"end":{"line":21,"column":41}},"9":{"start":{"line":23,"column":13},"end":{"line":23,"column":42}},"10":{"start":{"line":25,"column":39},"end":{"line":25,"column":93}},"11":{"start":{"line":28,"column":13},"end":{"line":28,"column":35}},"12":{"start":{"line":31,"column":0},"end":{"line":31,"column":90}},"13":{"start":{"line":33,"column":0},"end":{"line":33,"column":119}},"14":{"start":{"line":35,"column":0},"end":{"line":35,"column":127}},"15":{"start":{"line":37,"column":0},"end":{"line":37,"column":168}},"16":{"start":{"line":39,"column":0},"end":{"line":39,"column":128}},"17":{"start":{"line":41,"column":0},"end":{"line":41,"column":25}}},"fnMap":{"0":{"name":"_interopRequireDefault","decl":{"start":{"line":25,"column":9},"end":{"line":25,"column":31}},"loc":{"start":{"line":25,"column":37},"end":{"line":25,"column":95}},"line":25}},"branchMap":{"0":{"loc":{"start":{"line":25,"column":46},"end":{"line":25,"column":92}},"type":"cond-expr","locations":[{"start":{"line":25,"column":70},"end":{"line":25,"column":73}},{"start":{"line":25,"column":76},"end":{"line":25,"column":92}}],"line":25},"1":{"loc":{"start":{"line":25,"column":46},"end":{"line":25,"column":67}},"type":"binary-expr","locations":[{"start":{"line":25,"column":46},"end":{"line":25,"column":49}},{"start":{"line":25,"column":53},"end":{"line":25,"column":67}}],"line":25}},"s":{"0":1,"1":1,"2":1,"3":1,"4":1,"5":1,"6":1,"7":1,"8":1,"9":1,"10":4,"11":1,"12":1,"13":1,"14":1,"15":1,"16":1,"17":1},"f":{"0":4},"b":{"0":[4,0],"1":[4,4]},"_coverageSchema":"d34fc3e6b8297bcde183f5492bcb8fcb36775295","hash":"be57e965252b9cc4dde8e059e49d3c3902c82ba4","contentHash":"40fd8160abb5d58d1c2901bc490dbc0a"},"C:\\Users\\D-SHOW World\\desktop\\projects\\fast food\\dist\\controllers\\orders.js":{"path":"C:\\Users\\D-SHOW World\\desktop\\projects\\fast food\\dist\\controllers\\orders.js","statementMap":{"0":{"start":{"line":3,"column":0},"end":{"line":5,"column":3}},"1":{"start":{"line":7,"column":19},"end":{"line":7,"column":563}},"2":{"start":{"line":7,"column":76},"end":{"line":7,"column":347}},"3":{"start":{"line":7,"column":134},"end":{"line":7,"column":142}},"4":{"start":{"line":7,"column":144},"end":{"line":7,"column":199}},"5":{"start":{"line":7,"column":200},"end":{"line":7,"column":231}},"6":{"start":{"line":7,"column":232},"end":{"line":7,"column":286}},"7":{"start":{"line":7,"column":259},"end":{"line":7,"column":286}},"8":{"start":{"line":7,"column":287},"end":{"line":7,"column":345}},"9":{"start":{"line":7,"column":350},"end":{"line":7,"column":559}},"10":{"start":{"line":7,"column":407},"end":{"line":7,"column":475}},"11":{"start":{"line":7,"column":423},"end":{"line":7,"column":475}},"12":{"start":{"line":7,"column":476},"end":{"line":7,"column":536}},"13":{"start":{"line":7,"column":493},"end":{"line":7,"column":536}},"14":{"start":{"line":7,"column":537},"end":{"line":7,"column":556}},"15":{"start":{"line":9,"column":13},"end":{"line":9,"column":35}},"16":{"start":{"line":11,"column":14},"end":{"line":11,"column":44}},"17":{"start":{"line":13,"column":39},"end":{"line":13,"column":93}},"18":{"start":{"line":15,"column":50},"end":{"line":15,"column":151}},"19":{"start":{"line":15,"column":92},"end":{"line":15,"column":149}},"20":{"start":{"line":18,"column":22},"end":{"line":129,"column":3}},"21":{"start":{"line":20,"column":4},"end":{"line":20,"column":43}},"22":{"start":{"line":23,"column":2},"end":{"line":126,"column":6}},"23":{"start":{"line":26,"column":6},"end":{"line":34,"column":9}},"24":{"start":{"line":27,"column":8},"end":{"line":29,"column":9}},"25":{"start":{"line":28,"column":10},"end":{"line":28,"column":27}},"26":{"start":{"line":30,"column":8},"end":{"line":33,"column":11}},"27":{"start":{"line":39,"column":15},"end":{"line":39,"column":28}},"28":{"start":{"line":41,"column":6},"end":{"line":54,"column":9}},"29":{"start":{"line":42,"column":8},"end":{"line":44,"column":9}},"30":{"start":{"line":43,"column":10},"end":{"line":43,"column":27}},"31":{"start":{"line":45,"column":8},"end":{"line":50,"column":9}},"32":{"start":{"line":46,"column":10},"end":{"line":49,"column":13}},"33":{"start":{"line":51,"column":8},"end":{"line":53,"column":11}},"34":{"start":{"line":59,"column":15},"end":{"line":59,"column":28}},"35":{"start":{"line":61,"column":6},"end":{"line":74,"column":9}},"36":{"start":{"line":62,"column":8},"end":{"line":64,"column":9}},"37":{"start":{"line":63,"column":10},"end":{"line":63,"column":27}},"38":{"start":{"line":65,"column":8},"end":{"line":70,"column":9}},"39":{"start":{"line":66,"column":10},"end":{"line":69,"column":13}},"40":{"start":{"line":71,"column":8},"end":{"line":73,"column":11}},"41":{"start":{"line":79,"column":21},"end":{"line":79,"column":49}},"42":{"start":{"line":80,"column":17},"end":{"line":80,"column":41}},"43":{"start":{"line":81,"column":18},"end":{"line":81,"column":43}},"44":{"start":{"line":82,"column":19},"end":{"line":82,"column":37}},"45":{"start":{"line":83,"column":23},"end":{"line":83,"column":24}},"46":{"start":{"line":84,"column":6},"end":{"line":86,"column":7}},"47":{"start":{"line":85,"column":8},"end":{"line":85,"column":61}},"48":{"start":{"line":87,"column":6},"end":{"line":87,"column":25}},"49":{"start":{"line":88,"column":6},"end":{"line":102,"column":9}},"50":{"start":{"line":89,"column":8},"end":{"line":91,"column":9}},"51":{"start":{"line":90,"column":10},"end":{"line":90,"column":27}},"52":{"start":{"line":92,"column":8},"end":{"line":101,"column":11}},"53":{"start":{"line":107,"column":6},"end":{"line":111,"column":7}},"54":{"start":{"line":108,"column":8},"end":{"line":110,"column":11}},"55":{"start":{"line":112,"column":19},"end":{"line":112,"column":34}},"56":{"start":{"line":113,"column":15},"end":{"line":113,"column":28}},"57":{"start":{"line":115,"column":6},"end":{"line":124,"column":9}},"58":{"start":{"line":116,"column":8},"end":{"line":120,"column":9}},"59":{"start":{"line":117,"column":10},"end":{"line":119,"column":13}},"60":{"start":{"line":121,"column":8},"end":{"line":123,"column":11}},"61":{"start":{"line":128,"column":2},"end":{"line":128,"column":25}},"62":{"start":{"line":131,"column":22},"end":{"line":131,"column":43}},"63":{"start":{"line":132,"column":0},"end":{"line":132,"column":34}}},"fnMap":{"0":{"name":"(anonymous_0)","decl":{"start":{"line":7,"column":19},"end":{"line":7,"column":20}},"loc":{"start":{"line":7,"column":31},"end":{"line":7,"column":561}},"line":7},"1":{"name":"defineProperties","decl":{"start":{"line":7,"column":42},"end":{"line":7,"column":58}},"loc":{"start":{"line":7,"column":74},"end":{"line":7,"column":349}},"line":7},"2":{"name":"(anonymous_2)","decl":{"start":{"line":7,"column":357},"end":{"line":7,"column":358}},"loc":{"start":{"line":7,"column":405},"end":{"line":7,"column":558}},"line":7},"3":{"name":"_interopRequireDefault","decl":{"start":{"line":13,"column":9},"end":{"line":13,"column":31}},"loc":{"start":{"line":13,"column":37},"end":{"line":13,"column":95}},"line":13},"4":{"name":"_classCallCheck","decl":{"start":{"line":15,"column":9},"end":{"line":15,"column":24}},"loc":{"start":{"line":15,"column":48},"end":{"line":15,"column":153}},"line":15},"5":{"name":"(anonymous_5)","decl":{"start":{"line":18,"column":22},"end":{"line":18,"column":23}},"loc":{"start":{"line":18,"column":34},"end":{"line":129,"column":1}},"line":18},"6":{"name":"OrderController","decl":{"start":{"line":19,"column":11},"end":{"line":19,"column":26}},"loc":{"start":{"line":19,"column":29},"end":{"line":21,"column":3}},"line":19},"7":{"name":"getAllOrder","decl":{"start":{"line":25,"column":20},"end":{"line":25,"column":31}},"loc":{"start":{"line":25,"column":48},"end":{"line":35,"column":5}},"line":25},"8":{"name":"(anonymous_8)","decl":{"start":{"line":26,"column":52},"end":{"line":26,"column":53}},"loc":{"start":{"line":26,"column":73},"end":{"line":34,"column":7}},"line":26},"9":{"name":"getOrder","decl":{"start":{"line":38,"column":20},"end":{"line":38,"column":28}},"loc":{"start":{"line":38,"column":45},"end":{"line":55,"column":5}},"line":38},"10":{"name":"(anonymous_10)","decl":{"start":{"line":41,"column":70},"end":{"line":41,"column":71}},"loc":{"start":{"line":41,"column":91},"end":{"line":54,"column":7}},"line":41},"11":{"name":"getUserOrder","decl":{"start":{"line":58,"column":20},"end":{"line":58,"column":32}},"loc":{"start":{"line":58,"column":49},"end":{"line":75,"column":5}},"line":58},"12":{"name":"(anonymous_12)","decl":{"start":{"line":61,"column":75},"end":{"line":61,"column":76}},"loc":{"start":{"line":61,"column":96},"end":{"line":74,"column":7}},"line":61},"13":{"name":"postOrder","decl":{"start":{"line":78,"column":20},"end":{"line":78,"column":29}},"loc":{"start":{"line":78,"column":46},"end":{"line":103,"column":5}},"line":78},"14":{"name":"(anonymous_14)","decl":{"start":{"line":88,"column":167},"end":{"line":88,"column":168}},"loc":{"start":{"line":88,"column":182},"end":{"line":102,"column":7}},"line":88},"15":{"name":"updateOrderStatus","decl":{"start":{"line":106,"column":20},"end":{"line":106,"column":37}},"loc":{"start":{"line":106,"column":54},"end":{"line":125,"column":5}},"line":106},"16":{"name":"(anonymous_16)","decl":{"start":{"line":115,"column":99},"end":{"line":115,"column":100}},"loc":{"start":{"line":115,"column":114},"end":{"line":124,"column":7}},"line":115}},"branchMap":{"0":{"loc":{"start":{"line":7,"column":168},"end":{"line":7,"column":198}},"type":"binary-expr","locations":[{"start":{"line":7,"column":168},"end":{"line":7,"column":189}},{"start":{"line":7,"column":193},"end":{"line":7,"column":198}}],"line":7},"1":{"loc":{"start":{"line":7,"column":232},"end":{"line":7,"column":286}},"type":"if","locations":[{"start":{"line":7,"column":232},"end":{"line":7,"column":286}},{"start":{"line":7,"column":232},"end":{"line":7,"column":286}}],"line":7},"2":{"loc":{"start":{"line":7,"column":407},"end":{"line":7,"column":475}},"type":"if","locations":[{"start":{"line":7,"column":407},"end":{"line":7,"column":475}},{"start":{"line":7,"column":407},"end":{"line":7,"column":475}}],"line":7},"3":{"loc":{"start":{"line":7,"column":476},"end":{"line":7,"column":536}},"type":"if","locations":[{"start":{"line":7,"column":476},"end":{"line":7,"column":536}},{"start":{"line":7,"column":476},"end":{"line":7,"column":536}}],"line":7},"4":{"loc":{"start":{"line":13,"column":46},"end":{"line":13,"column":92}},"type":"cond-expr","locations":[{"start":{"line":13,"column":70},"end":{"line":13,"column":73}},{"start":{"line":13,"column":76},"end":{"line":13,"column":92}}],"line":13},"5":{"loc":{"start":{"line":13,"column":46},"end":{"line":13,"column":67}},"type":"binary-expr","locations":[{"start":{"line":13,"column":46},"end":{"line":13,"column":49}},{"start":{"line":13,"column":53},"end":{"line":13,"column":67}}],"line":13},"6":{"loc":{"start":{"line":15,"column":50},"end":{"line":15,"column":151}},"type":"if","locations":[{"start":{"line":15,"column":50},"end":{"line":15,"column":151}},{"start":{"line":15,"column":50},"end":{"line":15,"column":151}}],"line":15},"7":{"loc":{"start":{"line":27,"column":8},"end":{"line":29,"column":9}},"type":"if","locations":[{"start":{"line":27,"column":8},"end":{"line":29,"column":9}},{"start":{"line":27,"column":8},"end":{"line":29,"column":9}}],"line":27},"8":{"loc":{"start":{"line":42,"column":8},"end":{"line":44,"column":9}},"type":"if","locations":[{"start":{"line":42,"column":8},"end":{"line":44,"column":9}},{"start":{"line":42,"column":8},"end":{"line":44,"column":9}}],"line":42},"9":{"loc":{"start":{"line":45,"column":8},"end":{"line":50,"column":9}},"type":"if","locations":[{"start":{"line":45,"column":8},"end":{"line":50,"column":9}},{"start":{"line":45,"column":8},"end":{"line":50,"column":9}}],"line":45},"10":{"loc":{"start":{"line":62,"column":8},"end":{"line":64,"column":9}},"type":"if","locations":[{"start":{"line":62,"column":8},"end":{"line":64,"column":9}},{"start":{"line":62,"column":8},"end":{"line":64,"column":9}}],"line":62},"11":{"loc":{"start":{"line":65,"column":8},"end":{"line":70,"column":9}},"type":"if","locations":[{"start":{"line":65,"column":8},"end":{"line":70,"column":9}},{"start":{"line":65,"column":8},"end":{"line":70,"column":9}}],"line":65},"12":{"loc":{"start":{"line":89,"column":8},"end":{"line":91,"column":9}},"type":"if","locations":[{"start":{"line":89,"column":8},"end":{"line":91,"column":9}},{"start":{"line":89,"column":8},"end":{"line":91,"column":9}}],"line":89},"13":{"loc":{"start":{"line":107,"column":6},"end":{"line":111,"column":7}},"type":"if","locations":[{"start":{"line":107,"column":6},"end":{"line":111,"column":7}},{"start":{"line":107,"column":6},"end":{"line":111,"column":7}}],"line":107},"14":{"loc":{"start":{"line":107,"column":10},"end":{"line":107,"column":63}},"type":"binary-expr","locations":[{"start":{"line":107,"column":10},"end":{"line":107,"column":26}},{"start":{"line":107,"column":30},"end":{"line":107,"column":63}}],"line":107},"15":{"loc":{"start":{"line":116,"column":8},"end":{"line":120,"column":9}},"type":"if","locations":[{"start":{"line":116,"column":8},"end":{"line":120,"column":9}},{"start":{"line":116,"column":8},"end":{"line":120,"column":9}}],"line":116}},"s":{"0":1,"1":1,"2":1,"3":5,"4":5,"5":5,"6":5,"7":5,"8":5,"9":1,"10":1,"11":1,"12":1,"13":0,"14":1,"15":1,"16":1,"17":1,"18":1,"19":0,"20":1,"21":1,"22":1,"23":1,"24":1,"25":0,"26":1,"27":2,"28":2,"29":2,"30":0,"31":2,"32":1,"33":1,"34":1,"35":1,"36":1,"37":0,"38":1,"39":1,"40":0,"41":1,"42":1,"43":1,"44":1,"45":1,"46":1,"47":1,"48":1,"49":1,"50":1,"51":0,"52":1,"53":1,"54":0,"55":1,"56":1,"57":1,"58":1,"59":0,"60":1,"61":1,"62":1,"63":1},"f":{"0":1,"1":1,"2":1,"3":1,"4":1,"5":1,"6":1,"7":1,"8":1,"9":2,"10":2,"11":1,"12":1,"13":1,"14":1,"15":1,"16":1},"b":{"0":[5,5],"1":[5,0],"2":[1,0],"3":[0,1],"4":[0,1],"5":[1,1],"6":[0,1],"7":[0,1],"8":[0,2],"9":[1,1],"10":[0,1],"11":[1,0],"12":[0,1],"13":[0,1],"14":[1,1],"15":[0,1]},"_coverageSchema":"d34fc3e6b8297bcde183f5492bcb8fcb36775295","hash":"2c472360fbe5b78610607929706d4d414b4395ca","contentHash":"35da2f1fffa63786d38e9813d1501983"},"C:\\Users\\D-SHOW World\\desktop\\projects\\fast food\\dist\\db\\index.js":{"path":"C:\\Users\\D-SHOW World\\desktop\\projects\\fast food\\dist\\db\\index.js","statementMap":{"0":{"start":{"line":3,"column":10},"end":{"line":3,"column":23}},"1":{"start":{"line":5,"column":14},"end":{"line":5,"column":31}},"2":{"start":{"line":7,"column":15},"end":{"line":7,"column":46}},"3":{"start":{"line":9,"column":39},"end":{"line":9,"column":93}},"4":{"start":{"line":11,"column":0},"end":{"line":11,"column":26}},"5":{"start":{"line":13,"column":11},"end":{"line":13,"column":25}},"6":{"start":{"line":16,"column":0},"end":{"line":20,"column":2}},"7":{"start":{"line":18,"column":4},"end":{"line":18,"column":39}}},"fnMap":{"0":{"name":"_interopRequireDefault","decl":{"start":{"line":9,"column":9},"end":{"line":9,"column":31}},"loc":{"start":{"line":9,"column":37},"end":{"line":9,"column":95}},"line":9},"1":{"name":"query","decl":{"start":{"line":17,"column":18},"end":{"line":17,"column":23}},"loc":{"start":{"line":17,"column":48},"end":{"line":19,"column":3}},"line":17}},"branchMap":{"0":{"loc":{"start":{"line":9,"column":46},"end":{"line":9,"column":92}},"type":"cond-expr","locations":[{"start":{"line":9,"column":70},"end":{"line":9,"column":73}},{"start":{"line":9,"column":76},"end":{"line":9,"column":92}}],"line":9},"1":{"loc":{"start":{"line":9,"column":46},"end":{"line":9,"column":67}},"type":"binary-expr","locations":[{"start":{"line":9,"column":46},"end":{"line":9,"column":49}},{"start":{"line":9,"column":53},"end":{"line":9,"column":67}}],"line":9}},"s":{"0":1,"1":1,"2":1,"3":1,"4":1,"5":1,"6":1,"7":42},"f":{"0":1,"1":42},"b":{"0":[0,1],"1":[1,1]},"_coverageSchema":"d34fc3e6b8297bcde183f5492bcb8fcb36775295","hash":"adeef0f9f1de4a031c9e2b01237bf0486012733a","contentHash":"7eb73acb083952f1f7de9488bff92470"},"C:\\Users\\D-SHOW World\\desktop\\projects\\fast food\\dist\\middleware\\shared.js":{"path":"C:\\Users\\D-SHOW World\\desktop\\projects\\fast food\\dist\\middleware\\shared.js","statementMap":{"0":{"start":{"line":3,"column":0},"end":{"line":5,"column":3}},"1":{"start":{"line":6,"column":0},"end":{"line":70,"column":2}},"2":{"start":{"line":8,"column":4},"end":{"line":13,"column":5}},"3":{"start":{"line":9,"column":6},"end":{"line":12,"column":9}},"4":{"start":{"line":13,"column":5},"end":{"line":18,"column":5}},"5":{"start":{"line":14,"column":6},"end":{"line":17,"column":9}},"6":{"start":{"line":19,"column":4},"end":{"line":19,"column":11}},"7":{"start":{"line":22,"column":4},"end":{"line":27,"column":5}},"8":{"start":{"line":23,"column":6},"end":{"line":26,"column":9}},"9":{"start":{"line":27,"column":5},"end":{"line":32,"column":5}},"10":{"start":{"line":28,"column":6},"end":{"line":31,"column":9}},"11":{"start":{"line":32,"column":5},"end":{"line":37,"column":5}},"12":{"start":{"line":33,"column":6},"end":{"line":36,"column":9}},"13":{"start":{"line":38,"column":4},"end":{"line":38,"column":11}},"14":{"start":{"line":41,"column":20},"end":{"line":41,"column":51}},"15":{"start":{"line":42,"column":19},"end":{"line":42,"column":54}},"16":{"start":{"line":43,"column":16},"end":{"line":43,"column":48}},"17":{"start":{"line":44,"column":4},"end":{"line":50,"column":5}},"18":{"start":{"line":46,"column":6},"end":{"line":49,"column":9}},"19":{"start":{"line":50,"column":5},"end":{"line":55,"column":5}},"20":{"start":{"line":51,"column":6},"end":{"line":54,"column":9}},"21":{"start":{"line":55,"column":5},"end":{"line":60,"column":5}},"22":{"start":{"line":56,"column":6},"end":{"line":59,"column":9}},"23":{"start":{"line":61,"column":4},"end":{"line":61,"column":11}},"24":{"start":{"line":64,"column":4},"end":{"line":67,"column":5}},"25":{"start":{"line":66,"column":6},"end":{"line":66,"column":79}},"26":{"start":{"line":68,"column":4},"end":{"line":68,"column":73}}},"fnMap":{"0":{"name":"verifyBody","decl":{"start":{"line":7,"column":23},"end":{"line":7,"column":33}},"loc":{"start":{"line":7,"column":50},"end":{"line":20,"column":3}},"line":7},"1":{"name":"verifyBodyandQuantity","decl":{"start":{"line":21,"column":34},"end":{"line":21,"column":55}},"loc":{"start":{"line":21,"column":72},"end":{"line":39,"column":3}},"line":21},"2":{"name":"verifyLenghtOfVariables","decl":{"start":{"line":40,"column":36},"end":{"line":40,"column":59}},"loc":{"start":{"line":40,"column":76},"end":{"line":62,"column":3}},"line":40},"3":{"name":"imagePicker","decl":{"start":{"line":63,"column":24},"end":{"line":63,"column":35}},"loc":{"start":{"line":63,"column":41},"end":{"line":69,"column":3}},"line":63}},"branchMap":{"0":{"loc":{"start":{"line":8,"column":4},"end":{"line":13,"column":5}},"type":"if","locations":[{"start":{"line":8,"column":4},"end":{"line":13,"column":5}},{"start":{"line":8,"column":4},"end":{"line":13,"column":5}}],"line":8},"1":{"loc":{"start":{"line":8,"column":8},"end":{"line":8,"column":57}},"type":"binary-expr","locations":[{"start":{"line":8,"column":8},"end":{"line":8,"column":22}},{"start":{"line":8,"column":26},"end":{"line":8,"column":57}}],"line":8},"2":{"loc":{"start":{"line":13,"column":5},"end":{"line":18,"column":5}},"type":"if","locations":[{"start":{"line":13,"column":5},"end":{"line":18,"column":5}},{"start":{"line":13,"column":5},"end":{"line":18,"column":5}}],"line":13},"3":{"loc":{"start":{"line":22,"column":4},"end":{"line":27,"column":5}},"type":"if","locations":[{"start":{"line":22,"column":4},"end":{"line":27,"column":5}},{"start":{"line":22,"column":4},"end":{"line":27,"column":5}}],"line":22},"4":{"loc":{"start":{"line":22,"column":8},"end":{"line":22,"column":57}},"type":"binary-expr","locations":[{"start":{"line":22,"column":8},"end":{"line":22,"column":22}},{"start":{"line":22,"column":26},"end":{"line":22,"column":57}}],"line":22},"5":{"loc":{"start":{"line":27,"column":5},"end":{"line":32,"column":5}},"type":"if","locations":[{"start":{"line":27,"column":5},"end":{"line":32,"column":5}},{"start":{"line":27,"column":5},"end":{"line":32,"column":5}}],"line":27},"6":{"loc":{"start":{"line":27,"column":9},"end":{"line":27,"column":60}},"type":"binary-expr","locations":[{"start":{"line":27,"column":9},"end":{"line":27,"column":24}},{"start":{"line":27,"column":28},"end":{"line":27,"column":60}}],"line":27},"7":{"loc":{"start":{"line":32,"column":5},"end":{"line":37,"column":5}},"type":"if","locations":[{"start":{"line":32,"column":5},"end":{"line":37,"column":5}},{"start":{"line":32,"column":5},"end":{"line":37,"column":5}}],"line":32},"8":{"loc":{"start":{"line":32,"column":9},"end":{"line":32,"column":66}},"type":"binary-expr","locations":[{"start":{"line":32,"column":9},"end":{"line":32,"column":27}},{"start":{"line":32,"column":31},"end":{"line":32,"column":66}}],"line":32},"9":{"loc":{"start":{"line":44,"column":4},"end":{"line":50,"column":5}},"type":"if","locations":[{"start":{"line":44,"column":4},"end":{"line":50,"column":5}},{"start":{"line":44,"column":4},"end":{"line":50,"column":5}}],"line":44},"10":{"loc":{"start":{"line":50,"column":5},"end":{"line":55,"column":5}},"type":"if","locations":[{"start":{"line":50,"column":5},"end":{"line":55,"column":5}},{"start":{"line":50,"column":5},"end":{"line":55,"column":5}}],"line":50},"11":{"loc":{"start":{"line":55,"column":5},"end":{"line":60,"column":5}},"type":"if","locations":[{"start":{"line":55,"column":5},"end":{"line":60,"column":5}},{"start":{"line":55,"column":5},"end":{"line":60,"column":5}}],"line":55},"12":{"loc":{"start":{"line":64,"column":4},"end":{"line":67,"column":5}},"type":"if","locations":[{"start":{"line":64,"column":4},"end":{"line":67,"column":5}},{"start":{"line":64,"column":4},"end":{"line":67,"column":5}}],"line":64}},"s":{"0":1,"1":1,"2":7,"3":2,"4":5,"5":2,"6":3,"7":1,"8":0,"9":1,"10":0,"11":1,"12":0,"13":1,"14":1,"15":1,"16":1,"17":1,"18":0,"19":1,"20":0,"21":1,"22":0,"23":1,"24":2,"25":2,"26":0},"f":{"0":7,"1":1,"2":1,"3":2},"b":{"0":[2,5],"1":[7,6],"2":[2,3],"3":[0,1],"4":[1,1],"5":[0,1],"6":[1,1],"7":[0,1],"8":[1,1],"9":[0,1],"10":[0,1],"11":[0,1],"12":[2,0]},"_coverageSchema":"d34fc3e6b8297bcde183f5492bcb8fcb36775295","hash":"9fadc111f9357122c81f62e25afafb78bab3f371","contentHash":"ccd4efc294dfc9c51e5621c19b722333"},"C:\\Users\\D-SHOW World\\desktop\\projects\\fast food\\dist\\middleware\\checkAuth.js":{"path":"C:\\Users\\D-SHOW World\\desktop\\projects\\fast food\\dist\\middleware\\checkAuth.js","statementMap":{"0":{"start":{"line":3,"column":0},"end":{"line":5,"column":3}},"1":{"start":{"line":7,"column":20},"end":{"line":7,"column":43}},"2":{"start":{"line":9,"column":21},"end":{"line":9,"column":58}},"3":{"start":{"line":11,"column":13},"end":{"line":11,"column":35}},"4":{"start":{"line":13,"column":14},"end":{"line":13,"column":44}},"5":{"start":{"line":15,"column":39},"end":{"line":15,"column":93}},"6":{"start":{"line":17,"column":0},"end":{"line":88,"column":2}},"7":{"start":{"line":19,"column":4},"end":{"line":33,"column":5}},"8":{"start":{"line":20,"column":18},"end":{"line":20,"column":57}},"9":{"start":{"line":21,"column":20},"end":{"line":21,"column":77}},"10":{"start":{"line":22,"column":6},"end":{"line":22,"column":28}},"11":{"start":{"line":23,"column":6},"end":{"line":23,"column":20}},"12":{"start":{"line":25,"column":6},"end":{"line":29,"column":7}},"13":{"start":{"line":26,"column":8},"end":{"line":28,"column":11}},"14":{"start":{"line":30,"column":6},"end":{"line":32,"column":9}},"15":{"start":{"line":37,"column":4},"end":{"line":63,"column":5}},"16":{"start":{"line":38,"column":18},"end":{"line":38,"column":57}},"17":{"start":{"line":39,"column":20},"end":{"line":39,"column":77}},"18":{"start":{"line":40,"column":6},"end":{"line":40,"column":28}},"19":{"start":{"line":41,"column":6},"end":{"line":53,"column":9}},"20":{"start":{"line":42,"column":8},"end":{"line":44,"column":9}},"21":{"start":{"line":43,"column":10},"end":{"line":43,"column":27}},"22":{"start":{"line":45,"column":8},"end":{"line":52,"column":9}},"23":{"start":{"line":46,"column":10},"end":{"line":48,"column":11}},"24":{"start":{"line":47,"column":12},"end":{"line":47,"column":26}},"25":{"start":{"line":49,"column":10},"end":{"line":51,"column":13}},"26":{"start":{"line":55,"column":6},"end":{"line":59,"column":7}},"27":{"start":{"line":56,"column":8},"end":{"line":58,"column":11}},"28":{"start":{"line":60,"column":6},"end":{"line":62,"column":9}},"29":{"start":{"line":67,"column":4},"end":{"line":86,"column":5}},"30":{"start":{"line":68,"column":18},"end":{"line":68,"column":57}},"31":{"start":{"line":69,"column":20},"end":{"line":69,"column":77}},"32":{"start":{"line":70,"column":6},"end":{"line":70,"column":28}},"33":{"start":{"line":71,"column":6},"end":{"line":75,"column":7}},"34":{"start":{"line":72,"column":8},"end":{"line":74,"column":11}},"35":{"start":{"line":76,"column":6},"end":{"line":76,"column":20}},"36":{"start":{"line":78,"column":6},"end":{"line":82,"column":7}},"37":{"start":{"line":79,"column":8},"end":{"line":81,"column":11}},"38":{"start":{"line":83,"column":6},"end":{"line":85,"column":9}}},"fnMap":{"0":{"name":"_interopRequireDefault","decl":{"start":{"line":15,"column":9},"end":{"line":15,"column":31}},"loc":{"start":{"line":15,"column":37},"end":{"line":15,"column":95}},"line":15},"1":{"name":"verifyToken","decl":{"start":{"line":18,"column":24},"end":{"line":18,"column":35}},"loc":{"start":{"line":18,"column":52},"end":{"line":34,"column":3}},"line":18},"2":{"name":"verifyAdminToken","decl":{"start":{"line":36,"column":29},"end":{"line":36,"column":45}},"loc":{"start":{"line":36,"column":62},"end":{"line":64,"column":3}},"line":36},"3":{"name":"(anonymous_3)","decl":{"start":{"line":41,"column":83},"end":{"line":41,"column":84}},"loc":{"start":{"line":41,"column":104},"end":{"line":53,"column":7}},"line":41},"4":{"name":"isUserResource","decl":{"start":{"line":66,"column":27},"end":{"line":66,"column":41}},"loc":{"start":{"line":66,"column":58},"end":{"line":87,"column":3}},"line":66}},"branchMap":{"0":{"loc":{"start":{"line":15,"column":46},"end":{"line":15,"column":92}},"type":"cond-expr","locations":[{"start":{"line":15,"column":70},"end":{"line":15,"column":73}},{"start":{"line":15,"column":76},"end":{"line":15,"column":92}}],"line":15},"1":{"loc":{"start":{"line":15,"column":46},"end":{"line":15,"column":67}},"type":"binary-expr","locations":[{"start":{"line":15,"column":46},"end":{"line":15,"column":49}},{"start":{"line":15,"column":53},"end":{"line":15,"column":67}}],"line":15},"2":{"loc":{"start":{"line":25,"column":6},"end":{"line":29,"column":7}},"type":"if","locations":[{"start":{"line":25,"column":6},"end":{"line":29,"column":7}},{"start":{"line":25,"column":6},"end":{"line":29,"column":7}}],"line":25},"3":{"loc":{"start":{"line":42,"column":8},"end":{"line":44,"column":9}},"type":"if","locations":[{"start":{"line":42,"column":8},"end":{"line":44,"column":9}},{"start":{"line":42,"column":8},"end":{"line":44,"column":9}}],"line":42},"4":{"loc":{"start":{"line":45,"column":8},"end":{"line":52,"column":9}},"type":"if","locations":[{"start":{"line":45,"column":8},"end":{"line":52,"column":9}},{"start":{"line":45,"column":8},"end":{"line":52,"column":9}}],"line":45},"5":{"loc":{"start":{"line":46,"column":10},"end":{"line":48,"column":11}},"type":"if","locations":[{"start":{"line":46,"column":10},"end":{"line":48,"column":11}},{"start":{"line":46,"column":10},"end":{"line":48,"column":11}}],"line":46},"6":{"loc":{"start":{"line":55,"column":6},"end":{"line":59,"column":7}},"type":"if","locations":[{"start":{"line":55,"column":6},"end":{"line":59,"column":7}},{"start":{"line":55,"column":6},"end":{"line":59,"column":7}}],"line":55},"7":{"loc":{"start":{"line":71,"column":6},"end":{"line":75,"column":7}},"type":"if","locations":[{"start":{"line":71,"column":6},"end":{"line":75,"column":7}},{"start":{"line":71,"column":6},"end":{"line":75,"column":7}}],"line":71},"8":{"loc":{"start":{"line":78,"column":6},"end":{"line":82,"column":7}},"type":"if","locations":[{"start":{"line":78,"column":6},"end":{"line":82,"column":7}},{"start":{"line":78,"column":6},"end":{"line":82,"column":7}}],"line":78}},"s":{"0":1,"1":1,"2":1,"3":1,"4":1,"5":2,"6":1,"7":5,"8":5,"9":5,"10":4,"11":4,"12":1,"13":1,"14":0,"15":18,"16":18,"17":17,"18":16,"19":16,"20":16,"21":0,"22":16,"23":16,"24":16,"25":0,"26":2,"27":1,"28":1,"29":4,"30":4,"31":3,"32":2,"33":2,"34":1,"35":1,"36":2,"37":1,"38":1},"f":{"0":2,"1":5,"2":18,"3":16,"4":4},"b":{"0":[0,2],"1":[2,2],"2":[1,0],"3":[0,16],"4":[16,0],"5":[16,0],"6":[1,1],"7":[1,1],"8":[1,1]},"_coverageSchema":"d34fc3e6b8297bcde183f5492bcb8fcb36775295","hash":"29bf71bc54263b52fb25e60c98391d74bbbcc4be","contentHash":"cf28b4ce36d5aec37696646247a952bd"},"C:\\Users\\D-SHOW World\\desktop\\projects\\fast food\\dist\\middleware\\auth.js":{"path":"C:\\Users\\D-SHOW World\\desktop\\projects\\fast food\\dist\\middleware\\auth.js","statementMap":{"0":{"start":{"line":3,"column":0},"end":{"line":5,"column":3}},"1":{"start":{"line":7,"column":13},"end":{"line":7,"column":35}},"2":{"start":{"line":9,"column":14},"end":{"line":9,"column":44}},"3":{"start":{"line":11,"column":39},"end":{"line":11,"column":93}},"4":{"start":{"line":13,"column":0},"end":{"line":112,"column":2}},"5":{"start":{"line":15,"column":4},"end":{"line":19,"column":5}},"6":{"start":{"line":16,"column":6},"end":{"line":18,"column":9}},"7":{"start":{"line":19,"column":5},"end":{"line":23,"column":5}},"8":{"start":{"line":20,"column":6},"end":{"line":22,"column":9}},"9":{"start":{"line":23,"column":5},"end":{"line":27,"column":5}},"10":{"start":{"line":24,"column":6},"end":{"line":26,"column":9}},"11":{"start":{"line":27,"column":5},"end":{"line":31,"column":5}},"12":{"start":{"line":28,"column":6},"end":{"line":30,"column":9}},"13":{"start":{"line":32,"column":4},"end":{"line":32,"column":11}},"14":{"start":{"line":35,"column":13},"end":{"line":35,"column":27}},"15":{"start":{"line":36,"column":16},"end":{"line":36,"column":46}},"16":{"start":{"line":37,"column":4},"end":{"line":41,"column":5}},"17":{"start":{"line":38,"column":6},"end":{"line":40,"column":9}},"18":{"start":{"line":42,"column":4},"end":{"line":42,"column":11}},"19":{"start":{"line":45,"column":4},"end":{"line":49,"column":5}},"20":{"start":{"line":46,"column":6},"end":{"line":48,"column":9}},"21":{"start":{"line":49,"column":5},"end":{"line":53,"column":5}},"22":{"start":{"line":50,"column":6},"end":{"line":52,"column":9}},"23":{"start":{"line":54,"column":4},"end":{"line":54,"column":11}},"24":{"start":{"line":57,"column":4},"end":{"line":69,"column":7}},"25":{"start":{"line":58,"column":6},"end":{"line":60,"column":7}},"26":{"start":{"line":59,"column":8},"end":{"line":59,"column":25}},"27":{"start":{"line":61,"column":6},"end":{"line":67,"column":7}},"28":{"start":{"line":62,"column":8},"end":{"line":66,"column":9}},"29":{"start":{"line":63,"column":10},"end":{"line":65,"column":13}},"30":{"start":{"line":68,"column":6},"end":{"line":68,"column":13}},"31":{"start":{"line":72,"column":4},"end":{"line":84,"column":7}},"32":{"start":{"line":73,"column":6},"end":{"line":75,"column":7}},"33":{"start":{"line":74,"column":8},"end":{"line":74,"column":25}},"34":{"start":{"line":76,"column":6},"end":{"line":80,"column":7}},"35":{"start":{"line":77,"column":8},"end":{"line":79,"column":9}},"36":{"start":{"line":78,"column":10},"end":{"line":78,"column":24}},"37":{"start":{"line":81,"column":6},"end":{"line":83,"column":9}},"38":{"start":{"line":87,"column":4},"end":{"line":91,"column":5}},"39":{"start":{"line":88,"column":6},"end":{"line":90,"column":9}},"40":{"start":{"line":92,"column":4},"end":{"line":92,"column":18}},"41":{"start":{"line":95,"column":4},"end":{"line":99,"column":5}},"42":{"start":{"line":96,"column":6},"end":{"line":98,"column":9}},"43":{"start":{"line":100,"column":4},"end":{"line":104,"column":5}},"44":{"start":{"line":101,"column":6},"end":{"line":103,"column":9}},"45":{"start":{"line":105,"column":4},"end":{"line":109,"column":5}},"46":{"start":{"line":106,"column":6},"end":{"line":108,"column":9}},"47":{"start":{"line":110,"column":4},"end":{"line":110,"column":18}}},"fnMap":{"0":{"name":"_interopRequireDefault","decl":{"start":{"line":11,"column":9},"end":{"line":11,"column":31}},"loc":{"start":{"line":11,"column":37},"end":{"line":11,"column":95}},"line":11},"1":{"name":"verifyBody","decl":{"start":{"line":14,"column":23},"end":{"line":14,"column":33}},"loc":{"start":{"line":14,"column":50},"end":{"line":33,"column":3}},"line":14},"2":{"name":"validate","decl":{"start":{"line":34,"column":21},"end":{"line":34,"column":29}},"loc":{"start":{"line":34,"column":46},"end":{"line":43,"column":3}},"line":34},"3":{"name":"verifySignin","decl":{"start":{"line":44,"column":25},"end":{"line":44,"column":37}},"loc":{"start":{"line":44,"column":54},"end":{"line":55,"column":3}},"line":44},"4":{"name":"isEmailExist","decl":{"start":{"line":56,"column":25},"end":{"line":56,"column":37}},"loc":{"start":{"line":56,"column":54},"end":{"line":70,"column":3}},"line":56},"5":{"name":"(anonymous_5)","decl":{"start":{"line":57,"column":53},"end":{"line":57,"column":54}},"loc":{"start":{"line":57,"column":74},"end":{"line":69,"column":5}},"line":57},"6":{"name":"isEmailInDb","decl":{"start":{"line":71,"column":24},"end":{"line":71,"column":35}},"loc":{"start":{"line":71,"column":52},"end":{"line":85,"column":3}},"line":71},"7":{"name":"(anonymous_7)","decl":{"start":{"line":72,"column":53},"end":{"line":72,"column":54}},"loc":{"start":{"line":72,"column":74},"end":{"line":84,"column":5}},"line":72},"8":{"name":"isValidID","decl":{"start":{"line":86,"column":22},"end":{"line":86,"column":31}},"loc":{"start":{"line":86,"column":48},"end":{"line":93,"column":3}},"line":86},"9":{"name":"confirmPassword","decl":{"start":{"line":94,"column":28},"end":{"line":94,"column":43}},"loc":{"start":{"line":94,"column":60},"end":{"line":111,"column":3}},"line":94}},"branchMap":{"0":{"loc":{"start":{"line":11,"column":46},"end":{"line":11,"column":92}},"type":"cond-expr","locations":[{"start":{"line":11,"column":70},"end":{"line":11,"column":73}},{"start":{"line":11,"column":76},"end":{"line":11,"column":92}}],"line":11},"1":{"loc":{"start":{"line":11,"column":46},"end":{"line":11,"column":67}},"type":"binary-expr","locations":[{"start":{"line":11,"column":46},"end":{"line":11,"column":49}},{"start":{"line":11,"column":53},"end":{"line":11,"column":67}}],"line":11},"2":{"loc":{"start":{"line":15,"column":4},"end":{"line":19,"column":5}},"type":"if","locations":[{"start":{"line":15,"column":4},"end":{"line":19,"column":5}},{"start":{"line":15,"column":4},"end":{"line":19,"column":5}}],"line":15},"3":{"loc":{"start":{"line":15,"column":8},"end":{"line":15,"column":59}},"type":"binary-expr","locations":[{"start":{"line":15,"column":8},"end":{"line":15,"column":23}},{"start":{"line":15,"column":27},"end":{"line":15,"column":59}}],"line":15},"4":{"loc":{"start":{"line":19,"column":5},"end":{"line":23,"column":5}},"type":"if","locations":[{"start":{"line":19,"column":5},"end":{"line":23,"column":5}},{"start":{"line":19,"column":5},"end":{"line":23,"column":5}}],"line":19},"5":{"loc":{"start":{"line":23,"column":5},"end":{"line":27,"column":5}},"type":"if","locations":[{"start":{"line":23,"column":5},"end":{"line":27,"column":5}},{"start":{"line":23,"column":5},"end":{"line":27,"column":5}}],"line":23},"6":{"loc":{"start":{"line":23,"column":9},"end":{"line":23,"column":64}},"type":"binary-expr","locations":[{"start":{"line":23,"column":9},"end":{"line":23,"column":26}},{"start":{"line":23,"column":30},"end":{"line":23,"column":64}}],"line":23},"7":{"loc":{"start":{"line":27,"column":5},"end":{"line":31,"column":5}},"type":"if","locations":[{"start":{"line":27,"column":5},"end":{"line":31,"column":5}},{"start":{"line":27,"column":5},"end":{"line":31,"column":5}}],"line":27},"8":{"loc":{"start":{"line":27,"column":9},"end":{"line":27,"column":58}},"type":"binary-expr","locations":[{"start":{"line":27,"column":9},"end":{"line":27,"column":23}},{"start":{"line":27,"column":27},"end":{"line":27,"column":58}}],"line":27},"9":{"loc":{"start":{"line":37,"column":4},"end":{"line":41,"column":5}},"type":"if","locations":[{"start":{"line":37,"column":4},"end":{"line":41,"column":5}},{"start":{"line":37,"column":4},"end":{"line":41,"column":5}}],"line":37},"10":{"loc":{"start":{"line":45,"column":4},"end":{"line":49,"column":5}},"type":"if","locations":[{"start":{"line":45,"column":4},"end":{"line":49,"column":5}},{"start":{"line":45,"column":4},"end":{"line":49,"column":5}}],"line":45},"11":{"loc":{"start":{"line":45,"column":8},"end":{"line":45,"column":59}},"type":"binary-expr","locations":[{"start":{"line":45,"column":8},"end":{"line":45,"column":23}},{"start":{"line":45,"column":27},"end":{"line":45,"column":59}}],"line":45},"12":{"loc":{"start":{"line":49,"column":5},"end":{"line":53,"column":5}},"type":"if","locations":[{"start":{"line":49,"column":5},"end":{"line":53,"column":5}},{"start":{"line":49,"column":5},"end":{"line":53,"column":5}}],"line":49},"13":{"loc":{"start":{"line":49,"column":9},"end":{"line":49,"column":66}},"type":"binary-expr","locations":[{"start":{"line":49,"column":9},"end":{"line":49,"column":27}},{"start":{"line":49,"column":31},"end":{"line":49,"column":66}}],"line":49},"14":{"loc":{"start":{"line":58,"column":6},"end":{"line":60,"column":7}},"type":"if","locations":[{"start":{"line":58,"column":6},"end":{"line":60,"column":7}},{"start":{"line":58,"column":6},"end":{"line":60,"column":7}}],"line":58},"15":{"loc":{"start":{"line":62,"column":8},"end":{"line":66,"column":9}},"type":"if","locations":[{"start":{"line":62,"column":8},"end":{"line":66,"column":9}},{"start":{"line":62,"column":8},"end":{"line":66,"column":9}}],"line":62},"16":{"loc":{"start":{"line":73,"column":6},"end":{"line":75,"column":7}},"type":"if","locations":[{"start":{"line":73,"column":6},"end":{"line":75,"column":7}},{"start":{"line":73,"column":6},"end":{"line":75,"column":7}}],"line":73},"17":{"loc":{"start":{"line":77,"column":8},"end":{"line":79,"column":9}},"type":"if","locations":[{"start":{"line":77,"column":8},"end":{"line":79,"column":9}},{"start":{"line":77,"column":8},"end":{"line":79,"column":9}}],"line":77},"18":{"loc":{"start":{"line":87,"column":4},"end":{"line":91,"column":5}},"type":"if","locations":[{"start":{"line":87,"column":4},"end":{"line":91,"column":5}},{"start":{"line":87,"column":4},"end":{"line":91,"column":5}}],"line":87},"19":{"loc":{"start":{"line":87,"column":8},"end":{"line":87,"column":60}},"type":"binary-expr","locations":[{"start":{"line":87,"column":8},"end":{"line":87,"column":28}},{"start":{"line":87,"column":32},"end":{"line":87,"column":60}}],"line":87},"20":{"loc":{"start":{"line":95,"column":4},"end":{"line":99,"column":5}},"type":"if","locations":[{"start":{"line":95,"column":4},"end":{"line":99,"column":5}},{"start":{"line":95,"column":4},"end":{"line":99,"column":5}}],"line":95},"21":{"loc":{"start":{"line":95,"column":8},"end":{"line":95,"column":55}},"type":"binary-expr","locations":[{"start":{"line":95,"column":8},"end":{"line":95,"column":26}},{"start":{"line":95,"column":30},"end":{"line":95,"column":55}}],"line":95},"22":{"loc":{"start":{"line":100,"column":4},"end":{"line":104,"column":5}},"type":"if","locations":[{"start":{"line":100,"column":4},"end":{"line":104,"column":5}},{"start":{"line":100,"column":4},"end":{"line":104,"column":5}}],"line":100},"23":{"loc":{"start":{"line":105,"column":4},"end":{"line":109,"column":5}},"type":"if","locations":[{"start":{"line":105,"column":4},"end":{"line":109,"column":5}},{"start":{"line":105,"column":4},"end":{"line":109,"column":5}}],"line":105}},"s":{"0":1,"1":1,"2":1,"3":1,"4":1,"5":9,"6":1,"7":8,"8":1,"9":7,"10":0,"11":7,"12":0,"13":7,"14":4,"15":4,"16":4,"17":1,"18":3,"19":5,"20":1,"21":4,"22":1,"23":3,"24":3,"25":3,"26":0,"27":3,"28":4,"29":1,"30":2,"31":3,"32":3,"33":0,"34":3,"35":6,"36":2,"37":1,"38":15,"39":2,"40":13,"41":7,"42":1,"43":6,"44":1,"45":5,"46":1,"47":4},"f":{"0":1,"1":9,"2":4,"3":5,"4":3,"5":3,"6":3,"7":3,"8":15,"9":7},"b":{"0":[0,1],"1":[1,1],"2":[1,8],"3":[9,8],"4":[1,7],"5":[0,7],"6":[7,7],"7":[0,7],"8":[7,7],"9":[1,3],"10":[1,4],"11":[5,4],"12":[1,3],"13":[4,3],"14":[0,3],"15":[1,3],"16":[0,3],"17":[2,4],"18":[2,13],"19":[15,14],"20":[1,6],"21":[7,7],"22":[1,5],"23":[1,4]},"_coverageSchema":"d34fc3e6b8297bcde183f5492bcb8fcb36775295","hash":"6f4700a73dc21ef2efe6e3236e733a11b27fee28","contentHash":"6d14a7409afcd9767565122ef899f971"},"C:\\Users\\D-SHOW World\\desktop\\projects\\fast food\\dist\\routes\\menu.js":{"path":"C:\\Users\\D-SHOW World\\desktop\\projects\\fast food\\dist\\routes\\menu.js","statementMap":{"0":{"start":{"line":3,"column":0},"end":{"line":5,"column":3}},"1":{"start":{"line":7,"column":15},"end":{"line":7,"column":33}},"2":{"start":{"line":9,"column":21},"end":{"line":9,"column":59}},"3":{"start":{"line":11,"column":22},"end":{"line":11,"column":60}},"4":{"start":{"line":13,"column":12},"end":{"line":13,"column":42}},"5":{"start":{"line":15,"column":13},"end":{"line":15,"column":42}},"6":{"start":{"line":17,"column":14},"end":{"line":17,"column":45}},"7":{"start":{"line":19,"column":15},"end":{"line":19,"column":46}},"8":{"start":{"line":21,"column":17},"end":{"line":21,"column":51}},"9":{"start":{"line":23,"column":18},"end":{"line":23,"column":52}},"10":{"start":{"line":25,"column":17},"end":{"line":25,"column":51}},"11":{"start":{"line":27,"column":18},"end":{"line":27,"column":52}},"12":{"start":{"line":29,"column":12},"end":{"line":29,"column":41}},"13":{"start":{"line":31,"column":13},"end":{"line":31,"column":42}},"14":{"start":{"line":33,"column":39},"end":{"line":33,"column":93}},"15":{"start":{"line":36,"column":13},"end":{"line":36,"column":35}},"16":{"start":{"line":39,"column":0},"end":{"line":39,"column":80}},"17":{"start":{"line":41,"column":0},"end":{"line":41,"column":109}},"18":{"start":{"line":43,"column":0},"end":{"line":43,"column":197}},"19":{"start":{"line":45,"column":0},"end":{"line":45,"column":228}},"20":{"start":{"line":47,"column":0},"end":{"line":47,"column":120}},"21":{"start":{"line":49,"column":0},"end":{"line":49,"column":84}},"22":{"start":{"line":50,"column":0},"end":{"line":50,"column":25}}},"fnMap":{"0":{"name":"_interopRequireDefault","decl":{"start":{"line":33,"column":9},"end":{"line":33,"column":31}},"loc":{"start":{"line":33,"column":37},"end":{"line":33,"column":95}},"line":33}},"branchMap":{"0":{"loc":{"start":{"line":33,"column":46},"end":{"line":33,"column":92}},"type":"cond-expr","locations":[{"start":{"line":33,"column":70},"end":{"line":33,"column":73}},{"start":{"line":33,"column":76},"end":{"line":33,"column":92}}],"line":33},"1":{"loc":{"start":{"line":33,"column":46},"end":{"line":33,"column":67}},"type":"binary-expr","locations":[{"start":{"line":33,"column":46},"end":{"line":33,"column":49}},{"start":{"line":33,"column":53},"end":{"line":33,"column":67}}],"line":33}},"s":{"0":1,"1":1,"2":1,"3":1,"4":1,"5":1,"6":1,"7":1,"8":1,"9":1,"10":1,"11":1,"12":1,"13":1,"14":6,"15":1,"16":1,"17":1,"18":1,"19":1,"20":1,"21":1,"22":1},"f":{"0":6},"b":{"0":[6,0],"1":[6,6]},"_coverageSchema":"d34fc3e6b8297bcde183f5492bcb8fcb36775295","hash":"67469726fde974cea034ce0d4778adce3df59611","contentHash":"584693c5f6e8b35b07cc1d9b8e0c827e"},"C:\\Users\\D-SHOW World\\desktop\\projects\\fast food\\dist\\middleware\\multer_config.js":{"path":"C:\\Users\\D-SHOW World\\desktop\\projects\\fast food\\dist\\middleware\\multer_config.js","statementMap":{"0":{"start":{"line":3,"column":0},"end":{"line":5,"column":3}},"1":{"start":{"line":7,"column":14},"end":{"line":7,"column":31}},"2":{"start":{"line":9,"column":15},"end":{"line":9,"column":46}},"3":{"start":{"line":11,"column":39},"end":{"line":11,"column":93}},"4":{"start":{"line":13,"column":14},"end":{"line":20,"column":2}},"5":{"start":{"line":15,"column":4},"end":{"line":15,"column":26}},"6":{"start":{"line":18,"column":4},"end":{"line":18,"column":78}},"7":{"start":{"line":21,"column":17},"end":{"line":27,"column":1}},"8":{"start":{"line":22,"column":2},"end":{"line":26,"column":3}},"9":{"start":{"line":23,"column":4},"end":{"line":23,"column":19}},"10":{"start":{"line":25,"column":4},"end":{"line":25,"column":57}},"11":{"start":{"line":28,"column":13},"end":{"line":34,"column":2}},"12":{"start":{"line":36,"column":0},"end":{"line":36,"column":25}}},"fnMap":{"0":{"name":"_interopRequireDefault","decl":{"start":{"line":11,"column":9},"end":{"line":11,"column":31}},"loc":{"start":{"line":11,"column":37},"end":{"line":11,"column":95}},"line":11},"1":{"name":"destination","decl":{"start":{"line":14,"column":24},"end":{"line":14,"column":35}},"loc":{"start":{"line":14,"column":51},"end":{"line":16,"column":3}},"line":14},"2":{"name":"filename","decl":{"start":{"line":17,"column":21},"end":{"line":17,"column":29}},"loc":{"start":{"line":17,"column":45},"end":{"line":19,"column":3}},"line":17},"3":{"name":"fileFilter","decl":{"start":{"line":21,"column":26},"end":{"line":21,"column":36}},"loc":{"start":{"line":21,"column":52},"end":{"line":27,"column":1}},"line":21}},"branchMap":{"0":{"loc":{"start":{"line":11,"column":46},"end":{"line":11,"column":92}},"type":"cond-expr","locations":[{"start":{"line":11,"column":70},"end":{"line":11,"column":73}},{"start":{"line":11,"column":76},"end":{"line":11,"column":92}}],"line":11},"1":{"loc":{"start":{"line":11,"column":46},"end":{"line":11,"column":67}},"type":"binary-expr","locations":[{"start":{"line":11,"column":46},"end":{"line":11,"column":49}},{"start":{"line":11,"column":53},"end":{"line":11,"column":67}}],"line":11},"2":{"loc":{"start":{"line":22,"column":2},"end":{"line":26,"column":3}},"type":"if","locations":[{"start":{"line":22,"column":2},"end":{"line":26,"column":3}},{"start":{"line":22,"column":2},"end":{"line":26,"column":3}}],"line":22},"3":{"loc":{"start":{"line":22,"column":6},"end":{"line":22,"column":68}},"type":"binary-expr","locations":[{"start":{"line":22,"column":6},"end":{"line":22,"column":35}},{"start":{"line":22,"column":39},"end":{"line":22,"column":68}}],"line":22}},"s":{"0":1,"1":1,"2":1,"3":1,"4":1,"5":0,"6":0,"7":1,"8":0,"9":0,"10":0,"11":1,"12":1},"f":{"0":1,"1":0,"2":0,"3":0},"b":{"0":[0,1],"1":[1,1],"2":[0,0],"3":[0,0]},"_coverageSchema":"d34fc3e6b8297bcde183f5492bcb8fcb36775295","hash":"ac2c17b440c9dfeac40e8c03ed9eee01e7144830","contentHash":"9b7858f6bf0293af84fa8231363b6f2d"},"C:\\Users\\D-SHOW World\\desktop\\projects\\fast food\\dist\\controllers\\menu.js":{"path":"C:\\Users\\D-SHOW World\\desktop\\projects\\fast food\\dist\\controllers\\menu.js","statementMap":{"0":{"start":{"line":3,"column":0},"end":{"line":5,"column":3}},"1":{"start":{"line":7,"column":19},"end":{"line":7,"column":563}},"2":{"start":{"line":7,"column":76},"end":{"line":7,"column":347}},"3":{"start":{"line":7,"column":134},"end":{"line":7,"column":142}},"4":{"start":{"line":7,"column":144},"end":{"line":7,"column":199}},"5":{"start":{"line":7,"column":200},"end":{"line":7,"column":231}},"6":{"start":{"line":7,"column":232},"end":{"line":7,"column":286}},"7":{"start":{"line":7,"column":259},"end":{"line":7,"column":286}},"8":{"start":{"line":7,"column":287},"end":{"line":7,"column":345}},"9":{"start":{"line":7,"column":350},"end":{"line":7,"column":559}},"10":{"start":{"line":7,"column":407},"end":{"line":7,"column":475}},"11":{"start":{"line":7,"column":423},"end":{"line":7,"column":475}},"12":{"start":{"line":7,"column":476},"end":{"line":7,"column":536}},"13":{"start":{"line":7,"column":493},"end":{"line":7,"column":536}},"14":{"start":{"line":7,"column":537},"end":{"line":7,"column":556}},"15":{"start":{"line":9,"column":14},"end":{"line":9,"column":45}},"16":{"start":{"line":11,"column":15},"end":{"line":11,"column":46}},"17":{"start":{"line":13,"column":13},"end":{"line":13,"column":35}},"18":{"start":{"line":15,"column":14},"end":{"line":15,"column":44}},"19":{"start":{"line":17,"column":39},"end":{"line":17,"column":93}},"20":{"start":{"line":19,"column":50},"end":{"line":19,"column":151}},"21":{"start":{"line":19,"column":92},"end":{"line":19,"column":149}},"22":{"start":{"line":22,"column":25},"end":{"line":128,"column":3}},"23":{"start":{"line":24,"column":4},"end":{"line":24,"column":46}},"24":{"start":{"line":27,"column":2},"end":{"line":125,"column":6}},"25":{"start":{"line":30,"column":6},"end":{"line":38,"column":9}},"26":{"start":{"line":31,"column":8},"end":{"line":33,"column":9}},"27":{"start":{"line":32,"column":10},"end":{"line":32,"column":27}},"28":{"start":{"line":34,"column":8},"end":{"line":37,"column":11}},"29":{"start":{"line":43,"column":15},"end":{"line":43,"column":28}},"30":{"start":{"line":45,"column":6},"end":{"line":58,"column":9}},"31":{"start":{"line":46,"column":8},"end":{"line":48,"column":9}},"32":{"start":{"line":47,"column":10},"end":{"line":47,"column":27}},"33":{"start":{"line":49,"column":8},"end":{"line":54,"column":9}},"34":{"start":{"line":50,"column":10},"end":{"line":53,"column":13}},"35":{"start":{"line":55,"column":8},"end":{"line":57,"column":11}},"36":{"start":{"line":63,"column":22},"end":{"line":63,"column":55}},"37":{"start":{"line":64,"column":6},"end":{"line":76,"column":9}},"38":{"start":{"line":65,"column":8},"end":{"line":67,"column":9}},"39":{"start":{"line":66,"column":10},"end":{"line":66,"column":27}},"40":{"start":{"line":68,"column":8},"end":{"line":75,"column":11}},"41":{"start":{"line":81,"column":15},"end":{"line":81,"column":28}},"42":{"start":{"line":83,"column":22},"end":{"line":83,"column":55}},"43":{"start":{"line":84,"column":6},"end":{"line":96,"column":9}},"44":{"start":{"line":85,"column":8},"end":{"line":87,"column":9}},"45":{"start":{"line":86,"column":10},"end":{"line":86,"column":27}},"46":{"start":{"line":88,"column":8},"end":{"line":95,"column":11}},"47":{"start":{"line":101,"column":15},"end":{"line":101,"column":28}},"48":{"start":{"line":103,"column":6},"end":{"line":110,"column":9}},"49":{"start":{"line":104,"column":8},"end":{"line":106,"column":9}},"50":{"start":{"line":105,"column":10},"end":{"line":105,"column":27}},"51":{"start":{"line":107,"column":8},"end":{"line":109,"column":11}},"52":{"start":{"line":115,"column":6},"end":{"line":123,"column":9}},"53":{"start":{"line":116,"column":8},"end":{"line":118,"column":9}},"54":{"start":{"line":117,"column":10},"end":{"line":117,"column":27}},"55":{"start":{"line":119,"column":8},"end":{"line":122,"column":11}},"56":{"start":{"line":127,"column":2},"end":{"line":127,"column":28}},"57":{"start":{"line":130,"column":25},"end":{"line":130,"column":49}},"58":{"start":{"line":131,"column":0},"end":{"line":131,"column":37}}},"fnMap":{"0":{"name":"(anonymous_0)","decl":{"start":{"line":7,"column":19},"end":{"line":7,"column":20}},"loc":{"start":{"line":7,"column":31},"end":{"line":7,"column":561}},"line":7},"1":{"name":"defineProperties","decl":{"start":{"line":7,"column":42},"end":{"line":7,"column":58}},"loc":{"start":{"line":7,"column":74},"end":{"line":7,"column":349}},"line":7},"2":{"name":"(anonymous_2)","decl":{"start":{"line":7,"column":357},"end":{"line":7,"column":358}},"loc":{"start":{"line":7,"column":405},"end":{"line":7,"column":558}},"line":7},"3":{"name":"_interopRequireDefault","decl":{"start":{"line":17,"column":9},"end":{"line":17,"column":31}},"loc":{"start":{"line":17,"column":37},"end":{"line":17,"column":95}},"line":17},"4":{"name":"_classCallCheck","decl":{"start":{"line":19,"column":9},"end":{"line":19,"column":24}},"loc":{"start":{"line":19,"column":48},"end":{"line":19,"column":153}},"line":19},"5":{"name":"(anonymous_5)","decl":{"start":{"line":22,"column":25},"end":{"line":22,"column":26}},"loc":{"start":{"line":22,"column":37},"end":{"line":128,"column":1}},"line":22},"6":{"name":"FoodListController","decl":{"start":{"line":23,"column":11},"end":{"line":23,"column":29}},"loc":{"start":{"line":23,"column":32},"end":{"line":25,"column":3}},"line":23},"7":{"name":"getAllFood","decl":{"start":{"line":29,"column":20},"end":{"line":29,"column":30}},"loc":{"start":{"line":29,"column":47},"end":{"line":39,"column":5}},"line":29},"8":{"name":"(anonymous_8)","decl":{"start":{"line":30,"column":54},"end":{"line":30,"column":55}},"loc":{"start":{"line":30,"column":75},"end":{"line":38,"column":7}},"line":30},"9":{"name":"getFood","decl":{"start":{"line":42,"column":20},"end":{"line":42,"column":27}},"loc":{"start":{"line":42,"column":44},"end":{"line":59,"column":5}},"line":42},"10":{"name":"(anonymous_10)","decl":{"start":{"line":45,"column":72},"end":{"line":45,"column":73}},"loc":{"start":{"line":45,"column":93},"end":{"line":58,"column":7}},"line":45},"11":{"name":"postFood","decl":{"start":{"line":62,"column":20},"end":{"line":62,"column":28}},"loc":{"start":{"line":62,"column":45},"end":{"line":77,"column":5}},"line":62},"12":{"name":"(anonymous_12)","decl":{"start":{"line":64,"column":133},"end":{"line":64,"column":134}},"loc":{"start":{"line":64,"column":148},"end":{"line":76,"column":7}},"line":64},"13":{"name":"updateFood","decl":{"start":{"line":80,"column":20},"end":{"line":80,"column":30}},"loc":{"start":{"line":80,"column":47},"end":{"line":97,"column":5}},"line":80},"14":{"name":"(anonymous_14)","decl":{"start":{"line":84,"column":137},"end":{"line":84,"column":138}},"loc":{"start":{"line":84,"column":152},"end":{"line":96,"column":7}},"line":84},"15":{"name":"deleteFood","decl":{"start":{"line":100,"column":20},"end":{"line":100,"column":30}},"loc":{"start":{"line":100,"column":47},"end":{"line":111,"column":5}},"line":100},"16":{"name":"(anonymous_16)","decl":{"start":{"line":103,"column":70},"end":{"line":103,"column":71}},"loc":{"start":{"line":103,"column":85},"end":{"line":110,"column":7}},"line":103},"17":{"name":"getTotal","decl":{"start":{"line":114,"column":20},"end":{"line":114,"column":28}},"loc":{"start":{"line":114,"column":45},"end":{"line":124,"column":5}},"line":114},"18":{"name":"(anonymous_18)","decl":{"start":{"line":115,"column":61},"end":{"line":115,"column":62}},"loc":{"start":{"line":115,"column":82},"end":{"line":123,"column":7}},"line":115}},"branchMap":{"0":{"loc":{"start":{"line":7,"column":168},"end":{"line":7,"column":198}},"type":"binary-expr","locations":[{"start":{"line":7,"column":168},"end":{"line":7,"column":189}},{"start":{"line":7,"column":193},"end":{"line":7,"column":198}}],"line":7},"1":{"loc":{"start":{"line":7,"column":232},"end":{"line":7,"column":286}},"type":"if","locations":[{"start":{"line":7,"column":232},"end":{"line":7,"column":286}},{"start":{"line":7,"column":232},"end":{"line":7,"column":286}}],"line":7},"2":{"loc":{"start":{"line":7,"column":407},"end":{"line":7,"column":475}},"type":"if","locations":[{"start":{"line":7,"column":407},"end":{"line":7,"column":475}},{"start":{"line":7,"column":407},"end":{"line":7,"column":475}}],"line":7},"3":{"loc":{"start":{"line":7,"column":476},"end":{"line":7,"column":536}},"type":"if","locations":[{"start":{"line":7,"column":476},"end":{"line":7,"column":536}},{"start":{"line":7,"column":476},"end":{"line":7,"column":536}}],"line":7},"4":{"loc":{"start":{"line":17,"column":46},"end":{"line":17,"column":92}},"type":"cond-expr","locations":[{"start":{"line":17,"column":70},"end":{"line":17,"column":73}},{"start":{"line":17,"column":76},"end":{"line":17,"column":92}}],"line":17},"5":{"loc":{"start":{"line":17,"column":46},"end":{"line":17,"column":67}},"type":"binary-expr","locations":[{"start":{"line":17,"column":46},"end":{"line":17,"column":49}},{"start":{"line":17,"column":53},"end":{"line":17,"column":67}}],"line":17},"6":{"loc":{"start":{"line":19,"column":50},"end":{"line":19,"column":151}},"type":"if","locations":[{"start":{"line":19,"column":50},"end":{"line":19,"column":151}},{"start":{"line":19,"column":50},"end":{"line":19,"column":151}}],"line":19},"7":{"loc":{"start":{"line":31,"column":8},"end":{"line":33,"column":9}},"type":"if","locations":[{"start":{"line":31,"column":8},"end":{"line":33,"column":9}},{"start":{"line":31,"column":8},"end":{"line":33,"column":9}}],"line":31},"8":{"loc":{"start":{"line":46,"column":8},"end":{"line":48,"column":9}},"type":"if","locations":[{"start":{"line":46,"column":8},"end":{"line":48,"column":9}},{"start":{"line":46,"column":8},"end":{"line":48,"column":9}}],"line":46},"9":{"loc":{"start":{"line":49,"column":8},"end":{"line":54,"column":9}},"type":"if","locations":[{"start":{"line":49,"column":8},"end":{"line":54,"column":9}},{"start":{"line":49,"column":8},"end":{"line":54,"column":9}}],"line":49},"10":{"loc":{"start":{"line":65,"column":8},"end":{"line":67,"column":9}},"type":"if","locations":[{"start":{"line":65,"column":8},"end":{"line":67,"column":9}},{"start":{"line":65,"column":8},"end":{"line":67,"column":9}}],"line":65},"11":{"loc":{"start":{"line":85,"column":8},"end":{"line":87,"column":9}},"type":"if","locations":[{"start":{"line":85,"column":8},"end":{"line":87,"column":9}},{"start":{"line":85,"column":8},"end":{"line":87,"column":9}}],"line":85},"12":{"loc":{"start":{"line":104,"column":8},"end":{"line":106,"column":9}},"type":"if","locations":[{"start":{"line":104,"column":8},"end":{"line":106,"column":9}},{"start":{"line":104,"column":8},"end":{"line":106,"column":9}}],"line":104},"13":{"loc":{"start":{"line":116,"column":8},"end":{"line":118,"column":9}},"type":"if","locations":[{"start":{"line":116,"column":8},"end":{"line":118,"column":9}},{"start":{"line":116,"column":8},"end":{"line":118,"column":9}}],"line":116}},"s":{"0":1,"1":1,"2":1,"3":6,"4":6,"5":6,"6":6,"7":6,"8":6,"9":1,"10":1,"11":1,"12":1,"13":0,"14":1,"15":1,"16":1,"17":1,"18":1,"19":2,"20":1,"21":0,"22":1,"23":1,"24":1,"25":1,"26":1,"27":0,"28":1,"29":2,"30":2,"31":2,"32":0,"33":2,"34":1,"35":1,"36":1,"37":1,"38":1,"39":0,"40":1,"41":1,"42":1,"43":1,"44":1,"45":0,"46":1,"47":1,"48":1,"49":1,"50":0,"51":1,"52":1,"53":1,"54":0,"55":1,"56":1,"57":1,"58":1},"f":{"0":1,"1":1,"2":1,"3":2,"4":1,"5":1,"6":1,"7":1,"8":1,"9":2,"10":2,"11":1,"12":1,"13":1,"14":1,"15":1,"16":1,"17":1,"18":1},"b":{"0":[6,6],"1":[6,0],"2":[1,0],"3":[0,1],"4":[1,1],"5":[2,2],"6":[0,1],"7":[0,1],"8":[0,2],"9":[1,1],"10":[0,1],"11":[0,1],"12":[0,1],"13":[0,1]},"_coverageSchema":"d34fc3e6b8297bcde183f5492bcb8fcb36775295","hash":"01c7e6684b57b4b83763286e828cbd4d6044fac3","contentHash":"8c287f24efb67bd11a6514fbf0736307"},"C:\\Users\\D-SHOW World\\desktop\\projects\\fast food\\dist\\middleware\\read_file.js":{"path":"C:\\Users\\D-SHOW World\\desktop\\projects\\fast food\\dist\\middleware\\read_file.js","statementMap":{"0":{"start":{"line":3,"column":0},"end":{"line":5,"column":3}},"1":{"start":{"line":7,"column":13},"end":{"line":7,"column":35}},"2":{"start":{"line":9,"column":14},"end":{"line":9,"column":44}},"3":{"start":{"line":11,"column":39},"end":{"line":11,"column":93}},"4":{"start":{"line":14,"column":22},"end":{"line":28,"column":1}},"5":{"start":{"line":15,"column":2},"end":{"line":27,"column":5}},"6":{"start":{"line":16,"column":4},"end":{"line":18,"column":5}},"7":{"start":{"line":17,"column":6},"end":{"line":17,"column":23}},"8":{"start":{"line":19,"column":4},"end":{"line":25,"column":5}},"9":{"start":
[...]
128},"end":{"line":47,"column":129}},"loc":{"start":{"line":47,"column":143},"end":{"line":52,"column":5}},"line":47},"4":{"name":"(anonymous_4)","decl":{"start":{"line":55,"column":54},"end":{"line":55,"column":55}},"loc":{"start":{"line":55,"column":66},"end":{"line":62,"column":3}},"line":55},"5":{"name":"(anonymous_5)","decl":{"start":{"line":56,"column":133},"end":{"line":56,"column":134}},"loc":{"start":{"line":56,"column":148},"end":{"line":61,"column":5}},"line":56},"6":{"name":"(anonymous_6)","decl":{"start":{"line":64,"column":55},"end":{"line":64,"column":56}},"loc":{"start":{"line":64,"column":67},"end":{"line":71,"column":3}},"line":64},"7":{"name":"(anonymous_7)","decl":{"start":{"line":65,"column":134},"end":{"line":65,"column":135}},"loc":{"start":{"line":65,"column":149},"end":{"line":70,"column":5}},"line":65},"8":{"name":"(anonymous_8)","decl":{"start":{"line":73,"column":50},"end":{"line":73,"column":51}},"loc":{"start":{"line":73,"column":62},"end":{"line":79,"column":3}},"line":73},"9":{"name":"(anonymous_9)","decl":{"start":{"line":74,"column":128},"end":{"line":74,"column":129}},"loc":{"start":{"line":74,"column":143},"end":{"line":78,"column":5}},"line":74},"10":{"name":"(anonymous_10)","decl":{"start":{"line":82,"column":35},"end":{"line":82,"column":36}},"loc":{"start":{"line":82,"column":47},"end":{"line":108,"column":1}},"line":82},"11":{"name":"(anonymous_11)","decl":{"start":{"line":83,"column":48},"end":{"line":83,"column":49}},"loc":{"start":{"line":83,"column":60},"end":{"line":91,"column":3}},"line":83},"12":{"name":"(anonymous_12)","decl":{"start":{"line":84,"column":119},"end":{"line":84,"column":120}},"loc":{"start":{"line":84,"column":134},"end":{"line":90,"column":5}},"line":84},"13":{"name":"(anonymous_13)","decl":{"start":{"line":93,"column":84},"end":{"line":93,"column":85}},"loc":{"start":{"line":93,"column":96},"end":{"line":99,"column":3}},"line":93},"14":{"name":"(anonymous_14)","decl":{"start":{"line":94,"column":121},"end":{"line":94,"column":122}},"loc":{"start":{"line":94,"column":136},"end":{"line":98,"column":5}},"line":94},"15":{"name":"(anonymous_15)","decl":{"start":{"line":101,"column":68},"end":{"line":101,"column":69}},"loc":{"start":{"line":101,"column":80},"end":{"line":107,"column":3}},"line":101},"16":{"name":"(anonymous_16)","decl":{"start":{"line":102,"column":123},"end":{"line":102,"column":124}},"loc":{"start":{"line":102,"column":138},"end":{"line":106,"column":5}},"line":102},"17":{"name":"(anonymous_17)","decl":{"start":{"line":110,"column":54},"end":{"line":110,"column":55}},"loc":{"start":{"line":110,"column":66},"end":{"line":118,"column":1}},"line":110},"18":{"name":"(anonymous_18)","decl":{"start":{"line":111,"column":85},"end":{"line":111,"column":86}},"loc":{"start":{"line":111,"column":97},"end":{"line":117,"column":3}},"line":111},"19":{"name":"(anonymous_19)","decl":{"start":{"line":112,"column":121},"end":{"line":112,"column":122}},"loc":{"start":{"line":112,"column":136},"end":{"line":116,"column":5}},"line":112},"20":{"name":"(anonymous_20)","decl":{"start":{"line":120,"column":35},"end":{"line":120,"column":36}},"loc":{"start":{"line":120,"column":47},"end":{"line":152,"column":1}},"line":120},"21":{"name":"(anonymous_21)","decl":{"start":{"line":121,"column":67},"end":{"line":121,"column":68}},"loc":{"start":{"line":121,"column":79},"end":{"line":129,"column":3}},"line":121},"22":{"name":"(anonymous_22)","decl":{"start":{"line":122,"column":135},"end":{"line":122,"column":136}},"loc":{"start":{"line":122,"column":150},"end":{"line":128,"column":5}},"line":122},"23":{"name":"(anonymous_23)","decl":{"start":{"line":131,"column":54},"end":{"line":131,"column":55}},"loc":{"start":{"line":131,"column":66},"end":{"line":140,"column":3}},"line":131},"24":{"name":"(anonymous_24)","decl":{"start":{"line":134,"column":12},"end":{"line":134,"column":13}},"loc":{"start":{"line":134,"column":27},"end":{"line":139,"column":5}},"line":134},"25":{"name":"(anonymous_25)","decl":{"start":{"line":142,"column":55},"end":{"line":142,"column":56}},"loc":{"start":{"line":142,"column":67},"end":{"line":151,"column":3}},"line":142},"26":{"name":"(anonymous_26)","decl":{"start":{"line":145,"column":12},"end":{"line":145,"column":13}},"loc":{"start":{"line":145,"column":27},"end":{"line":150,"column":5}},"line":145}},"branchMap":{"0":{"loc":{"start":{"line":15,"column":46},"end":{"line":15,"column":92}},"type":"cond-expr","locations":[{"start":{"line":15,"column":70},"end":{"line":15,"column":73}},{"start":{"line":15,"column":76},"end":{"line":15,"column":92}}],"line":15},"1":{"loc":{"start":{"line":15,"column":46},"end":{"line":15,"column":67}},"type":"binary-expr","locations":[{"start":{"line":15,"column":46},"end":{"line":15,"column":49}},{"start":{"line":15,"column":53},"end":{"line":15,"column":67}}],"line":15}},"s":{"0":1,"1":1,"2":1,"3":1,"4":1,"5":1,"6":3,"7":1,"8":1,"9":1,"10":1,"11":1,"12":1,"13":1,"14":1,"15":1,"16":1,"17":1,"18":1,"19":1,"20":1,"21":1,"22":1,"23":1,"24":1,"25":1,"26":1,"27":1,"28":1,"29":1,"30":1,"31":1,"32":1,"33":1,"34":1,"35":1,"36":1,"37":1,"38":1,"39":1,"40":1,"41":1,"42":1,"43":1,"44":1,"45":1,"46":1,"47":1,"48":1,"49":1,"50":1,"51":1,"52":1,"53":1,"54":1,"55":1,"56":1,"57":1,"58":1,"59":1,"60":1,"61":1,"62":1,"63":1,"64":1,"65":1,"66":1,"67":1,"68":1,"69":1,"70":1,"71":1,"72":1,"73":1,"74":1,"75":1,"76":1,"77":1,"78":1,"79":1,"80":1,"81":1,"82":1,"83":1},"f":{"0":3,"1":1,"2":1,"3":1,"4":1,"5":1,"6":1,"7":1,"8":1,"9":1,"10":1,"11":1,"12":1,"13":1,"14":1,"15":1,"16":1,"17":1,"18":1,"19":1,"20":1,"21":1,"22":1,"23":1,"24":1,"25":1,"26":1},"b":{"0":[1,2],"1":[3,3]},"_coverageSchema":"d34fc3e6b8297bcde183f5492bcb8fcb36775295","hash":"ccd89dadee749f4a37b256e86d548a65922ea948","contentHash":"3aa756d47ff83b29d727603ea7bf273a"},"C:\\Users\\D-SHOW World\\desktop\\projects\\fast food\\dist\\test\\orders.js":{"path":"C:\\Users\\D-SHOW World\\desktop\\projects\\fast food\\dist\\test\\orders.js","statementMap":{"0":{"start":{"line":3,"column":12},"end":{"line":3,"column":27}},"1":{"start":{"line":5,"column":13},"end":{"line":5,"column":42}},"2":{"start":{"line":7,"column":16},"end":{"line":7,"column":36}},"3":{"start":{"line":9,"column":17},"end":{"line":9,"column":50}},"4":{"start":{"line":11,"column":13},"end":{"line":11,"column":32}},"5":{"start":{"line":13,"column":14},"end":{"line":13,"column":44}},"6":{"start":{"line":15,"column":39},"end":{"line":15,"column":93}},"7":{"start":{"line":17,"column":13},"end":{"line":17,"column":34}},"8":{"start":{"line":19,"column":13},"end":{"line":19,"column":36}},"9":{"start":{"line":20,"column":0},"end":{"line":20,"column":39}},"10":{"start":{"line":23,"column":18},"end":{"line":25,"column":1}},"11":{"start":{"line":27,"column":12},"end":{"line":27,"column":30}},"12":{"start":{"line":28,"column":15},"end":{"line":28,"column":33}},"13":{"start":{"line":30,"column":15},"end":{"line":34,"column":1}},"14":{"start":{"line":38,"column":0},"end":{"line":54,"column":3}},"15":{"start":{"line":39,"column":2},"end":{"line":46,"column":5}},"16":{"start":{"line":40,"column":4},"end":{"line":45,"column":7}},"17":{"start":{"line":41,"column":6},"end":{"line":41,"column":38}},"18":{"start":{"line":42,"column":6},"end":{"line":42,"column":50}},"19":{"start":{"line":43,"column":6},"end":{"line":43,"column":52}},"20":{"start":{"line":44,"column":6},"end":{"line":44,"column":65}},"21":{"start":{"line":48,"column":2},"end":{"line":53,"column":5}},"22":{"start":{"line":49,"column":4},"end":{"line":52,"column":7}},"23":{"start":{"line":50,"column":6},"end":{"line":50,"column":38}},"24":{"start":{"line":51,"column":6},"end":{"line":51,"column":91}},"25":{"start":{"line":56,"column":0},"end":{"line":106,"column":3}},"26":{"start":{"line":57,"column":2},"end":{"line":65,"column":5}},"27":{"start":{"line":58,"column":4},"end":{"line":64,"column":7}},"28":{"start":{"line":59,"column":6},"end":{"line":59,"column":38}},"29":{"start":{"line":60,"column":6},"end":{"line":60,"column":48}},"30":{"start":{"line":61,"column":6},"end":{"line":61,"column":56}},"31":{"start":{"line":62,"column":6},"end":{"line":62,"column":59}},"32":{"start":{"line":63,"column":6},"end":{"line":63,"column":66}},"33":{"start":{"line":67,"column":2},"end":{"line":73,"column":5}},"34":{"start":{"line":68,"column":4},"end":{"line":72,"column":7}},"35":{"start":{"line":69,"column":6},"end":{"line":69,"column":38}},"36":{"start":{"line":70,"column":6},"end":{"line":70,"column":42}},"37":{"start":{"line":71,"column":6},"end":{"line":71,"column":55}},"38":{"start":{"line":75,"column":2},"end":{"line":81,"column":5}},"39":{"start":{"line":76,"column":4},"end":{"line":80,"column":7}},"40":{"start":{"line":77,"column":6},"end":{"line":77,"column":38}},"41":{"start":{"line":78,"column":6},"end":{"line":78,"column":42}},"42":{"start":{"line":79,"column":6},"end":{"line":79,"column":69}},"43":{"start":{"line":83,"column":2},"end":{"line":89,"column":5}},"44":{"start":{"line":84,"column":4},"end":{"line":88,"column":7}},"45":{"start":{"line":85,"column":6},"end":{"line":85,"column":38}},"46":{"start":{"line":86,"column":6},"end":{"line":86,"column":42}},"47":{"start":{"line":87,"column":6},"end":{"line":87,"column":93}},"48":{"start":{"line":91,"column":2},"end":{"line":97,"column":5}},"49":{"start":{"line":92,"column":4},"end":{"line":96,"column":7}},"50":{"start":{"line":93,"column":6},"end":{"line":93,"column":38}},"51":{"start":{"line":94,"column":6},"end":{"line":94,"column":42}},"52":{"start":{"line":95,"column":6},"end":{"line":95,"column":93}},"53":{"start":{"line":99,"column":2},"end":{"line":105,"column":5}},"54":{"start":{"line":100,"column":4},"end":{"line":104,"column":7}},"55":{"start":{"line":101,"column":6},"end":{"line":101,"column":38}},"56":{"start":{"line":102,"column":6},"end":{"line":102,"column":49}},"57":{"start":{"line":103,"column":6},"end":{"line":103,"column":62}},"58":{"start":{"line":108,"column":0},"end":{"line":116,"column":3}},"59":{"start":{"line":109,"column":2},"end":{"line":115,"column":5}},"60":{"start":{"line":110,"column":4},"end":{"line":114,"column":7}},"61":{"start":{"line":111,"column":6},"end":{"line":111,"column":38}},"62":{"start":{"line":112,"column":6},"end":{"line":112,"column":42}},"63":{"start":{"line":113,"column":6},"end":{"line":113,"column":74}},"64":{"start":{"line":118,"column":0},"end":{"line":126,"column":3}},"65":{"start":{"line":119,"column":2},"end":{"line":125,"column":5}},"66":{"start":{"line":120,"column":4},"end":{"line":124,"column":7}},"67":{"start":{"line":121,"column":6},"end":{"line":121,"column":38}},"68":{"start":{"line":122,"column":6},"end":{"line":122,"column":42}},"69":{"start":{"line":123,"column":6},"end":{"line":123,"column":78}},"70":{"start":{"line":128,"column":0},"end":{"line":159,"column":3}},"71":{"start":{"line":129,"column":2},"end":{"line":134,"column":5}},"72":{"start":{"line":130,"column":4},"end":{"line":133,"column":7}},"73":{"start":{"line":131,"column":6},"end":{"line":131,"column":38}},"74":{"start":{"line":132,"column":6},"end":{"line":132,"column":42}},"75":{"start":{"line":136,"column":2},"end":{"line":142,"column":5}},"76":{"start":{"line":137,"column":4},"end":{"line":141,"column":7}},"77":{"start":{"line":138,"column":6},"end":{"line":138,"column":38}},"78":{"start":{"line":139,"column":6},"end":{"line":139,"column":42}},"79":{"start":{"line":140,"column":6},"end":{"line":140,"column":109}},"80":{"start":{"line":144,"column":2},"end":{"line":150,"column":5}},"81":{"start":{"line":145,"column":4},"end":{"line":149,"column":7}},"82":{"start":{"line":146,"column":6},"end":{"line":146,"column":38}},"83":{"start":{"line":147,"column":6},"end":{"line":147,"column":42}},"84":{"start":{"line":148,"column":6},"end":{"line":148,"column":91}},"85":{"start":{"line":152,"column":2},"end":{"line":158,"column":5}},"86":{"start":{"line":153,"column":4},"end":{"line":157,"column":7}},"87":{"start":{"line":154,"column":6},"end":{"line":154,"column":38}},"88":{"start":{"line":155,"column":6},"end":{"line":155,"column":42}},"89":{"start":{"line":156,"column":6},"end":{"line":156,"column":96}}},"fnMap":{"0":{"name":"_interopRequireDefault","decl":{"start":{"line":15,"column":9},"end":{"line":15,"column":31}},"loc":{"start":{"line":15,"column":37},"end":{"line":15,"column":95}},"line":15},"1":{"name":"(anonymous_1)","decl":{"start":{"line":38,"column":38},"end":{"line":38,"column":39}},"loc":{"start":{"line":38,"column":50},"end":{"line":54,"column":1}},"line":38},"2":{"name":"(anonymous_2)","decl":{"start":{"line":39,"column":93},"end":{"line":39,"column":94}},"loc":{"start":{"line":39,"column":105},"end":{"line":46,"column":3}},"line":39},"3":{"name":"(anonymous_3)","decl":{"start":{"line":40,"column":137},"end":{"line":40,"column":138}},"loc":{"start":{"line":40,"column":152},"end":{"line":45,"column":5}},"line":40},"4":{"name":"(anonymous_4)","decl":{"start":{"line":48,"column":93},"end":{"line":48,"column":94}},"loc":{"start":{"line":48,"column":105},"end":{"line":53,"column":3}},"line":48},"5":{"name":"(anonymous_5)","decl":{"start":{"line":49,"column":131},"end":{"line":49,"column":132}},"loc":{"start":{"line":49,"column":146},"end":{"line":52,"column":5}},"line":49},"6":{"name":"(anonymous_6)","decl":{"start":{"line":56,"column":37},"end":{"line":56,"column":38}},"loc":{"start":{"line":56,"column":49},"end":{"line":106,"column":1}},"line":56},"7":{"name":"(anonymous_7)","decl":{"start":{"line":57,"column":122},"end":{"line":57,"column":123}},"loc":{"start":{"line":57,"column":134},"end":{"line":65,"column":3}},"line":57},"8":{"name":"(anonymous_8)","decl":{"start":{"line":58,"column":118},"end":{"line":58,"column":119}},"loc":{"start":{"line":58,"column":133},"end":{"line":64,"column":5}},"line":58},"9":{"name":"(anonymous_9)","decl":{"start":{"line":67,"column":70},"end":{"line":67,"column":71}},"loc":{"start":{"line":67,"column":82},"end":{"line":73,"column":3}},"line":67},"10":{"name":"(anonymous_10)","decl":{"start":{"line":68,"column":120},"end":{"line":68,"column":121}},"loc":{"start":{"line":68,"column":135},"end":{"line":72,"column":5}},"line":68},"11":{"name":"(anonymous_11)","decl":{"start":{"line":75,"column":68},"end":{"line":75,"column":69}},"loc":{"start":{"line":75,"column":80},"end":{"line":81,"column":3}},"line":75},"12":{"name":"(anonymous_12)","decl":{"start":{"line":76,"column":122},"end":{"line":76,"column":123}},"loc":{"start":{"line":76,"column":137},"end":{"line":80,"column":5}},"line":76},"13":{"name":"(anonymous_13)","decl":{"start":{"line":83,"column":47},"end":{"line":83,"column":48}},"loc":{"start":{"line":83,"column":59},"end":{"line":89,"column":3}},"line":83},"14":{"name":"(anonymous_14)","decl":{"start":{"line":84,"column":126},"end":{"line":84,"column":127}},"loc":{"start":{"line":84,"column":141},"end":{"line":88,"column":5}},"line":84},"15":{"name":"(anonymous_15)","decl":{"start":{"line":91,"column":37},"end":{"line":91,"column":38}},"loc":{"start":{"line":91,"column":49},"end":{"line":97,"column":3}},"line":91},"16":{"name":"(anonymous_16)","decl":{"start":{"line":92,"column":122},"end":{"line":92,"column":123}},"loc":{"start":{"line":92,"column":137},"end":{"line":96,"column":5}},"line":92},"17":{"name":"(anonymous_17)","decl":{"start":{"line":99,"column":38},"end":{"line":99,"column":39}},"loc":{"start":{"line":99,"column":50},"end":{"line":105,"column":3}},"line":99},"18":{"name":"(anonymous_18)","decl":{"start":{"line":100,"column":80},"end":{"line":100,"column":81}},"loc":{"start":{"line":100,"column":95},"end":{"line":104,"column":5}},"line":100},"19":{"name":"(anonymous_19)","decl":{"start":{"line":108,"column":40},"end":{"line":108,"column":41}},"loc":{"start":{"line":108,"column":52},"end":{"line":116,"column":1}},"line":108},"20":{"name":"(anonymous_20)","decl":{"start":{"line":109,"column":88},"end":{"line":109,"column":89}},"loc":{"start":{"line":109,"column":100},"end":{"line":115,"column":3}},"line":109},"21":{"name":"(anonymous_21)","decl":{"start":{"line":110,"column":138},"end":{"line":110,"column":139}},"loc":{"start":{"line":110,"column":153},"end":{"line":114,"column":5}},"line":110},"22":{"name":"(anonymous_22)","decl":{"start":{"line":118,"column":60},"end":{"line":118,"column":61}},"loc":{"start":{"line":118,"column":72},"end":{"line":126,"column":1}},"line":118},"23":{"name":"(anonymous_23)","decl":{"start":{"line":119,"column":103},"end":{"line":119,"column":104}},"loc":{"start":{"line":119,"column":115},"end":{"line":125,"column":3}},"line":119},"24":{"name":"(anonymous_24)","decl":{"start":{"line":120,"column":117},"end":{"line":120,"column":118}},"loc":{"start":{"line":120,"column":132},"end":{"line":124,"column":5}},"line":120},"25":{"name":"(anonymous_25)","decl":{"start":{"line":128,"column":51},"end":{"line":128,"column":52}},"loc":{"start":{"line":128,"column":63},"end":{"line":159,"column":1}},"line":128},"26":{"name":"(anonymous_26)","decl":{"start":{"line":129,"column":81},"end":{"line":129,"column":82}},"loc":{"start":{"line":129,"column":93},"end":{"line":134,"column":3}},"line":129},"27":{"name":"(anonymous_27)","decl":{"start":{"line":130,"column":129},"end":{"line":130,"column":130}},"loc":{"start":{"line":130,"column":144},"end":{"line":133,"column":5}},"line":130},"28":{"name":"(anonymous_28)","decl":{"start":{"line":136,"column":101},"end":{"line":136,"column":102}},"loc":{"start":{"line":136,"column":113},"end":{"line":142,"column":3}},"line":136},"29":{"name":"(anonymous_29)","decl":{"start":{"line":137,"column":129},"end":{"line":137,"column":130}},"loc":{"start":{"line":137,"column":144},"end":{"line":141,"column":5}},"line":137},"30":{"name":"(anonymous_30)","decl":{"start":{"line":144,"column":60},"end":{"line":144,"column":61}},"loc":{"start":{"line":144,"column":72},"end":{"line":150,"column":3}},"line":144},"31":{"name":"(anonymous_31)","decl":{"start":{"line":145,"column":124},"end":{"line":145,"column":125}},"loc":{"start":{"line":145,"column":139},"end":{"line":149,"column":5}},"line":145},"32":{"name":"(anonymous_32)","decl":{"start":{"line":152,"column":74},"end":{"line":152,"column":75}},"loc":{"start":{"line":152,"column":86},"end":{"line":158,"column":3}},"line":152},"33":{"name":"(anonymous_33)","decl":{"start":{"line":153,"column":86},"end":{"line":153,"column":87}},"loc":{"start":{"line":153,"column":101},"end":{"line":157,"column":5}},"line":153}},"branchMap":{"0":{"loc":{"start":{"line":15,"column":46},"end":{"line":15,"column":92}},"type":"cond-expr","locations":[{"start":{"line":15,"column":70},"end":{"line":15,"column":73}},{"start":{"line":15,"column":76},"end":{"line":15,"column":92}}],"line":15},"1":{"loc":{"start":{"line":15,"column":46},"end":{"line":15,"column":67}},"type":"binary-expr","locations":[{"start":{"line":15,"column":46},"end":{"line":15,"column":49}},{"start":{"line":15,"column":53},"end":{"line":15,"column":67}}],"line":15}},"s":{"0":1,"1":1,"2":1,"3":1,"4":1,"5":1,"6":3,"7":1,"8":1,"9":1,"10":1,"11":1,"12":1,"13":1,"14":1,"15":1,"16":1,"17":1,"18":1,"19":1,"20":1,"21":1,"22":1,"23":1,"24":1,"25":1,"26":1,"27":1,"28":1,"29":1,"30":1,"31":1,"32":1,"33":1,"34":1,"35":1,"36":1,"37":1,"38":1,"39":1,"40":1,"41":1,"42":1,"43":1,"44":1,"45":1,"46":1,"47":1,"48":1,"49":1,"50":1,"51":1,"52":1,"53":1,"54":1,"55":1,"56":1,"57":1,"58":1,"59":1,"60":1,"61":1,"62":1,"63":1,"64":1,"65":1,"66":1,"67":1,"68":1,"69":1,"70":1,"71":1,"72":1,"73":1,"74":1,"75":1,"76":1,"77":1,"78":1,"79":1,"80":1,"81":1,"82":1,"83":1,"84":1,"85":1,"86":1,"87":1,"88":1,"89":1},"f":{"0":3,"1":1,"2":1,"3":1,"4":1,"5":1,"6":1,"7":1,"8":1,"9":1,"10":1,"11":1,"12":1,"13":1,"14":1,"15":1,"16":1,"17":1,"18":1,"19":1,"20":1,"21":1,"22":1,"23":1,"24":1,"25":1,"26":1,"27":1,"28":1,"29":1,"30":1,"31":1,"32":1,"33":1},"b":{"0":[1,2],"1":[3,3]},"_coverageSchema":"d34fc3e6b8297bcde183f5492bcb8fcb36775295","hash":"8685b18f10994196b8139bc8d26bbf2c9d0d447f","contentHash":"231c82e5a0f49c71a58fcd33e784d23c"}}