{"C:\\Users\\D-SHOW World\\desktop\\projects\\fast food\\dist\\test\\auth.js":{"path":"C:\\Users\\D-SHOW World\\desktop\\projects\\fast food\\dist\\test\\auth.js","statementMap":{"0":{"start":{"line":3,"column":12},"end":{"line":3,"column":27}},"1":{"start":{"line":5,"column":13},"end":{"line":5,"column":42}},"2":{"start":{"line":7,"column":16},"end":{"line":7,"column":36}},"3":{"start":{"line":9,"column":17},"end":{"line":9,"column":50}},"4":{"start":{"line":11,"column":13},"end":{"line":11,"column":32}},"5":{"start":{"line":13,"column":14},"end":{"line":13,"column":44}},"6":{"start":{"line":15,"column":39},"end":{"line":15,"column":93}},"7":{"start":{"line":17,"column":13},"end":{"line":17,"column":34}},"8":{"start":{"line":19,"column":13},"end":{"line":19,"column":36}},"9":{"start":{"line":20,"column":0},"end":{"line":20,"column":39}},"10":{"start":{"line":22,"column":12},"end":{"line":22,"column":173}},"11":{"start":{"line":24,"column":14},"end":{"line":29,"column":1}},"12":{"start":{"line":31,"column":12},"end":{"line":36,"column":1}},"13":{"start":{"line":38,"column":15},"end":{"line":42,"column":1}},"14":{"start":{"line":44,"column":19},"end":{"line":47,"column":1}},"15":{"start":{"line":50,"column":0},"end":{"line":102,"column":3}},"16":{"start":{"line":51,"column":2},"end":{"line":60,"column":5}},"17":{"start":{"line":52,"column":4},"end":{"line":59,"column":7}},"18":{"start":{"line":53,"column":6},"end":{"line":53,"column":38}},"19":{"start":{"line":54,"column":6},"end":{"line":54,"column":50}},"20":{"start":{"line":55,"column":6},"end":{"line":55,"column":52}},"21":{"start":{"line":56,"column":6},"end":{"line":56,"column":82}},"22":{"start":{"line":57,"column":6},"end":{"line":57,"column":70}},"23":{"start":{"line":58,"column":6},"end":{"line":58,"column":78}},"24":{"start":{"line":62,"column":2},"end":{"line":67,"column":5}},"25":{"start":{"line":63,"column":4},"end":{"line":66,"column":7}},"26":{"start":{"line":64,"column":6},"end":{"line":64,"column":38}},"27":{"start":{"line":65,"column":6},"end":{"line":65,"column":89}},"28":{"start":{"line":69,"column":2},"end":{"line":77,"column":5}},"29":{"start":{"line":70,"column":4},"end":{"line":76,"column":7}},"30":{"start":{"line":74,"column":6},"end":{"line":74,"column":38}},"31":{"start":{"line":75,"column":6},"end":{"line":75,"column":92}},"32":{"start":{"line":79,"column":2},"end":{"line":89,"column":5}},"33":{"start":{"line":80,"column":4},"end":{"line":88,"column":7}},"34":{"start":{"line":86,"column":6},"end":{"line":86,"column":38}},"35":{"start":{"line":87,"column":6},"end":{"line":87,"column":76}},"36":{"start":{"line":91,"column":2},"end":{"line":101,"column":5}},"37":{"start":{"line":92,"column":4},"end":{"line":100,"column":7}},"38":{"start":{"line":98,"column":6},"end":{"line":98,"column":38}},"39":{"start":{"line":99,"column":6},"end":{"line":99,"column":74}},"40":{"start":{"line":105,"column":0},"end":{"line":145,"column":3}},"41":{"start":{"line":106,"column":2},"end":{"line":113,"column":5}},"42":{"start":{"line":107,"column":4},"end":{"line":112,"column":7}},"43":{"start":{"line":108,"column":6},"end":{"line":108,"column":38}},"44":{"start":{"line":109,"column":6},"end":{"line":109,"column":42}},"45":{"start":{"line":110,"column":6},"end":{"line":110,"column":71}},"46":{"start":{"line":111,"column":6},"end":{"line":111,"column":45}},"47":{"start":{"line":115,"column":2},"end":{"line":123,"column":5}},"48":{"start":{"line":116,"column":4},"end":{"line":122,"column":7}},"49":{"start":{"line":119,"column":6},"end":{"line":119,"column":38}},"50":{"start":{"line":120,"column":6},"end":{"line":120,"column":42}},"51":{"start":{"line":121,"column":6},"end":{"line":121,"column":89}},"52":{"start":{"line":125,"column":2},"end":{"line":133,"column":5}},"53":{"start":{"line":126,"column":4},"end":{"line":132,"column":7}},"54":{"start":{"line":129,"column":6},"end":{"line":129,"column":38}},"55":{"start":{"line":130,"column":6},"end":{"line":130,"column":42}},"56":{"start":{"line":131,"column":6},"end":{"line":131,"column":92}},"57":{"start":{"line":135,"column":2},"end":{"line":144,"column":5}},"58":{"start":{"line":136,"column":4},"end":{"line":143,"column":7}},"59":{"start":{"line":140,"column":6},"end":{"line":140,"column":38}},"60":{"start":{"line":141,"column":6},"end":{"line":141,"column":42}},"61":{"start":{"line":142,"column":6},"end":{"line":142,"column":75}},"62":{"start":{"line":148,"column":0},"end":{"line":165,"column":3}},"63":{"start":{"line":149,"column":2},"end":{"line":157,"column":5}},"64":{"start":{"line":150,"column":4},"end":{"line":156,"column":7}},"65":{"start":{"line":151,"column":6},"end":{"line":151,"column":38}},"66":{"start":{"line":152,"column":6},"end":{"line":152,"column":50}},"67":{"start":{"line":153,"column":6},"end":{"line":153,"column":69}},"68":{"start":{"line":154,"column":6},"end":{"line":154,"column":70}},"69":{"start":{"line":155,"column":6},"end":{"line":155,"column":78}},"70":{"start":{"line":159,"column":2},"end":{"line":164,"column":5}},"71":{"start":{"line":160,"column":4},"end":{"line":163,"column":7}},"72":{"start":{"line":161,"column":6},"end":{"line":161,"column":38}},"73":{"start":{"line":162,"column":6},"end":{"line":162,"column":74}}},"fnMap":{"0":{"name":"_interopRequireDefault","decl":{"start":{"line":15,"column":9},"end":{"line":15,"column":31}},"loc":{"start":{"line":15,"column":37},"end":{"line":15,"column":95}},"line":15},"1":{"name":"(anonymous_1)","decl":{"start":{"line":50,"column":46},"end":{"line":50,"column":47}},"loc":{"start":{"line":50,"column":58},"end":{"line":102,"column":1}},"line":50},"2":{"name":"(anonymous_2)","decl":{"start":{"line":51,"column":29},"end":{"line":51,"column":30}},"loc":{"start":{"line":51,"column":41},"end":{"line":60,"column":3}},"line":51},"3":{"name":"(anonymous_3)","decl":{"start":{"line":52,"column":98},"end":{"line":52,"column":99}},"loc":{"start":{"line":52,"column":113},"end":{"line":59,"column":5}},"line":52},"4":{"name":"(anonymous_4)","decl":{"start":{"line":62,"column":52},"end":{"line":62,"column":53}},"loc":{"start":{"line":62,"column":64},"end":{"line":67,"column":3}},"line":62},"5":{"name":"(anonymous_5)","decl":{"start":{"line":63,"column":99},"end":{"line":63,"column":100}},"loc":{"start":{"line":63,"column":114},"end":{"line":66,"column":5}},"line":63},"6":{"name":"(anonymous_6)","decl":{"start":{"line":69,"column":55},"end":{"line":69,"column":56}},"loc":{"start":{"line":69,"column":67},"end":{"line":77,"column":3}},"line":69},"7":{"name":"(anonymous_7)","decl":{"start":{"line":73,"column":12},"end":{"line":73,"column":13}},"loc":{"start":{"line":73,"column":27},"end":{"line":76,"column":5}},"line":73},"8":{"name":"(anonymous_8)","decl":{"start":{"line":79,"column":53},"end":{"line":79,"column":54}},"loc":{"start":{"line":79,"column":65},"end":{"line":89,"column":3}},"line":79},"9":{"name":"(anonymous_9)","decl":{"start":{"line":85,"column":12},"end":{"line":85,"column":13}},"loc":{"start":{"line":85,"column":27},"end":{"line":88,"column":5}},"line":85},"10":{"name":"(anonymous_10)","decl":{"start":{"line":91,"column":44},"end":{"line":91,"column":45}},"loc":{"start":{"line":91,"column":56},"end":{"line":101,"column":3}},"line":91},"11":{"name":"(anonymous_11)","decl":{"start":{"line":97,"column":12},"end":{"line":97,"column":13}},"loc":{"start":{"line":97,"column":27},"end":{"line":100,"column":5}},"line":97},"12":{"name":"(anonymous_12)","decl":{"start":{"line":105,"column":45},"end":{"line":105,"column":46}},"loc":{"start":{"line":105,"column":57},"end":{"line":145,"column":1}},"line":105},"13":{"name":"(anonymous_13)","decl":{"start":{"line":106,"column":26},"end":{"line":106,"column":27}},"loc":{"start":{"line":106,"column":38},"end":{"line":113,"column":3}},"line":106},"14":{"name":"(anonymous_14)","decl":{"start":{"line":107,"column":102},"end":{"line":107,"column":103}},"loc":{"start":{"line":107,"column":117},"end":{"line":112,"column":5}},"line":107},"15":{"name":"(anonymous_15)","decl":{"start":{"line":115,"column":53},"end":{"line":115,"column":54}},"loc":{"start":{"line":115,"column":65},"end":{"line":123,"column":3}},"line":115},"16":{"name":"(anonymous_16)","decl":{"start":{"line":118,"column":12},"end":{"line":118,"column":13}},"loc":{"start":{"line":118,"column":27},"end":{"line":122,"column":5}},"line":118},"17":{"name":"(anonymous_17)","decl":{"start":{"line":125,"column":56},"end":{"line":125,"column":57}},"loc":{"start":{"line":125,"column":68},"end":{"line":133,"column":3}},"line":125},"18":{"name":"(anonymous_18)","decl":{"start":{"line":128,"column":12},"end":{"line":128,"column":13}},"loc":{"start":{"line":128,"column":27},"end":{"line":132,"column":5}},"line":128},"19":{"name":"(anonymous_19)","decl":{"start":{"line":135,"column":52},"end":{"line":135,"column":53}},"loc":{"start":{"line":135,"column":64},"end":{"line":144,"column":3}},"line":135},"20":{"name":"(anonymous_20)","decl":{"start":{"line":139,"column":12},"end":{"line":139,"column":13}},"loc":{"start":{"line":139,"column":27},"end":{"line":143,"column":5}},"line":139},"21":{"name":"(anonymous_21)","decl":{"start":{"line":148,"column":49},"end":{"line":148,"column":50}},"loc":{"start":{"line":148,"column":61},"end":{"line":165,"column":1}},"line":148},"22":{"name":"(anonymous_22)","decl":{"start":{"line":149,"column":28},"end":{"line":149,"column":29}},"loc":{"start":{"line":149,"column":40},"end":{"line":157,"column":3}},"line":149},"23":{"name":"(anonymous_23)","decl":{"start":{"line":150,"column":142},"end":{"line":150,"column":143}},"loc":{"start":{"line":150,"column":157},"end":{"line":156,"column":5}},"line":150},"24":{"name":"(anonymous_24)","decl":{"start":{"line":159,"column":53},"end":{"line":159,"column":54}},"loc":{"start":{"line":159,"column":65},"end":{"line":164,"column":3}},"line":159},"25":{"name":"(anonymous_25)","decl":{"start":{"line":160,"column":102},"end":{"line":160,"column":103}},"loc":{"start":{"line":160,"column":117},"end":{"line":163,"column":5}},"line":160}},"branchMap":{"0":{"loc":{"start":{"line":15,"column":46},"end":{"line":15,"column":92}},"type":"cond-expr","locations":[{"start":{"line":15,"column":70},"end":{"line":15,"column":73}},{"start":{"line":15,"column":76},"end":{"line":15,"column":92}}],"line":15},"1":{"loc":{"start":{"line":15,"column":46},"end":{"line":15,"column":67}},"type":"binary-expr","locations":[{"start":{"line":15,"column":46},"end":{"line":15,"column":49}},{"start":{"line":15,"column":53},"end":{"line":15,"column":67}}],"line":15}},"s":{"0":1,"1":1,"2":1,"3":1,"4":1,"5":1,"6":3,"7":1,"8":1,"9":1,"10":1,"11":1,"12":1,"13":1,"14":1,"15":1,"16":1,"17":1,"18":1,"19":1,"20":1,"21":1,"22":1,"23":1,"24":1,"25":1,"26":1,"27":1,"28":1,"29":1,"30":1,"31":1,"32":1,"33":1,"34":1,"35":1,"36":1,"37":1,"38":1,"39":1,"40":1,"41":1,"42":1,"43":1,"44":1,"45":1,"46":1,"47":1,"48":1,"49":1,"50":1,"51":1,"52":1,"53":1,"54":1,"55":1,"56":1,"57":1,"58":1,"59":1,"60":1,"61":1,"62":1,"63":1,"64":1,"65":1,"66":1,"67":1,"68":1,"69":1,"70":1,"71":1,"72":1,"73":1},"f":{"0":3,"1":1,"2":1,"3":1,"4":1,"5":1,"6":1,"7":1,"8":1,"9":1,"10":1,"11":1,"12":1,"13":1,"14":1,"15":1,"16":1,"17":1,"18":1,"19":1,"20":1,"21":1,"22":1,"23":1,"24":1,"25":1},"b":{"0":[1,2],"1":[3,3]},"_coverageSchema":"d34fc3e6b8297bcde183f5492bcb8fcb36775295","hash":"47a682de453149226a3d54d08af33393d7f9955c","contentHash":"9fd5a4249e9c6c78e1f81eaa15a653e0"},"C:\\Users\\D-SHOW World\\desktop\\projects\\fast food\\dist\\index.js":{"path":"C:\\Users\\D-SHOW World\\desktop\\projects\\fast food\\dist\\index.js","statementMap":{"0":{"start":{"line":3,"column":0},"end":{"line":5,"column":3}},"1":{"start":{"line":7,"column":15},"end":{"line":7,"column":33}},"2":{"start":{"line":9,"column":16},"end":{"line":9,"column":48}},"3":{"start":{"line":11,"column":18},"end":{"line":11,"column":40}},"4":{"start":{"line":13,"column":19},"end":{"line":13,"column":54}},"5":{"start":{"line":15,"column":14},"end":{"line":15,"column":31}},"6":{"start":{"line":17,"column":15},"end":{"line":17,"column":46}},"7":{"start":{"line":19,"column":14},"end":{"line":19,"column":40}},"8":{"start":{"line":21,"column":15},"end":{"line":21,"column":46}},"9":{"start":{"line":23,"column":12},"end":{"line":23,"column":36}},"10":{"start":{"line":25,"column":13},"end":{"line":25,"column":42}},"11":{"start":{"line":27,"column":12},"end":{"line":27,"column":36}},"12":{"start":{"line":29,"column":13},"end":{"line":29,"column":42}},"13":{"start":{"line":31,"column":39},"end":{"line":31,"column":93}},"14":{"start":{"line":33,"column":0},"end":{"line":33,"column":26}},"15":{"start":{"line":34,"column":10},"end":{"line":34,"column":34}},"16":{"start":{"line":36,"column":0},"end":{"line":36,"column":37}},"17":{"start":{"line":37,"column":0},"end":{"line":37,"column":62}},"18":{"start":{"line":39,"column":0},"end":{"line":39,"column":57}},"19":{"start":{"line":41,"column":0},"end":{"line":45,"column":3}},"20":{"start":{"line":42,"column":2},"end":{"line":44,"column":5}},"21":{"start":{"line":47,"column":0},"end":{"line":47,"column":37}},"22":{"start":{"line":48,"column":0},"end":{"line":48,"column":35}},"23":{"start":{"line":49,"column":0},"end":{"line":49,"column":35}},"24":{"start":{"line":51,"column":0},"end":{"line":56,"column":3}},"25":{"start":{"line":52,"column":2},"end":{"line":55,"column":5}},"26":{"start":{"line":58,"column":0},"end":{"line":62,"column":3}},"27":{"start":{"line":59,"column":14},"end":{"line":59,"column":36}},"28":{"start":{"line":60,"column":2},"end":{"line":60,"column":21}},"29":{"start":{"line":61,"column":2},"end":{"line":61,"column":14}},"30":{"start":{"line":65,"column":0},"end":{"line":70,"column":3}},"31":{"start":{"line":66,"column":2},"end":{"line":66,"column":34}},"32":{"start":{"line":67,"column":2},"end":{"line":69,"column":5}},"33":{"start":{"line":71,"column":0},"end":{"line":73,"column":3}},"34":{"start":{"line":72,"column":2},"end":{"line":72,"column":59}},"35":{"start":{"line":75,"column":0},"end":{"line":75,"column":22}}},"fnMap":{"0":{"name":"_interopRequireDefault","decl":{"start":{"line":31,"column":9},"end":{"line":31,"column":31}},"loc":{"start":{"line":31,"column":37},"end":{"line":31,"column":95}},"line":31},"1":{"name":"(anonymous_1)","decl":{"start":{"line":41,"column":8},"end":{"line":41,"column":9}},"loc":{"start":{"line":41,"column":39},"end":{"line":45,"column":1}},"line":41},"2":{"name":"(anonymous_2)","decl":{"start":{"line":51,"column":13},"end":{"line":51,"column":14}},"loc":{"start":{"line":51,"column":33},"end":{"line":56,"column":1}},"line":51},"3":{"name":"(anonymous_3)","decl":{"start":{"line":58,"column":8},"end":{"line":58,"column":9}},"loc":{"start":{"line":58,"column":34},"end":{"line":62,"column":1}},"line":58},"4":{"name":"(anonymous_4)","decl":{"start":{"line":65,"column":8},"end":{"line":65,"column":9}},"loc":{"start":{"line":65,"column":41},"end":{"line":70,"column":1}},"line":65},"5":{"name":"(anonymous_5)","decl":{"start":{"line":71,"column":29},"end":{"line":71,"column":30}},"loc":{"start":{"line":71,"column":41},"end":{"line":73,"column":1}},"line":71}},"branchMap":{"0":{"loc":{"start":{"line":31,"column":46},"end":{"line":31,"column":92}},"type":"cond-expr","locations":[{"start":{"line":31,"column":70},"end":{"line":31,"column":73}},{"start":{"line":31,"column":76},"end":{"line":31,"column":92}}],"line":31},"1":{"loc":{"start":{"line":31,"column":46},"end":{"line":31,"column":67}},"type":"binary-expr","locations":[{"start":{"line":31,"column":46},"end":{"line":31,"column":49}},{"start":{"line":31,"column":53},"end":{"line":31,"column":67}}],"line":31},"2":{"loc":{"start":{"line":66,"column":13},"end":{"line":66,"column":32}},"type":"binary-expr","locations":[{"start":{"line":66,"column":13},"end":{"line":66,"column":25}},{"start":{"line":66,"column":29},"end":{"line":66,"column":32}}],"line":66}},"s":{"0":1,"1":1,"2":1,"3":1,"4":1,"5":1,"6":1,"7":1,"8":1,"9":1,"10":1,"11":1,"12":1,"13":6,"14":1,"15":1,"16":1,"17":1,"18":1,"19":1,"20":0,"21":1,"22":1,"23":1,"24":1,"25":0,"26":1,"27":1,"28":1,"29":1,"30":1,"31":1,"32":1,"33":1,"34":1,"35":1},"f":{"0":6,"1":0,"2":0,"3":1,"4":1,"5":1},"b":{"0":[3,3],"1":[6,6],"2":[1,0]},"_coverageSchema":"d34fc3e6b8297bcde183f5492bcb8fcb36775295","hash":"1c6de3749764f38a197d42b322357032495ea4e8","contentHash":"175205d10b01a47c1a3bb1ea1173bb10"},"C:\\Users\\D-SHOW World\\desktop\\projects\\fast food\\dist\\routes\\orders.js":{"path":"C:\\Users\\D-SHOW World\\desktop\\projects\\fast food\\dist\\routes\\orders.js","statementMap":{"0":{"start":{"line":3,"column":0},"end":{"line":5,"column":3}},"1":{"start":{"line":7,"column":15},"end":{"line":7,"column":33}},"2":{"start":{"line":9,"column":14},"end":{"line":9,"column":46}},"3":{"start":{"line":11,"column":15},"end":{"line":11,"column":46}},"4":{"start":{"line":13,"column":14},"end":{"line":13,"column":37}},"5":{"start":{"line":15,"column":15},"end":{"line":15,"column":46}},"6":{"start":{"line":17,"column":17},"end":{"line":17,"column":43}},"7":{"start":{"line":19,"column":18},"end":{"line":19,"column":52}},"8":{"start":{"line":21,"column":39},"end":{"line":21,"column":93}},"9":{"start":{"line":24,"column":13},"end":{"line":24,"column":35}},"10":{"start":{"line":27,"column":0},"end":{"line":27,"column":90}},"11":{"start":{"line":29,"column":0},"end":{"line":29,"column":91}},"12":{"start":{"line":31,"column":0},"end":{"line":31,"column":96}},"13":{"start":{"line":33,"column":0},"end":{"line":33,"column":168}},"14":{"start":{"line":35,"column":0},"end":{"line":35,"column":100}},"15":{"start":{"line":37,"column":0},"end":{"line":37,"column":25}}},"fnMap":{"0":{"name":"_interopRequireDefault","decl":{"start":{"line":21,"column":9},"end":{"line":21,"column":31}},"loc":{"start":{"line":21,"column":37},"end":{"line":21,"column":95}},"line":21}},"branchMap":{"0":{"loc":{"start":{"line":21,"column":46},"end":{"line":21,"column":92}},"type":"cond-expr","locations":[{"start":{"line":21,"column":70},"end":{"line":21,"column":73}},{"start":{"line":21,"column":76},"end":{"line":21,"column":92}}],"line":21},"1":{"loc":{"start":{"line":21,"column":46},"end":{"line":21,"column":67}},"type":"binary-expr","locations":[{"start":{"line":21,"column":46},"end":{"line":21,"column":49}},{"start":{"line":21,"column":53},"end":{"line":21,"column":67}}],"line":21}},"s":{"0":1,"1":1,"2":1,"3":1,"4":1,"5":1,"6":1,"7":1,"8":3,"9":1,"10":1,"11":1,"12":1,"13":1,"14":1,"15":1},"f":{"0":3},"b":{"0":[3,0],"1":[3,3]},"_coverageSchema":"d34fc3e6b8297bcde183f5492bcb8fcb36775295","hash":"7175767438dc3c43068483ec81115a9935e78df6","contentHash":"81a471fa61bc67e8763012209d8dbc08"},"C:\\Users\\D-SHOW World\\desktop\\projects\\fast food\\dist\\controllers\\orders.js":{"path":"C:\\Users\\D-SHOW World\\desktop\\projects\\fast food\\dist\\controllers\\orders.js","statementMap":{"0":{"start":{"line":3,"column":0},"end":{"line":5,"column":3}},"1":{"start":{"line":7,"column":19},"end":{"line":7,"column":563}},"2":{"start":{"line":7,"column":76},"end":{"line":7,"column":347}},"3":{"start":{"line":7,"column":134},"end":{"line":7,"column":142}},"4":{"start":{"line":7,"column":144},"end":{"line":7,"column":199}},"5":{"start":{"line":7,"column":200},"end":{"line":7,"column":231}},"6":{"start":{"line":7,"column":232},"end":{"line":7,"column":286}},"7":{"start":{"line":7,"column":259},"end":{"line":7,"column":286}},"8":{"start":{"line":7,"column":287},"end":{"line":7,"column":345}},"9":{"start":{"line":7,"column":350},"end":{"line":7,"column":559}},"10":{"start":{"line":7,"column":407},"end":{"line":7,"column":475}},"11":{"start":{"line":7,"column":423},"end":{"line":7,"column":475}},"12":{"start":{"line":7,"column":476},"end":{"line":7,"column":536}},"13":{"start":{"line":7,"column":493},"end":{"line":7,"column":536}},"14":{"start":{"line":7,"column":537},"end":{"line":7,"column":556}},"15":{"start":{"line":9,"column":13},"end":{"line":9,"column":35}},"16":{"start":{"line":11,"column":14},"end":{"line":11,"column":44}},"17":{"start":{"line":13,"column":39},"end":{"line":13,"column":93}},"18":{"start":{"line":15,"column":50},"end":{"line":15,"column":151}},"19":{"start":{"line":15,"column":92},"end":{"line":15,"column":149}},"20":{"start":{"line":18,"column":22},"end":{"line":127,"column":3}},"21":{"start":{"line":20,"column":4},"end":{"line":20,"column":43}},"22":{"start":{"line":23,"column":2},"end":{"line":124,"column":6}},"23":{"start":{"line":26,"column":6},"end":{"line":34,"column":9}},"24":{"start":{"line":27,"column":8},"end":{"line":29,"column":9}},"25":{"start":{"line":28,"column":10},"end":{"line":28,"column":27}},"26":{"start":{"line":30,"column":8},"end":{"line":33,"column":11}},"27":{"start":{"line":39,"column":15},"end":{"line":39,"column":28}},"28":{"start":{"line":41,"column":6},"end":{"line":54,"column":9}},"29":{"start":{"line":42,"column":8},"end":{"line":44,"column":9}},"30":{"start":{"line":43,"column":10},"end":{"line":43,"column":27}},"31":{"start":{"line":45,"column":8},"end":{"line":50,"column":9}},"32":{"start":{"line":46,"column":10},"end":{"line":49,"column":13}},"33":{"start":{"line":51,"column":8},"end":{"line":53,"column":11}},"34":{"start":{"line":59,"column":15},"end":{"line":59,"column":28}},"35":{"start":{"line":61,"column":6},"end":{"line":74,"column":9}},"36":{"start":{"line":62,"column":8},"end":{"line":64,"column":9}},"37":{"start":{"line":63,"column":10},"end":{"line":63,"column":27}},"38":{"start":{"line":65,"column":8},"end":{"line":70,"column":9}},"39":{"start":{"line":66,"column":10},"end":{"line":69,"column":13}},"40":{"start":{"line":71,"column":8},"end":{"line":73,"column":11}},"41":{"start":{"line":79,"column":21},"end":{"line":79,"column":49}},"42":{"start":{"line":80,"column":17},"end":{"line":80,"column":41}},"43":{"start":{"line":81,"column":18},"end":{"line":81,"column":43}},"44":{"start":{"line":82,"column":19},"end":{"line":82,"column":20}},"45":{"start":{"line":83,"column":23},"end":{"line":83,"column":24}},"46":{"start":{"line":84,"column":6},"end":{"line":86,"column":7}},"47":{"start":{"line":85,"column":8},"end":{"line":85,"column":61}},"48":{"start":{"line":87,"column":6},"end":{"line":87,"column":25}},"49":{"start":{"line":88,"column":6},"end":{"line":102,"column":9}},"50":{"start":{"line":89,"column":8},"end":{"line":91,"column":9}},"51":{"start":{"line":90,"column":10},"end":{"line":90,"column":27}},"52":{"start":{"line":92,"column":8},"end":{"line":101,"column":11}},"53":{"start":{"line":107,"column":6},"end":{"line":111,"column":7}},"54":{"start":{"line":108,"column":8},"end":{"line":110,"column":11}},"55":{"start":{"line":112,"column":19},"end":{"line":112,"column":34}},"56":{"start":{"line":113,"column":15},"end":{"line":113,"column":28}},"57":{"start":{"line":115,"column":6},"end":{"line":122,"column":9}},"58":{"start":{"line":116,"column":8},"end":{"line":118,"column":9}},"59":{"start":{"line":117,"column":10},"end":{"line":117,"column":27}},"60":{"start":{"line":119,"column":8},"end":{"line":121,"column":11}},"61":{"start":{"line":126,"column":2},"end":{"line":126,"column":25}},"62":{"start":{"line":129,"column":22},"end":{"line":129,"column":43}},"63":{"start":{"line":130,"column":0},"end":{"line":130,"column":34}}},"fnMap":{"0":{"name":"(anonymous_0)","decl":{"start":{"line":7,"column":19},"end":{"line":7,"column":20}},"loc":{"start":{"line":7,"column":31},"end":{"line":7,"column":561}},"line":7},"1":{"name":"defineProperties","decl":{"start":{"line":7,"column":42},"end":{"line":7,"column":58}},"loc":{"start":{"line":7,"column":74},"end":{"line":7,"column":349}},"line":7},"2":{"name":"(anonymous_2)","decl":{"start":{"line":7,"column":357},"end":{"line":7,"column":358}},"loc":{"start":{"line":7,"column":405},"end":{"line":7,"column":558}},"line":7},"3":{"name":"_interopRequireDefault","decl":{"start":{"line":13,"column":9},"end":{"line":13,"column":31}},"loc":{"start":{"line":13,"column":37},"end":{"line":13,"column":95}},"line":13},"4":{"name":"_classCallCheck","decl":{"start":{"line":15,"column":9},"end":{"line":15,"column":24}},"loc":{"start":{"line":15,"column":48},"end":{"line":15,"column":153}},"line":15},"5":{"name":"(anonymous_5)","decl":{"start":{"line":18,"column":22},"end":{"line":18,"column":23}},"loc":{"start":{"line":18,"column":34},"end":{"line":127,"column":1}},"line":18},"6":{"name":"OrderController","decl":{"start":{"line":19,"column":11},"end":{"line":19,"column":26}},"loc":{"start":{"line":19,"column":29},"end":{"line":21,"column":3}},"line":19},"7":{"name":"getAllOrder","decl":{"start":{"line":25,"column":20},"end":{"line":25,"column":31}},"loc":{"start":{"line":25,"column":48},"end":{"line":35,"column":5}},"line":25},"8":{"name":"(anonymous_8)","decl":{"start":{"line":26,"column":52},"end":{"line":26,"column":53}},"loc":{"start":{"line":26,"column":73},"end":{"line":34,"column":7}},"line":26},"9":{"name":"getOrder","decl":{"start":{"line":38,"column":20},"end":{"line":38,"column":28}},"loc":{"start":{"line":38,"column":45},"end":{"line":55,"column":5}},"line":38},"10":{"name":"(anonymous_10)","decl":{"start":{"line":41,"column":70},"end":{"line":41,"column":71}},"loc":{"start":{"line":41,"column":91},"end":{"line":54,"column":7}},"line":41},"11":{"name":"getUserOrder","decl":{"start":{"line":58,"column":20},"end":{"line":58,"column":32}},"loc":{"start":{"line":58,"column":49},"end":{"line":75,"column":5}},"line":58},"12":{"name":"(anonymous_12)","decl":{"start":{"line":61,"column":75},"end":{"line":61,"column":76}},"loc":{"start":{"line":61,"column":96},"end":{"line":74,"column":7}},"line":61},"13":{"name":"postOrder","decl":{"start":{"line":78,"column":20},"end":{"line":78,"column":29}},"loc":{"start":{"line":78,"column":46},"end":{"line":103,"column":5}},"line":78},"14":{"name":"(anonymous_14)","decl":{"start":{"line":88,"column":167},"end":{"line":88,"column":168}},"loc":{"start":{"line":88,"column":182},"end":{"line":102,"column":7}},"line":88},"15":{"name":"updateOrderStatus","decl":{"start":{"line":106,"column":20},"end":{"line":106,"column":37}},"loc":{"start":{"line":106,"column":54},"end":{"line":123,"column":5}},"line":106},"16":{"name":"(anonymous_16)","decl":{"start":{"line":115,"column":85},"end":{"line":115,"column":86}},"loc":{"start":{"line":115,"column":100},"end":{"line":122,"column":7}},"line":115}},"branchMap":{"0":{"loc":{"start":{"line":7,"column":168},"end":{"line":7,"column":198}},"type":"binary-expr","locations":[{"start":{"line":7,"column":168},"end":{"line":7,"column":189}},{"start":{"line":7,"column":193},"end":{"line":7,"column":198}}],"line":7},"1":{"loc":{"start":{"line":7,"column":232},"end":{"line":7,"column":286}},"type":"if","locations":[{"start":{"line":7,"column":232},"end":{"line":7,"column":286}},{"start":{"line":7,"column":232},"end":{"line":7,"column":286}}],"line":7},"2":{"loc":{"start":{"line":7,"column":407},"end":{"line":7,"column":475}},"type":"if","locations":[{"start":{"line":7,"column":407},"end":{"line":7,"column":475}},{"start":{"line":7,"column":407},"end":{"line":7,"column":475}}],"line":7},"3":{"loc":{"start":{"line":7,"column":476},"end":{"line":7,"column":536}},"type":"if","locations":[{"start":{"line":7,"column":476},"end":{"line":7,"column":536}},{"start":{"line":7,"column":476},"end":{"line":7,"column":536}}],"line":7},"4":{"loc":{"start":{"line":13,"column":46},"end":{"line":13,"column":92}},"type":"cond-expr","locations":[{"start":{"line":13,"column":70},"end":{"line":13,"column":73}},{"start":{"line":13,"column":76},"end":{"line":13,"column":92}}],"line":13},"5":{"loc":{"start":{"line":13,"column":46},"end":{"line":13,"column":67}},"type":"binary-expr","locations":[{"start":{"line":13,"column":46},"end":{"line":13,"column":49}},{"start":{"line":13,"column":53},"end":{"line":13,"column":67}}],"line":13},"6":{"loc":{"start":{"line":15,"column":50},"end":{"line":15,"column":151}},"type":"if","locations":[{"start":{"line":15,"column":50},"end":{"line":15,"column":151}},{"start":{"line":15,"column":50},"end":{"line":15,"column":151}}],"line":15},"7":{"loc":{"start":{"line":27,"column":8},"end":{"line":29,"column":9}},"type":"if","locations":[{"start":{"line":27,"column":8},"end":{"line":29,"column":9}},{"start":{"line":27,"column":8},"end":{"line":29,"column":9}}],"line":27},"8":{"loc":{"start":{"line":42,"column":8},"end":{"line":44,"column":9}},"type":"if","locations":[{"start":{"line":42,"column":8},"end":{"line":44,"column":9}},{"start":{"line":42,"column":8},"end":{"line":44,"column":9}}],"line":42},"9":{"loc":{"start":{"line":45,"column":8},"end":{"line":50,"column":9}},"type":"if","locations":[{"start":{"line":45,"column":8},"end":{"line":50,"column":9}},{"start":{"line":45,"column":8},"end":{"line":50,"column":9}}],"line":45},"10":{"loc":{"start":{"line":62,"column":8},"end":{"line":64,"column":9}},"type":"if","locations":[{"start":{"line":62,"column":8},"end":{"line":64,"column":9}},{"start":{"line":62,"column":8},"end":{"line":64,"column":9}}],"line":62},"11":{"loc":{"start":{"line":65,"column":8},"end":{"line":70,"column":9}},"type":"if","locations":[{"start":{"line":65,"column":8},"end":{"line":70,"column":9}},{"start":{"line":65,"column":8},"end":{"line":70,"column":9}}],"line":65},"12":{"loc":{"start":{"line":89,"column":8},"end":{"line":91,"column":9}},"type":"if","locations":[{"start":{"line":89,"column":8},"end":{"line":91,"column":9}},{"start":{"line":89,"column":8},"end":{"line":91,"column":9}}],"line":89},"13":{"loc":{"start":{"line":107,"column":6},"end":{"line":111,"column":7}},"type":"if","locations":[{"start":{"line":107,"column":6},"end":{"line":111,"column":7}},{"start":{"line":107,"column":6},"end":{"line":111,"column":7}}],"line":107},"14":{"loc":{"start":{"line":116,"column":8},"end":{"line":118,"column":9}},"type":"if","locations":[{"start":{"line":116,"column":8},"end":{"line":118,"column":9}},{"start":{"line":116,"column":8},"end":{"line":118,"column":9}}],"line":116}},"s":{"0":1,"1":1,"2":1,"3":5,"4":5,"5":5,"6":5,"7":5,"8":5,"9":1,"10":1,"11":1,"12":1,"13":0,"14":1,"15":1,"16":1,"17":1,"18":1,"19":0,"20":1,"21":1,"22":1,"23":1,"24":1,"25":0,"26":1,"27":2,"28":2,"29":2,"30":0,"31":2,"32":1,"33":1,"34":0,"35":0,"36":0,"37":0,"38":0,"39":0,"40":0,"41":1,"42":1,"43":1,"44":1,"45":1,"46":1,"47":1,"48":1,"49":1,"50":1,"51":0,"52":1,"53":1,"54":0,"55":1,"56":1,"57":1,"58":1,"59":0,"60":1,"61":1,"62":1,"63":1},"f":{"0":1,"1":1,"2":1,"3":1,"4":1,"5":1,"6":1,"7":1,"8":1,"9":2,"10":2,"11":0,"12":0,"13":1,"14":1,"15":1,"16":1},"b":{"0":[5,5],"1":[5,0],"2":[1,0],"3":[0,1],"4":[0,1],"5":[1,1],"6":[0,1],"7":[0,1],"8":[0,2],"9":[1,1],"10":[0,0],"11":[0,0],"12":[0,1],"13":[0,1],"14":[0,1]},"_coverageSchema":"d34fc3e6b8297bcde183f5492bcb8fcb36775295","hash":"4948a85f00bb7b2381e12e1a01564a2ff8ff780a","contentHash":"17a6595661ce4b13678da7e61d611591"},"C:\\Users\\D-SHOW World\\desktop\\projects\\fast food\\dist\\db\\index.js":{"path":"C:\\Users\\D-SHOW World\\desktop\\projects\\fast food\\dist\\db\\index.js","statementMap":{"0":{"start":{"line":3,"column":10},"end":{"line":3,"column":23}},"1":{"start":{"line":5,"column":14},"end":{"line":5,"column":31}},"2":{"start":{"line":7,"column":15},"end":{"line":7,"column":46}},"3":{"start":{"line":9,"column":39},"end":{"line":9,"column":93}},"4":{"start":{"line":11,"column":0},"end":{"line":11,"column":26}},"5":{"start":{"line":13,"column":11},"end":{"line":13,"column":25}},"6":{"start":{"line":16,"column":0},"end":{"line":20,"column":2}},"7":{"start":{"line":18,"column":4},"end":{"line":18,"column":39}}},"fnMap":{"0":{"name":"_interopRequireDefault","decl":{"start":{"line":9,"column":9},"end":{"line":9,"column":31}},"loc":{"start":{"line":9,"column":37},"end":{"line":9,"column":95}},"line":9},"1":{"name":"query","decl":{"start":{"line":17,"column":18},"end":{"line":17,"column":23}},"loc":{"start":{"line":17,"column":48},"end":{"line":19,"column":3}},"line":17}},"branchMap":{"0":{"loc":{"start":{"line":9,"column":46},"end":{"line":9,"column":92}},"type":"cond-expr","locations":[{"start":{"line":9,"column":70},"end":{"line":9,"column":73}},{"start":{"line":9,"column":76},"end":{"line":9,"column":92}}],"line":9},"1":{"loc":{"start":{"line":9,"column":46},"end":{"line":9,"column":67}},"type":"binary-expr","locations":[{"start":{"line":9,"column":46},"end":{"line":9,"column":49}},{"start":{"line":9,"column":53},"end":{"line":9,"column":67}}],"line":9}},"s":{"0":1,"1":1,"2":1,"3":1,"4":1,"5":1,"6":1,"7":34},"f":{"0":1,"1":34},"b":{"0":[0,1],"1":[1,1]},"_coverageSchema":"d34fc3e6b8297bcde183f5492bcb8fcb36775295","hash":"adeef0f9f1de4a031c9e2b01237bf0486012733a","contentHash":"7eb73acb083952f1f7de9488bff92470"},"C:\\Users\\D-SHOW World\\desktop\\projects\\fast food\\dist\\js\\shared.js":{"path":"C:\\Users\\D-SHOW World\\desktop\\projects\\fast food\\dist\\js\\shared.js","statementMap":{"0":{"start":{"line":3,"column":0},"end":{"line":5,"column":3}},"1":{"start":{"line":6,"column":0},"end":{"line":70,"column":2}},"2":{"start":{"line":8,"column":4},"end":{"line":13,"column":5}},"3":{"start":{"line":9,"column":6},"end":{"line":12,"column":9}},"4":{"start":{"line":13,"column":5},"end":{"line":18,"column":5}},"5":{"start":{"line":14,"column":6},"end":{"line":17,"column":9}},"6":{"start":{"line":19,"column":4},"end":{"line":19,"column":11}},"7":{"start":{"line":22,"column":4},"end":{"line":27,"column":5}},"8":{"start":{"line":23,"column":6},"end":{"line":26,"column":9}},"9":{"start":{"line":27,"column":5},"end":{"line":32,"column":5}},"10":{"start":{"line":28,"column":6},"end":{"line":31,"column":9}},"11":{"start":{"line":32,"column":5},"end":{"line":37,"column":5}},"12":{"start":{"line":33,"column":6},"end":{"line":36,"column":9}},"13":{"start":{"line":38,"column":4},"end":{"line":38,"column":11}},"14":{"start":{"line":41,"column":20},"end":{"line":41,"column":44}},"15":{"start":{"line":42,"column":19},"end":{"line":42,"column":47}},"16":{"start":{"line":43,"column":16},"end":{"line":43,"column":41}},"17":{"start":{"line":44,"column":4},"end":{"line":50,"column":5}},"18":{"start":{"line":46,"column":6},"end":{"line":49,"column":9}},"19":{"start":{"line":50,"column":5},"end":{"line":55,"column":5}},"20":{"start":{"line":51,"column":6},"end":{"line":54,"column":9}},"21":{"start":{"line":55,"column":5},"end":{"line":60,"column":5}},"22":{"start":{"line":56,"column":6},"end":{"line":59,"column":9}},"23":{"start":{"line":61,"column":4},"end":{"line":61,"column":11}},"24":{"start":{"line":64,"column":4},"end":{"line":67,"column":5}},"25":{"start":{"line":66,"column":6},"end":{"line":66,"column":79}},"26":{"start":{"line":68,"column":4},"end":{"line":68,"column":73}}},"fnMap":{"0":{"name":"verifyBody","decl":{"start":{"line":7,"column":23},"end":{"line":7,"column":33}},"loc":{"start":{"line":7,"column":50},"end":{"line":20,"column":3}},"line":7},"1":{"name":"verifyBodyandQuantity","decl":{"start":{"line":21,"column":34},"end":{"line":21,"column":55}},"loc":{"start":{"line":21,"column":72},"end":{"line":39,"column":3}},"line":21},"2":{"name":"verifyLenghtOfVariables","decl":{"start":{"line":40,"column":36},"end":{"line":40,"column":59}},"loc":{"start":{"line":40,"column":76},"end":{"line":62,"column":3}},"line":40},"3":{"name":"imagePicker","decl":{"start":{"line":63,"column":24},"end":{"line":63,"column":35}},"loc":{"start":{"line":63,"column":41},"end":{"line":69,"column":3}},"line":63}},"branchMap":{"0":{"loc":{"start":{"line":8,"column":4},"end":{"line":13,"column":5}},"type":"if","locations":[{"start":{"line":8,"column":4},"end":{"line":13,"column":5}},{"start":{"line":8,"column":4},"end":{"line":13,"column":5}}],"line":8},"1":{"loc":{"start":{"line":8,"column":8},"end":{"line":8,"column":57}},"type":"binary-expr","locations":[{"start":{"line":8,"column":8},"end":{"line":8,"column":22}},{"start":{"line":8,"column":26},"end":{"line":8,"column":57}}],"line":8},"2":{"loc":{"start":{"line":13,"column":5},"end":{"line":18,"column":5}},"type":"if","locations":[{"start":{"line":13,"column":5},"end":{"line":18,"column":5}},{"start":{"line":13,"column":5},"end":{"line":18,"column":5}}],"line":13},"3":{"loc":{"start":{"line":22,"column":4},"end":{"line":27,"column":5}},"type":"if","locations":[{"start":{"line":22,"column":4},"end":{"line":27,"column":5}},{"start":{"line":22,"column":4},"end":{"line":27,"column":5}}],"line":22},"4":{"loc":{"start":{"line":22,"column":8},"end":{"line":22,"column":57}},"type":"binary-expr","locations":[{"start":{"line":22,"column":8},"end":{"line":22,"column":22}},{"start":{"line":22,"column":26},"end":{"line":22,"column":57}}],"line":22},"5":{"loc":{"start":{"line":27,"column":5},"end":{"line":32,"column":5}},"type":"if","locations":[{"start":{"line":27,"column":5},"end":{"line":32,"column":5}},{"start":{"line":27,"column":5},"end":{"line":32,"column":5}}],"line":27},"6":{"loc":{"start":{"line":27,"column":9},"end":{"line":27,"column":60}},"type":"binary-expr","locations":[{"start":{"line":27,"column":9},"end":{"line":27,"column":24}},{"start":{"line":27,"column":28},"end":{"line":27,"column":60}}],"line":27},"7":{"loc":{"start":{"line":32,"column":5},"end":{"line":37,"column":5}},"type":"if","locations":[{"start":{"line":32,"column":5},"end":{"line":37,"column":5}},{"start":{"line":32,"column":5},"end":{"line":37,"column":5}}],"line":32},"8":{"loc":{"start":{"line":32,"column":9},"end":{"line":32,"column":66}},"type":"binary-expr","locations":[{"start":{"line":32,"column":9},"end":{"line":32,"column":27}},{"start":{"line":32,"column":31},"end":{"line":32,"column":66}}],"line":32},"9":{"loc":{"start":{"line":44,"column":4},"end":{"line":50,"column":5}},"type":"if","locations":[{"start":{"line":44,"column":4},"end":{"line":50,"column":5}},{"start":{"line":44,"column":4},"end":{"line":50,"column":5}}],"line":44},"10":{"loc":{"start":{"line":50,"column":5},"end":{"line":55,"column":5}},"type":"if","locations":[{"start":{"line":50,"column":5},"end":{"line":55,"column":5}},{"start":{"line":50,"column":5},"end":{"line":55,"column":5}}],"line":50},"11":{"loc":{"start":{"line":55,"column":5},"end":{"line":60,"column":5}},"type":"if","locations":[{"start":{"line":55,"column":5},"end":{"line":60,"column":5}},{"start":{"line":55,"column":5},"end":{"line":60,"column":5}}],"line":55},"12":{"loc":{"start":{"line":64,"column":4},"end":{"line":67,"column":5}},"type":"if","locations":[{"start":{"line":64,"column":4},"end":{"line":67,"column":5}},{"start":{"line":64,"column":4},"end":{"line":67,"column":5}}],"line":64}},"s":{"0":1,"1":1,"2":2,"3":0,"4":2,"5":0,"6":2,"7":1,"8":0,"9":1,"10":0,"11":1,"12":0,"13":1,"14":1,"15":1,"16":1,"17":1,"18":0,"19":1,"20":0,"21":1,"22":0,"23":1,"24":2,"25":2,"26":0},"f":{"0":2,"1":1,"2":1,"3":2},"b":{"0":[0,2],"1":[2,2],"2":[0,2],"3":[0,1],"4":[1,1],"5":[0,1],"6":[1,1],"7":[0,1],"8":[1,1],"9":[0,1],"10":[0,1],"11":[0,1],"12":[2,0]},"_coverageSchema":"d34fc3e6b8297bcde183f5492bcb8fcb36775295","hash":"ff49b800f36876f5c4b8bb37a66fe3e9a9d298df","contentHash":"36dddf0bc2327416738e0f7286e94cea"},"C:\\Users\\D-SHOW World\\desktop\\projects\\fast food\\dist\\js\\checkAuth.js":{"path":"C:\\Users\\D-SHOW World\\desktop\\projects\\fast food\\dist\\js\\checkAuth.js","statementMap":{"0":{"start":{"line":3,"column":0},"end":{"line":5,"column":3}},"1":{"start":{"line":7,"column":20},"end":{"line":7,"column":43}},"2":{"start":{"line":9,"column":21},"end":{"line":9,"column":58}},"3":{"start":{"line":11,"column":13},"end":{"line":11,"column":35}},"4":{"start":{"line":13,"column":14},"end":{"line":13,"column":44}},"5":{"start":{"line":15,"column":39},"end":{"line":15,"column":93}},"6":{"start":{"line":17,"column":0},"end":{"line":55,"column":2}},"7":{"start":{"line":19,"column":4},"end":{"line":28,"column":5}},"8":{"start":{"line":20,"column":18},"end":{"line":20,"column":57}},"9":{"start":{"line":21,"column":20},"end":{"line":21,"column":77}},"10":{"start":{"line":22,"column":6},"end":{"line":22,"column":28}},"11":{"start":{"line":23,"column":6},"end":{"line":23,"column":20}},"12":{"start":{"line":25,"column":6},"end":{"line":27,"column":9}},"13":{"start":{"line":32,"column":4},"end":{"line":53,"column":5}},"14":{"start":{"line":33,"column":18},"end":{"line":33,"column":57}},"15":{"start":{"line":34,"column":20},"end":{"line":34,"column":77}},"16":{"start":{"line":35,"column":6},"end":{"line":35,"column":28}},"17":{"start":{"line":36,"column":6},"end":{"line":48,"column":9}},"18":{"start":{"line":37,"column":8},"end":{"line":39,"column":9}},"19":{"start":{"line":38,"column":10},"end":{"line":38,"column":27}},"20":{"start":{"line":40,"column":8},"end":{"line":47,"column":9}},"21":{"start":{"line":41,"column":10},"end":{"line":43,"column":11}},"22":{"start":{"line":42,"column":12},"end":{"line":42,"column":26}},"23":{"start":{"line":44,"column":10},"end":{"line":46,"column":13}},"24":{"start":{"line":50,"column":6},"end":{"line":52,"column":9}}},"fnMap":{"0":{"name":"_interopRequireDefault","decl":{"start":{"line":15,"column":9},"end":{"line":15,"column":31}},"loc":{"start":{"line":15,"column":37},"end":{"line":15,"column":95}},"line":15},"1":{"name":"verifyToken","decl":{"start":{"line":18,"column":24},"end":{"line":18,"column":35}},"loc":{"start":{"line":18,"column":52},"end":{"line":29,"column":3}},"line":18},"2":{"name":"verifyAdminToken","decl":{"start":{"line":31,"column":29},"end":{"line":31,"column":45}},"loc":{"start":{"line":31,"column":62},"end":{"line":54,"column":3}},"line":31},"3":{"name":"(anonymous_3)","decl":{"start":{"line":36,"column":83},"end":{"line":36,"column":84}},"loc":{"start":{"line":36,"column":104},"end":{"line":48,"column":7}},"line":36}},"branchMap":{"0":{"loc":{"start":{"line":15,"column":46},"end":{"line":15,"column":92}},"type":"cond-expr","locations":[{"start":{"line":15,"column":70},"end":{"line":15,"column":73}},{"start":{"line":15,"column":76},"end":{"line":15,"column":92}}],"line":15},"1":{"loc":{"start":{"line":15,"column":46},"end":{"line":15,"column":67}},"type":"binary-expr","locations":[{"start":{"line":15,"column":46},"end":{"line":15,"column":49}},{"start":{"line":15,"column":53},"end":{"line":15,"column":67}}],"line":15},"2":{"loc":{"start":{"line":37,"column":8},"end":{"line":39,"column":9}},"type":"if","locations":[{"start":{"line":37,"column":8},"end":{"line":39,"column":9}},{"start":{"line":37,"column":8},"end":{"line":39,"column":9}}],"line":37},"3":{"loc":{"start":{"line":40,"column":8},"end":{"line":47,"column":9}},"type":"if","locations":[{"start":{"line":40,"column":8},"end":{"line":47,"column":9}},{"start":{"line":40,"column":8},"end":{"line":47,"column":9}}],"line":40},"4":{"loc":{"start":{"line":41,"column":10},"end":{"line":43,"column":11}},"type":"if","locations":[{"start":{"line":41,"column":10},"end":{"line":43,"column":11}},{"start":{"line":41,"column":10},"end":{"line":43,"column":11}}],"line":41}},"s":{"0":1,"1":1,"2":1,"3":1,"4":1,"5":2,"6":1,"7":4,"8":4,"9":4,"10":4,"11":4,"12":0,"13":10,"14":10,"15":9,"16":9,"17":9,"18":9,"19":0,"20":9,"21":9,"22":9,"23":0,"24":1},"f":{"0":2,"1":4,"2":10,"3":9},"b":{"0":[0,2],"1":[2,2],"2":[0,9],"3":[9,0],"4":[9,0]},"_coverageSchema":"d34fc3e6b8297bcde183f5492bcb8fcb36775295","hash":"03111ae4118b7316bc3c6fa025b5ca71a22f8fad","contentHash":"db6716e8b63b8a074852feda1d53ebbc"},"C:\\Users\\D-SHOW World\\desktop\\projects\\fast food\\dist\\routes\\menu.js":{"path":"C:\\Users\\D-SHOW World\\desktop\\projects\\fast food\\dist\\routes\\menu.js","statementMap":{"0":{"start":{"line":3,"column":0},"end":{"line":5,"column":3}},"1":{"start":{"line":7,"column":15},"end":{"line":7,"column":33}},"2":{"start":{"line":9,"column":21},"end":{"line":9,"column":51}},"3":{"start":{"line":11,"column":22},"end":{"line":11,"column":60}},"4":{"start":{"line":13,"column":12},"end":{"line":13,"column":42}},"5":{"start":{"line":15,"column":13},"end":{"line":15,"column":42}},"6":{"start":{"line":17,"column":14},"end":{"line":17,"column":37}},"7":{"start":{"line":19,"column":15},"end":{"line":19,"column":46}},"8":{"start":{"line":21,"column":17},"end":{"line":21,"column":43}},"9":{"start":{"line":23,"column":18},"end":{"line":23,"column":52}},"10":{"start":{"line":25,"column":17},"end":{"line":25,"column":43}},"11":{"start":{"line":27,"column":18},"end":{"line":27,"column":52}},"12":{"start":{"line":29,"column":39},"end":{"line":29,"column":93}},"13":{"start":{"line":32,"column":13},"end":{"line":32,"column":35}},"14":{"start":{"line":35,"column":0},"end":{"line":35,"column":80}},"15":{"start":{"line":37,"column":0},"end":{"line":37,"column":81}},"16":{"start":{"line":39,"column":0},"end":{"line":39,"column":197}},"17":{"start":{"line":41,"column":0},"end":{"line":41,"column":165}},"18":{"start":{"line":43,"column":0},"end":{"line":43,"column":92}},"19":{"start":{"line":45,"column":0},"end":{"line":45,"column":84}},"20":{"start":{"line":46,"column":0},"end":{"line":46,"column":25}}},"fnMap":{"0":{"name":"_interopRequireDefault","decl":{"start":{"line":29,"column":9},"end":{"line":29,"column":31}},"loc":{"start":{"line":29,"column":37},"end":{"line":29,"column":95}},"line":29}},"branchMap":{"0":{"loc":{"start":{"line":29,"column":46},"end":{"line":29,"column":92}},"type":"cond-expr","locations":[{"start":{"line":29,"column":70},"end":{"line":29,"column":73}},{"start":{"line":29,"column":76},"end":{"line":29,"column":92}}],"line":29},"1":{"loc":{"start":{"line":29,"column":46},"end":{"line":29,"column":67}},"type":"binary-expr","locations":[{"start":{"line":29,"column":46},"end":{"line":29,"column":49}},{"start":{"line":29,"column":53},"end":{"line":29,"column":67}}],"line":29}},"s":{"0":1,"1":1,"2":1,"3":1,"4":1,"5":1,"6":1,"7":1,"8":1,"9":1,"10":1,"11":1,"12":5,"13":1,"14":1,"15":1,"16":1,"17":1,"18":1,"19":1,"20":1},"f":{"0":5},"b":{"0":[5,0],"1":[5,5]},"_coverageSchema":"d34fc3e6b8297bcde183f5492bcb8fcb36775295","hash":"0102743bff4ae8b89541014c82839a4cb91fd06f","contentHash":"7b045ebdc27776d2e28dff315278847e"},"C:\\Users\\D-SHOW World\\desktop\\projects\\fast food\\dist\\js\\multer_config.js":{"path":"C:\\Users\\D-SHOW World\\desktop\\projects\\fast food\\dist\\js\\multer_config.js","statementMap":{"0":{"start":{"line":3,"column":0},"end":{"line":5,"column":3}},"1":{"start":{"line":7,"column":14},"end":{"line":7,"column":31}},"2":{"start":{"line":9,"column":15},"end":{"line":9,"column":46}},"3":{"start":{"line":11,"column":39},"end":{"line":11,"column":93}},"4":{"start":{"line":13,"column":14},"end":{"line":20,"column":2}},"5":{"start":{"line":15,"column":4},"end":{"line":15,"column":26}},"6":{"start":{"line":18,"column":4},"end":{"line":18,"column":78}},"7":{"start":{"line":21,"column":17},"end":{"line":27,"column":1}},"8":{"start":{"line":22,"column":2},"end":{"line":26,"column":3}},"9":{"start":{"line":23,"column":4},"end":{"line":23,"column":19}},"10":{"start":{"line":25,"column":4},"end":{"line":25,"column":57}},"11":{"start":{"line":28,"column":13},"end":{"line":34,"column":2}},"12":{"start":{"line":36,"column":0},"end":{"line":36,"column":25}}},"fnMap":{"0":{"name":"_interopRequireDefault","decl":{"start":{"line":11,"column":9},"end":{"line":11,"column":31}},"loc":{"start":{"line":11,"column":37},"end":{"line":11,"column":95}},"line":11},"1":{"name":"destination","decl":{"start":{"line":14,"column":24},"end":{"line":14,"column":35}},"loc":{"start":{"line":14,"column":51},"end":{"line":16,"column":3}},"line":14},"2":{"name":"filename","decl":{"start":{"line":17,"column":21},"end":{"line":17,"column":29}},"loc":{"start":{"line":17,"column":45},"end":{"line":19,"column":3}},"line":17},"3":{"name":"fileFilter","decl":{"start":{"line":21,"column":26},"end":{"line":21,"column":36}},"loc":{"start":{"line":21,"column":52},"end":{"line":27,"column":1}},"line":21}},"branchMap":{"0":{"loc":{"start":{"line":11,"column":46},"end":{"line":11,"column":92}},"type":"cond-expr","locations":[{"start":{"line":11,"column":70},"end":{"line":11,"column":73}},{"start":{"line":11,"column":76},"end":{"line":11,"column":92}}],"line":11},"1":{"loc":{"start":{"line":11,"column":46},"end":{"line":11,"column":67}},"type":"binary-expr","locations":[{"start":{"line":11,"column":46},"end":{"line":11,"column":49}},{"start":{"line":11,"column":53},"end":{"line":11,"column":67}}],"line":11},"2":{"loc":{"start":{"line":22,"column":2},"end":{"line":26,"column":3}},"type":"if","locations":[{"start":{"line":22,"column":2},"end":{"line":26,"column":3}},{"start":{"line":22,"column":2},"end":{"line":26,"column":3}}],"line":22},"3":{"loc":{"start":{"line":22,"column":6},"end":{"line":22,"column":68}},"type":"binary-expr","locations":[{"start":{"line":22,"column":6},"end":{"line":22,"column":35}},{"start":{"line":22,"column":39},"end":{"line":22,"column":68}}],"line":22}},"s":{"0":1,"1":1,"2":1,"3":1,"4":1,"5":0,"6":0,"7":1,"8":0,"9":0,"10":0,"11":1,"12":1},"f":{"0":1,"1":0,"2":0,"3":0},"b":{"0":[0,1],"1":[1,1],"2":[0,0],"3":[0,0]},"_coverageSchema":"d34fc3e6b8297bcde183f5492bcb8fcb36775295","hash":"573e191b53512565783c392539f06847cea4d9ad","contentHash":"492fe8438c05d3973933649c7a6c21e2"},"C:\\Users\\D-SHOW World\\desktop\\projects\\fast food\\dist\\controllers\\menu.js":{"path":"C:\\Users\\D-SHOW World\\desktop\\projects\\fast food\\dist\\controllers\\menu.js","statementMap":{"0":{"start":{"line":3,"column":0},"end":{"line":5,"column":3}},"1":{"start":{"line":7,"column":19},"end":{"line":7,"column":563}},"2":{"start":{"line":7,"column":76},"end":{"line":7,"column":347}},"3":{"start":{"line":7,"column":134},"end":{"line":7,"column":142}},"4":{"start":{"line":7,"column":144},"end":{"line":7,"column":199}},"5":{"start":{"line":7,"column":200},"end":{"line":7,"column":231}},"6":{"start":{"line":7,"column":232},"end":{"line":7,"column":286}},"7":{"start":{"line":7,"column":259},"end":{"line":7,"column":286}},"8":{"start":{"line":7,"column":287},"end":{"line":7,"column":345}},"9":{"start":{"line":7,"column":350},"end":{"line":7,"column":559}},"10":{"start":{"line":7,"column":407},"end":{"line":7,"column":475}},"11":{"start":{"line":7,"column":423},"end":{"line":7,"column":475}},"12":{"start":{"line":7,"column":476},"end":{"line":7,"column":536}},"13":{"start":{"line":7,"column":493},"end":{"line":7,"column":536}},"14":{"start":{"line":7,"column":537},"end":{"line":7,"column":556}},"15":{"start":{"line":9,"column":14},"end":{"line":9,"column":37}},"16":{"start":{"line":11,"column":15},"end":{"line":11,"column":46}},"17":{"start":{"line":13,"column":13},"end":{"line":13,"column":35}},"18":{"start":{"line":15,"column":14},"end":{"line":15,"column":44}},"19":{"start":{"line":17,"column":39},"end":{"line":17,"column":93}},"20":{"start":{"line":19,"column":50},"end":{"line":19,"column":151}},"21":{"start":{"line":19,"column":92},"end":{"line":19,"column":149}},"22":{"start":{"line":22,"column":25},"end":{"line":128,"column":3}},"23":{"start":{"line":24,"column":4},"end":{"line":24,"column":46}},"24":{"start":{"line":27,"column":2},"end":{"line":125,"column":6}},"25":{"start":{"line":30,"column":6},"end":{"line":38,"column":9}},"26":{"start":{"line":31,"column":8},"end":{"line":33,"column":9}},"27":{"start":{"line":32,"column":10},"end":{"line":32,"column":27}},"28":{"start":{"line":34,"column":8},"end":{"line":37,"column":11}},"29":{"start":{"line":43,"column":15},"end":{"line":43,"column":28}},"30":{"start":{"line":45,"column":6},"end":{"line":58,"column":9}},"31":{"start":{"line":46,"column":8},"end":{"line":48,"column":9}},"32":{"start":{"line":47,"column":10},"end":{"line":47,"column":27}},"33":{"start":{"line":49,"column":8},"end":{"line":54,"column":9}},"34":{"start":{"line":50,"column":10},"end":{"line":53,"column":13}},"35":{"start":{"line":55,"column":8},"end":{"line":57,"column":11}},"36":{"start":{"line":63,"column":22},"end":{"line":63,"column":55}},"37":{"start":{"line":64,"column":6},"end":{"line":76,"column":9}},"38":{"start":{"line":65,"column":8},"end":{"line":67,"column":9}},"39":{"start":{"line":66,"column":10},"end":{"line":66,"column":27}},"40":{"start":{"line":68,"column":8},"end":{"line":75,"column":11}},"41":{"start":{"line":81,"column":15},"end":{"line":81,"column":28}},"42":{"start":{"line":83,"column":22},"end":{"line":83,"column":55}},"43":{"start":{"line":84,"column":6},"end":{"line":96,"column":9}},"44":{"start":{"line":85,"column":8},"end":{"line":87,"column":9}},"45":{"start":{"line":86,"column":10},"end":{"line":86,"column":27}},"46":{"start":{"line":88,"column":8},"end":{"line":95,"column":11}},"47":{"start":{"line":101,"column":15},"end":{"line":101,"column":28}},"48":{"start":{"line":103,"column":6},"end":{"line":110,"column":9}},"49":{"start":{"line":104,"column":8},"end":{"line":106,"column":9}},"50":{"start":{"line":105,"column":10},"end":{"line":105,"column":27}},"51":{"start":{"line":107,"column":8},"end":{"line":109,"column":11}},"52":{"start":{"line":115,"column":6},"end":{"line":123,"column":9}},"53":{"start":{"line":116,"column":8},"end":{"line":118,"column":9}},"54":{"start":{"line":117,"column":10},"end":{"line":117,"column":27}},"55":{"start":{"line":119,"column":8},"end":{"line":122,"column":11}},"56":{"start":{"line":127,"column":2},"end":{"line":127,"column":28}},"57":{"start":{"line":130,"column":25},"end":{"line":130,"column":49}},"58":{"start":{"line":131,"column":0},"end":{"line":131,"column":37}}},"fnMap":{"0":{"name":"(anonymous_0)","decl":{"start":{"line":7,"column":19},"end":{"line":7,"column":20}},"loc":{"start":{"line":7,"column":31},"end":{"line":7,"column":561}},"line":7},"1":{"name":"defineProperties","decl":{"start":{"line":7,"column":42},"end":{"line":7,"column":58}},"loc":{"start":{"line":7,"column":74},"end":{"line":7,"column":349}},"line":7},"2":{"name":"(anonymous_2)","decl":{"start":{"line":7,"column":357},"end":{"line":7,"column":358}},"loc":{"start":{"line":7,"column":405},"end":{"line":7,"column":558}},"line":7},"3":{"name":"_interopRequireDefault","decl":{"start":{"line":17,"column":9},"end":{"line":17,"column":31}},"loc":{"start":{"line":17,"column":37},"end":{"line":17,"column":95}},"line":17},"4":{"name":"_classCallCheck","decl":{"start":{"line":19,"column":9},"end":{"line":19,"column":24}},"loc":{"start":{"line":19,"column":48},"end":{"line":19,"column":153}},"line":19},"5":{"name":"(anonymous_5)","decl":{"start":{"line":22,"column":25},"end":{"line":22,"column":26}},"loc":{"start":{"line":22,"column":37},"end":{"line":128,"column":1}},"line":22},"6":{"name":"FoodListController","decl":{"start":{"line":23,"column":11},"end":{"line":23,"column":29}},"loc":{"start":{"line":23,"column":32},"end":{"line":25,"column":3}},"line":23},"7":{"name":"getAllFood","decl":{"start":{"line":29,"column":20},"end":{"line":29,"column":30}},"loc":{"start":{"line":29,"column":47},"end":{"line":39,"column":5}},"line":29},"8":{"name":"(anonymous_8)","decl":{"start":{"line":30,"column":54},"end":{"line":30,"column":55}},"loc":{"start":{"line":30,"column":75},"end":{"line":38,"column":7}},"line":30},"9":{"name":"getFood","decl":{"start":{"line":42,"column":20},"end":{"line":42,"column":27}},"loc":{"start":{"line":42,"column":44},"end":{"line":59,"column":5}},"line":42},"10":{"name":"(anonymous_10)","decl":{"start":{"line":45,"column":72},"end":{"line":45,"column":73}},"loc":{"start":{"line":45,"column":93},"end":{"line":58,"column":7}},"line":45},"11":{"name":"postFood","decl":{"start":{"line":62,"column":20},"end":{"line":62,"column":28}},"loc":{"start":{"line":62,"column":45},"end":{"line":77,"column":5}},"line":62},"12":{"name":"(anonymous_12)","decl":{"start":{"line":64,"column":133},"end":{"line":64,"column":134}},"loc":{"start":{"line":64,"column":148},"end":{"line":76,"column":7}},"line":64},"13":{"name":"updateFood","decl":{"start":{"line":80,"column":20},"end":{"line":80,"column":30}},"loc":{"start":{"line":80,"column":47},"end":{"line":97,"column":5}},"line":80},"14":{"name":"(anonymous_14)","decl":{"start":{"line":84,"column":137},"end":{"line":84,"column":138}},"loc":{"start":{"line":84,"column":152},"end":{"line":96,"column":7}},"line":84},"15":{"name":"deleteFood","decl":{"start":{"line":100,"column":20},"end":{"line":100,"column":30}},"loc":{"start":{"line":100,"column":47},"end":{"line":111,"column":5}},"line":100},"16":{"name":"(anonymous_16)","decl":{"start":{"line":103,"column":70},"end":{"line":103,"column":71}},"loc":{"start":{"line":103,"column":85},"end":{"line":110,"column":7}},"line":103},"17":{"name":"getTotal","decl":{"start":{"line":114,"column":20},"end":{"line":114,"column":28}},"loc":{"start":{"line":114,"column":45},"end":{"line":124,"column":5}},"line":114},"18":{"name":"(anonymous_18)","decl":{"start":{"line":115,"column":61},"end":{"line":115,"column":62}},"loc":{"start":{"line":115,"column":82},"end":{"line":123,"column":7}},"line":115}},"branchMap":{"0":{"loc":{"start":{"line":7,"column":168},"end":{"line":7,"column":198}},"type":"binary-expr","locations":[{"start":{"line":7,"column":168},"end":{"line":7,"column":189}},{"start":{"line":7,"column":193},"end":{"line":7,"column":198}}],"line":7},"1":{"loc":{"start":{"line":7,"column":232},"end":{"line":7,"column":286}},"type":"if","locations":[{"start":{"line":7,"column":232},"end":{"line":7,"column":286}},{"start":{"line":7,"column":232},"end":{"line":7,"column":286}}],"line":7},"2":{"loc":{"start":{"line":7,"column":407},"end":{"line":7,"column":475}},"type":"if","locations":[{"start":{"line":7,"column":407},"end":{"line":7,"column":475}},{"start":{"line":7,"column":407},"end":{"line":7,"column":475}}],"line":7},"3":{"loc":{"start":{"line":7,"column":476},"end":{"line":7,"column":536}},"type":"if","locations":[{"start":{"line":7,"column":476},"end":{"line":7,"column":536}},{"start":{"line":7,"column":476},"end":{"line":7,"column":536}}],"line":7},"4":{"loc":{"start":{"line":17,"column":46},"end":{"line":17,"column":92}},"type":"cond-expr","locations":[{"start":{"line":17,"column":70},"end":{"line":17,"column":73}},{"start":{"line":17,"column":76},"end":{"line":17,"column":92}}],"line":17},"5":{"loc":{"start":{"line":17,"column":46},"end":{"line":17,"column":67}},"type":"binary-expr","locations":[{"start":{"line":17,"column":46},"end":{"line":17,"column":49}},{"start":{"line":17,"column":53},"end":{"line":17,"column":67}}],"line":17},"6":{"loc":{"start":{"line":19,"column":50},"end":{"line":19,"column":151}},"type":"if","locations":[{"start":{"line":19,"column":50},"end":{"line":19,"column":151}},{"start":{"line":19,"column":50},"end":{"line":19,"column":151}}],"line":19},"7":{"loc":{"start":{"line":31,"column":8},"end":{"line":33,"column":9}},"type":"if","locations":[{"start":{"line":31,"column":8},"end":{"line":33,"column":9}},{"start":{"line":31,"column":8},"end":{"line":33,"column":9}}],"line":31},"8":{"loc":{"start":{"line":46,"column":8},"end":{"line":48,"column":9}},"type":"if","locations":[{"start":{"line":46,"column":8},"end":{"line":48,"column":9}},{"start":{"line":46,"column":8},"end":{"line":48,"column":9}}],"line":46},"9":{"loc":{"start":{"line":49,"column":8},"end":{"line":54,"column":9}},"type":"if","locations":[{"start":{"line":49,"column":8},"end":{"line":54,"column":9}},{"start":{"line":49,"column":8},"end":{"line":54,"column":9}}],"line":49},"10":{"loc":{"start":{"line":65,"column":8},"end":{"line":67,"column":9}},"type":"if","locations":[{"start":{"line":65,"column":8},"end":{"line":67,"column":9}},{"start":{"line":65,"column":8},"end":{"line":67,"column":9}}],"line":65},"11":{"loc":{"start":{"line":85,"column":8},"end":{"line":87,"column":9}},"type":"if","locations":[{"start":{"line":85,"column":8},"end":{"line":87,"column":9}},{"start":{"line":85,"column":8},"end":{"line":87,"column":9}}],"line":85},"12":{"loc":{"start":{"line":104,"column":8},"end":{"line":106,"column":9}},"type":"if","locations":[{"start":{"line":104,"column":8},"end":{"line":106,"column":9}},{"start":{"line":104,"column":8},"end":{"line":106,"column":9}}],"line":104},"13":{"loc":{"start":{"line":116,"column":8},"end":{"line":118,"column":9}},"type":"if","locations":[{"start":{"line":116,"column":8},"end":{"line":118,"column":9}},{"start":{"line":116,"column":8},"end":{"line":118,"column":9}}],"line":116}},"s":{"0":1,"1":1,"2":1,"3":6,"4":6,"5":6,"6":6,"7":6,"8":6,"9":1,"10":1,"11":1,"12":1,"13":0,"14":1,"15":1,"16":1,"17":1,"18":1,"19":2,"20":1,"21":0,"22":1,"23":1,"24":1,"25":1,"26":1,"27":0,"28":1,"29":2,"30":2,"31":2,"32":0,"33":2,"34":1,"35":1,"36":1,"37":1,"38":1,"39":0,"40":1,"41":1,"42":1,"43":1,"44":1,"45":0,"46":1,"47":1,"48":1,"49":1,"50":0,"51":1,"52":1,"53":1,"54":0,"55":1,"56":1,"57":1,"58":1},"f":{"0":1,"1":1,"2":1,"3":2,"4":1,"5":1,"6":1,"7":1,"8":1,"9":2,"10":2,"11":1,"12":1,"13":1,"14":1,"15":1,"16":1,"17":1,"18":1},"b":{"0":[6,6],"1":[6,0],"2":[1,0],"3":[0,1],"4":[1,1],"5":[2,2],"6":[0,1],"7":[0,1],"8":[0,2],"9":[1,1],"10":[0,1],"11":[0,1],"12":[0,1],"13":[0,1]},"_coverageSchema":"d34fc3e6b8297bcde183f5492bcb8fcb36775295","hash":"d6df8bd932825e9458317c25a014e89b670ba18f","contentHash":"0f85ec7d1c23e07dc0572f82493ba063"},"C:\\Users\\D-SHOW World\\desktop\\projects\\fast food\\dist\\js\\read_file.js":{"path":"C:\\Users\\D-SHOW World\\desktop\\projects\\fast food\\dist\\js\\read_file.js","statementMap":{"0":{"start":{"line":3,"column":0},"end":{"line":5,"column":3}},"1":{"start":{"line":7,"column":13},"end":{"line":7,"column":35}},"2":{"start":{"line":9,"column":14},"end":{"line":9,"column":44}},"3":{"start":{"line":11,"column":39},"end":{"line":11,"column":93}},"4":{"start":{"line":14,"column":22},"end":{"line":28,"column":1}},"5":{"start":{"line":15,"column":2},"end":{"line":27,"column":5}},"6":{"start":{"line":16,"column":4},"end":{"line":18,"column":5}},"7":{"start":{"line":17,"column":6},"end":{"line":17,"column":23}},"8":{"start":{"line":19,"column":4},"end":{"line":25,"column":5}},"9":{"start":{"line":20,"column":6},"end":{"line":24,"column":7}},"10":{"start":{"line":21,"column":8},"end":{"line":23,"column":11}},"11":{"start":{"line":26,"column":4},"end":{"line":26,"column":11}},"12":{"start":{"line":29,"column":0},"end":{"line":31,"column":2}}},"fnMap":{"0":{"name":"_interopRequireDefault","decl":{"start":{"line":11,"column":9},"end":{"line":11,"column":31}},"loc":{"start":{"line":11,"column":37},"end":{"line":11,"column":95}},"line":11},"1":{"name":"isFoodAvailable","decl":{"start":{"line":14,"column":31},"end":{"line":14,"column":46}},"loc":{"start":{"line":14,"column":63},"end":{"line":28,"column":1}},"line":14},"2":{"name":"(anonymous_2)","decl":{"start":{"line":15,"column":53},"end":{"line":15,"column":54}},"loc":{"start":{"line":15,"column":74},"end":{"line":27,"column":3}},"line":15}},"branchMap":{"0":{"loc":{"start":{"line":11,"column":46},"end":{"line":11,"column":92}},"type":"cond-expr","locations":[{"start":{"line":11,"column":70},"end":{"line":11,"column":73}},{"start":{"line":11,"column":76},"end":{"line":11,"column":92}}],"line":11},"1":{"loc":{"start":{"line":11,"column":46},"end":{"line":11,"column":67}},"type":"binary-expr","locations":[{"start":{"line":11,"column":46},"end":{"line":11,"column":49}},{"start":{"line":11,"column":53},"end":{"line":11,"column":67}}],"line":11},"2":{"loc":{"start":{"line":16,"column":4},"end":{"line":18,"column":5}},"type":"if","locations":[{"start":{"line":16,"column":4},"end":{"line":18,"column":5}},{"start":{"line":16,"column":4},"end":{"line":18,"column":5}}],"line":16},"3":{"loc":{"start":{"line":20,"column":6},"end":{"line":24,"column":7}},"type":"if","locations":[{"start":{"line":20,"column":6},"end":{"line":24,"column":7}},{"start":{"line":20,"column":6},"end":{"line":24,"column":7}}],"line":20}},"s":{"0":1,"1":1,"2":1,"3":1,"4":1,"5":1,"6":1,"7":0,"8":1,"9":0,"10":0,"11":1,"12":1},"f":{"0":1,"1":1,"2":1},"b":{"0":[0,1],"1":[1,1],"2":[0,1],"3":[0,0]},"_coverageSchema":"d34fc3e6b8297bcde183f5492bcb8fcb36775295","hash":"3a0add847b48403869d9b3422713e18a46ec28b5","contentHash":"fa1a213de663a01f802754b8a6a4afc1"},"C:\\Users\\D-SHOW World\\desktop\\projects\\fast food\\dist\\routes\\auth.js":{"path":"C:\\Users\\D-SHOW World\\desktop\\projects\\fast food\\dist\\routes\\auth.js","statementMap":{"0":{"start":{"line":3,"column":0},"end":{"line":5,"column":3}},"1":{"start":{"line":7,"column":15},"end":{"line":7,"column":33}},"2":{"start":{"line":9,"column":12},"end":{"line":9,"column":42}},"3":{"start":{"line":11,"column":13},"end":{"line":11,"column":42}},"4":{"start":{"line":13,"column":22},"end":{"line":13,"column":53}},"5":{"start":{"line":15,"column":23},"end":{"line":15,"column":62}},"6":{"start":{"line":17,"column":17},"end":{"line":17,"column":43}},"7":{"start":{"line":19,"column":18},"end":{"line":19,"column":52}},"8":{"start":{"line":21,"column":39},"end":{"line":21,"column":93}},"9":{"start":{"line":24,"column":13},"end":{"line":24,"column":35}},"10":{"start":{"line":26,"column":0},"end":{"line":26,"column":166}},"11":{"start":{"line":27,"column":0},"end":{"line":27,"column":128}},"12":{"start":{"line":28,"column":0},"end":{"line":28,"column":215}},"13":{"start":{"line":30,"column":0},"end":{"line":30,"column":25}}},"fnMap":{"0":{"name":"_interopRequireDefault","decl":{"start":{"line":21,"column":9},"end":{"line":21,"column":31}},"loc":{"start":{"line":21,"column":37},"end":{"line":21,"column":95}},"line":21}},"branchMap":{"0":{"loc":{"start":{"line":21,"column":46},"end":{"line":21,"column":92}},"type":"cond-expr","locations":[{"start":{"line":21,"column":70},"end":{"line":21,"column":73}},{"start":{"line":21,"column":76},"end":{"line":21,"column":92}}],"line":21},"1":{"loc":{"start":{"line":21,"column":46},"end":{"line":21,"column":67}},"type":"binary-expr","locations":[{"start":{"line":21,"column":46},"end":{"line":21,"column":49}},{"start":{"line":21,"column":53},"end":{"line":21,"column":67}}],"line":21}},"s":{"0":1,"1":1,"2":1,"3":1,"4":1,"5":1,"6":1,"7":1,"8":3,"9":1,"10":1,"11":1,"12":1,"13":1},"f":{"0":3},"b":{"0":[3,0],"1":[3,3]},"_coverageSchema":"d34fc3e6b8297bcde183f5492bcb8fcb36775295","hash":"30e53b3ccbda1c8345774274183ae93e9b5a5cd1","contentHash":"57b03424777ac4fc9acbd97950ec4c5e"},"C:\\Users\\D-SHOW World\\desktop\\projects\\fast food\\dist\\controllers\\auth.js":{"path":"C:\\Users\\D-SHOW World\\desktop\\projects\\fast food\\dist\\controllers\\auth.js","statementMap":{"0":{"start":{"line":3,"column":0},"end":{"line":5,"column":3}},"1":{"start":{"line":7,"column":19},"end":{"line":7,"column":563}},"2":{"start":{"line":7,"column":76},"end":{"line":7,"column":347}},"3":{"start":{"line":7,"column":134},"end":{"line":7,"column":142}},"4":{"start":{"line":7,"column":144},"end":{"line":7,"column":199}},"5":{"start":{"line":7,"column":200},"end":{"line":7,"column":231}},"6":{"start":{"line":7,"column":232},"end":{"line":7,"column":286}},"7":{"start":{"line":7,"column":259},"end":{"line":7,"column":286}},"8":{"start":{"line":7,"column":287},"end":{"line":7,"column":345}},"9":{"start":{"line":7,"column":350},"end":{"line":7,"column":559}},"10":{"start":{"line":7,"column":407},"end":{"line":7,"column":475}},"11":{"start":{"line":7,"column":423},"end":{"line":7,"column":475}},"12":{"start":{"line":7,"column":476},"end":{"line":7,"column":536}},"13":{"start":{"line":7,"column":493},"end":{"line":7,"column":536}},"14":{"start":{"line":7,"column":537},"end":{"line":7,"column":556}},"15":{"start":{"line":9,"column":16},"end":{"line":9,"column":35}},"16":{"start":{"line":11,"column":17},"end":{"line":11,"column":50}},"17":{"start":{"line":13,"column":20},"end":{"line":13,"column":43}},"18":{"start":{"line":15,"column":21},"end":{"line":15,"column":58}},"19":{"start":{"line":17,"column":13},"end":{"line":17,"column":35}},"20":{"start":{"line":19,"column":14},"end":{"line":19,"column":44}},"21":{"start":{"line":21,"column":39},"end":{"line":21,"column":93}},"22":{"start":{"line":23,"column":50},"end":{"line":23,"column":151}},"23":{"start":{"line":23,"column":92},"end":{"line":23,"column":149}},"24":{"start":{"line":26,"column":21},"end":{"line":97,"column":3}},"25":{"start":{"line":28,"column":4},"end":{"line":28,"column":42}},"26":{"start":{"line":31,"column":2},"end":{"line":94,"column":6}},"27":{"start":{"line":34,"column":21},"end":{"line":34,"column":71}},"28":{"start":{"line":35,"column":19},"end":{"line":35,"column":86}},"29":{"start":{"line":36,"column":6},"end":{"line":48,"column":9}},"30":{"start":{"line":37,"column":8},"end":{"line":39,"column":9}},"31":{"start":{"line":38,"column":10},"end":{"line":38,"column":27}},"32":{"start":{"line":40,"column":8},"end":{"line":47,"column":11}},"33":{"start":{"line":53,"column":21},"end":{"line":53,"column":71}},"34":{"start":{"line":54,"column":19},"end":{"line":54,"column":87}},"35":{"start":{"line":55,"column":6},"end":{"line":67,"column":9}},"36":{"start":{"line":56,"column":8},"end":{"line":58,"column":9}},"37":{"start":{"line":57,"column":10},"end":{"line":57,"column":27}},"38":{"start":{"line":59,"column":8},"end":{"line":66,"column":11}},"39":{"start":{"line":72,"column":6},"end":{"line":92,"column":9}},"40":{"start":{"line":73,"column":8},"end":{"line":75,"column":9}},"41":{"start":{"line":74,"column":10},"end":{"line":74,"column":27}},"42":{"start":{"line":76,"column":8},"end":{"line":91,"column":9}},"43":{"start":{"line":77,"column":24},"end":{"line":77,"column":96}},"44":{"start":{"line":78,"column":10},"end":{"line":87,"column":11}},"45":{"start":{"line":79,"column":24},"end":{"line":82,"column":35}},"46":{"start":{"line":83,"column":12},"end":{"line":86,"column":15}},"47":{"start":{"line":88,"column":10},"end":{"line":90,"column":13}},"48":{"start":{"line":96,"column":2},"end":{"line":96,"column":24}},"49":{"start":{"line":99,"column":21},"end":{"line":99,"column":41}},"50":{"start":{"line":100,"column":0},"end":{"line":100,"column":33}}},"fnMap":{"0":{"name":"(anonymous_0)","decl":{"start":{"line":7,"column":19},"end":{"line":7,"column":20}},"loc":{"start":{"line":7,"column":31},"end":{"line":7,"column":561}},"line":7},"1":{"name":"defineProperties","decl":{"start":{"line":7,"column":42},"end":{"line":7,"column":58}},"loc":{"start":{"line":7,"column":74},"end":{"line":7,"column":349}},"line":7},"2":{"name":"(anonymous_2)","decl":{"start":{"line":7,"column":357},"end":{"line":7,"column":358}},"loc":{"start":{"line":7,"column":405},"end":{"line":7,"column":558}},"line":7},"3":{"name":"_interopRequireDefault","decl":{"start":{"line":21,"column":9},"end":{"line":21,"column":31}},"loc":{"start":{"line":21,"column":37},"end":{"line":21,"column":95}},"line":21},"4":{"name":"_classCallCheck","decl":{"start":{"line":23,"column":9},"end":{"line":23,"column":24}},"loc":{"start":{"line":23,"column":48},"end":{"line":23,"column":153}},"line":23},"5":{"name":"(anonymous_5)","decl":{"start":{"line":26,"column":21},"end":{"line":26,"column":22}},"loc":{"start":{"line":26,"column":33},"end":{"line":97,"column":1}},"line":26},"6":{"name":"AuthController","decl":{"start":{"line":27,"column":11},"end":{"line":27,"column":25}},"loc":{"start":{"line":27,"column":28},"end":{"line":29,"column":3}},"line":27},"7":{"name":"register","decl":{"start":{"line":33,"column":20},"end":{"line":33,"column":28}},"loc":{"start":{"line":33,"column":45},"end":{"line":49,"column":5}},"line":33},"8":{"name":"(anonymous_8)","decl":{"start":{"line":36,"column":119},"end":{"line":36,"column":120}},"loc":{"start":{"line":36,"column":134},"end":{"line":48,"column":7}},"line":36},"9":{"name":"adminRegister","decl":{"start":{"line":52,"column":20},"end":{"line":52,"column":33}},"loc":{"start":{"line":52,"column":50},"end":{"line":68,"column":5}},"line":52},"10":{"name":"(anonymous_10)","decl":{"start":{"line":55,"column":119},"end":{"line":55,"column":120}},"loc":{"start":{"line":55,"column":134},"end":{"line":67,"column":7}},"line":55},"11":{"name":"login","decl":{"start":{"line":71,"column":20},"end":{"line":71,"column":25}},"loc":{"start":{"line":71,"column":42},"end":{"line":93,"column":5}},"line":71},"12":{"name":"(anonymous_12)","decl":{"start":{"line":72,"column":84},"end":{"line":72,"column":85}},"loc":{"start":{"line":72,"column":105},"end":{"line":92,"column":7}},"line":72}},"branchMap":{"0":{"loc":{"start":{"line":7,"column":168},"end":{"line":7,"column":198}},"type":"binary-expr","locations":[{"start":{"line":7,"column":168},"end":{"line":7,"column":189}},{"start":{"line":7,"column":193},"end":{"line":7,"column":198}}],"line":7},"1":{"loc":{"start":{"line":7,"column":232},"end":{"line":7,"column":286}},"type":"if","locations":[{"start":{"line":7,"column":232},"end":{"line":7,"column":286}},{"start":{"line":7,"column":232},"end":{"line":7,"column":286}}],"line":7},"2":{"loc":{"start":{"line":7,"column":407},"end":{"line":7,"column":475}},"type":"if","locations":[{"start":{"line":7,"column":407},"end":{"line":7,"column":475}},{"start":{"line":7,"column":407},"end":{"line":7,"column":475}}],"line":7},"3":{"loc":{"start":{"line":7,"column":476},"end":{"line":7,"column":536}},"type":"if","locations":[{"start":{"line":7,"column":476},"end":{"line":7,"column":536}},{"start":{"line":7,"column":476},"end":{"line":7,"column":536}}],"line":7},"4":{"loc":{"start":{"line":21,"column":46},"end":{"line":21,"column":92}},"type":"cond-expr","locations":[{"start":{"line":21,"column":70},"end":{"line":21,"column":73}},{"start":{"line":21,"column":76},"end":{"line":21,"column":92}}],"line":21},"5":{"loc":{"start":{"line":21,"column":46},"end":{"line":21,"column":67}},"type":"binary-expr","locations":[{"start":{"line":21,"column":46},"end":{"line":21,"column":49}},{"start":{"line":21,"column":53},"end":{"line":21,"column":67}}],"line":21},"6":{"loc":{"start":{"line":23,"column":50},"end":{"line":23,"column":151}},"type":"if","locations":[{"start":{"line":23,"column":50},"end":{"line":23,"column":151}},{"start":{"line":23,"column":50},"end":{"line":23,"column":151}}],"line":23},"7":{"loc":{"start":{"line":37,"column":8},"end":{"line":39,"column":9}},"type":"if","locations":[{"start":{"line":37,"column":8},"end":{"line":39,"column":9}},{"start":{"line":37,"column":8},"end":{"line":39,"column":9}}],"line":37},"8":{"loc":{"start":{"line":56,"column":8},"end":{"line":58,"column":9}},"type":"if","locations":[{"start":{"line":56,"column":8},"end":{"line":58,"column":9}},{"start":{"line":56,"column":8},"end":{"line":58,"column":9}}],"line":56},"9":{"loc":{"start":{"line":73,"column":8},"end":{"line":75,"column":9}},"type":"if","locations":[{"start":{"line":73,"column":8},"end":{"line":75,"column":9}},{"start":{"line":73,"column":8},"end":{"line":75,"column":9}}],"line":73},"10":{"loc":{"start":{"line":76,"column":8},"end":{"line":91,"column":9}},"type":"if","locations":[{"start":{"line":76,"column":8},"end":{"line":91,"column":9}},{"start":{"line":76,"column":8},"end":{"line":91,"column":9}}],"line":76},"11":{"loc":{"start":{"line":78,"column":10},"end":{"line":87,"column":11}},"type":"if","locations":[{"start":{"line":78,"column":10},"end":{"line":87,"column":11}},{"start":{"line":78,"column":10},"end":{"line":87,"column":11}}],"line":78}},"s":{"0":1,"1":1,"2":1,"3":3,"4":3,"5":3,"6":3,"7":3,"8":3,"9":1,"10":1,"11":1,"12":1,"13":0,"14":1,"15":1,"16":1,"17":1,"18":1,"19":1,"20":1,"21":3,"22":1,"23":0,"24":1,"25":1,"26":1,"27":2,"28":2,"29":2,"30":2,"31":0,"32":2,"33":1,"34":1,"35":1,"36":1,"37":0,"38":1,"39":2,"40":2,"41":0,"42":2,"43":2,"44":2,"45":2,"46":2,"47":0,"48":1,"49":1,"50":1},"f":{"0":1,"1":1,"2":1,"3":3,"4":1,"5":1,"6":1,"7":2,"8":2,"9":1,"10":1,"11":2,"12":2},"b":{"0":[3,3],"1":[3,0],"2":[1,0],"3":[0,1],"4":[0,3],"5":[3,3],"6":[0,1],"7":[0,2],"8":[0,1],"9":[0,2],"10":[2,0],"11":[2,0]},"_coverageSchema":"d34fc3e6b8297bcde183f5492bcb8fcb36775295","hash":"a8df150d2aec4a2f18d71d3c57aa8d911411cd41","contentHash":"4da8ad4548e395f9799872144c921a02"},"C:\\Users\\D-SHOW World\\desktop\\projects\\fast food\\dist\\js\\authmiddleware.js":{"path":"C:\\Users\\D-SHOW World\\desktop\\projects\\fast food\\dist\\js\\authmiddleware.js","statementMap":{"0":{"start":{"line":3,"column":0},"end":{"line":5,"column":3}},"1":{"start":{"line":7,"column":13},"end":{"line":7,"column":35}},"2":{"start":{"line":9,"column":14},"end":{"line":9,"column":44}},"3":{"start":{"line":11,"column":39},"end":{"line":11,"column":93}},"4":{"start":{"line":13,"column":0},"end":{"line":86,"column":2}},"5":{"start":{"line":15,"column":4},"end":{"line":19,"column":5}},"6":{"start":{"line":16,"column":6},"end":{"line":18,"column":9}},"7":{"start":{"line":19,"column":5},"end":{"line":23,"column":5}},"8":{"start":{"line":20,"column":6},"end":{"line":22,"column":9}},"9":{"start":{"line":23,"column":5},"end":{"line":27,"column":5}},"10":{"start":{"line":24,"column":6},"end":{"line":26,"column":9}},"11":{"start":{"line":27,"column":5},"end":{"line":31,"column":5}},"12":{"start":{"line":28,"column":6},"end":{"line":30,"column":9}},"13":{"start":{"line":32,"column":4},"end":{"line":32,"column":11}},"14":{"start":{"line":35,"column":13},"end":{"line":35,"column":27}},"15":{"start":{"line":36,"column":16},"end":{"line":36,"column":46}},"16":{"start":{"line":37,"column":4},"end":{"line":41,"column":5}},"17":{"start":{"line":38,"column":6},"end":{"line":40,"column":9}},"18":{"start":{"line":42,"column":4},"end":{"line":42,"column":11}},"19":{"start":{"line":45,"column":4},"end":{"line":49,"column":5}},"20":{"start":{"line":46,"column":6},"end":{"line":48,"column":9}},"21":{"start":{"line":49,"column":5},"end":{"line":53,"column":5}},"22":{"start":{"line":50,"column":6},"end":{"line":52,"column":9}},"23":{"start":{"line":54,"column":4},"end":{"line":54,"column":11}},"24":{"start":{"line":57,"column":4},"end":{"line":69,"column":7}},"25":{"start":{"line":58,"column":6},"end":{"line":60,"column":7}},"26":{"start":{"line":59,"column":8},"end":{"line":59,"column":25}},"27":{"start":{"line":61,"column":6},"end":{"line":67,"column":7}},"28":{"start":{"line":62,"column":8},"end":{"line":66,"column":9}},"29":{"start":{"line":63,"column":10},"end":{"line":65,"column":13}},"30":{"start":{"line":68,"column":6},"end":{"line":68,"column":13}},"31":{"start":{"line":72,"column":4},"end":{"line":84,"column":7}},"32":{"start":{"line":73,"column":6},"end":{"line":75,"column":7}},"33":{"start":{"line":74,"column":8},"end":{"line":74,"column":25}},"34":{"start":{"line":76,"column":6},"end":{"line":80,"column":7}},"35":{"start":{"line":77,"column":8},"end":{"line":79,"column":9}},"36":{"start":{"line":78,"column":10},"end":{"line":78,"column":24}},"37":{"start":{"line":81,"column":6},"end":{"line":83,"column":9}}},"fnMap":{"0":{"name":"_interopRequireDefault","decl":{"start":{"line":11,"column":9},"end":{"line":11,"column":31}},"loc":{"start":{"line":11,"column":37},"end":{"line":11,"column":95}},"line":11},"1":{"name":"verifyBody","decl":{"start":{"line":14,"column":23},"end":{"line":14,"column":33}},"loc":{"start":{"line":14,"column":50},"end":{"line":33,"column":3}},"line":14},"2":{"name":"validate","decl":{"start":{"line":34,"column":21},"end":{"line":34,"column":29}},"loc":{"start":{"line":34,"column":46},"end":{"line":43,"column":3}},"line":34},"3":{"name":"verifySignin","decl":{"start":{"line":44,"column":25},"end":{"line":44,"column":37}},"loc":{"start":{"line":44,"column":54},"end":{"line":55,"column":3}},"line":44},"4":{"name":"isEmailExist","decl":{"start":{"line":56,"column":25},"end":{"line":56,"column":37}},"loc":{"start":{"line":56,"column":54},"end":{"line":70,"column":3}},"line":56},"5":{"name":"(anonymous_5)","decl":{"start":{"line":57,"column":53},"end":{"line":57,"column":54}},"loc":{"start":{"line":57,"column":74},"end":{"line":69,"column":5}},"line":57},"6":{"name":"isEmailInDb","decl":{"start":{"line":71,"column":24},"end":{"line":71,"column":35}},"loc":{"start":{"line":71,"column":52},"end":{"line":85,"column":3}},"line":71},"7":{"name":"(anonymous_7)","decl":{"start":{"line":72,"column":53},"end":{"line":72,"column":54}},"loc":{"start":{"line":72,"column":74},"end":{"line":84,"column":5}},"line":72}},"branchMap":{"0":{"loc":{"start":{"line":11,"column":46},"end":{"line":11,"column":92}},"type":"cond-expr","locations":[{"start":{"line":11,"column":70},"end":{"line":11,"column":73}},{"start":{"line":11,"column":76},"end":{"line":11,"column":92}}],"l
[...]
"column":12},"end":{"line":3,"column":27}},"1":{"start":{"line":5,"column":13},"end":{"line":5,"column":42}},"2":{"start":{"line":7,"column":16},"end":{"line":7,"column":36}},"3":{"start":{"line":9,"column":17},"end":{"line":9,"column":50}},"4":{"start":{"line":11,"column":13},"end":{"line":11,"column":32}},"5":{"start":{"line":13,"column":14},"end":{"line":13,"column":44}},"6":{"start":{"line":15,"column":39},"end":{"line":15,"column":93}},"7":{"start":{"line":17,"column":13},"end":{"line":17,"column":34}},"8":{"start":{"line":19,"column":13},"end":{"line":19,"column":36}},"9":{"start":{"line":20,"column":0},"end":{"line":20,"column":39}},"10":{"start":{"line":22,"column":12},"end":{"line":22,"column":173}},"11":{"start":{"line":23,"column":15},"end":{"line":23,"column":178}},"12":{"start":{"line":26,"column":11},"end":{"line":29,"column":1}},"13":{"start":{"line":31,"column":17},"end":{"line":34,"column":1}},"14":{"start":{"line":36,"column":0},"end":{"line":45,"column":3}},"15":{"start":{"line":37,"column":2},"end":{"line":44,"column":5}},"16":{"start":{"line":38,"column":4},"end":{"line":43,"column":7}},"17":{"start":{"line":39,"column":6},"end":{"line":39,"column":38}},"18":{"start":{"line":40,"column":6},"end":{"line":40,"column":50}},"19":{"start":{"line":41,"column":6},"end":{"line":41,"column":64}},"20":{"start":{"line":42,"column":6},"end":{"line":42,"column":63}},"21":{"start":{"line":46,"column":0},"end":{"line":72,"column":3}},"22":{"start":{"line":47,"column":2},"end":{"line":55,"column":5}},"23":{"start":{"line":48,"column":4},"end":{"line":54,"column":7}},"24":{"start":{"line":49,"column":6},"end":{"line":49,"column":38}},"25":{"start":{"line":50,"column":6},"end":{"line":50,"column":42}},"26":{"start":{"line":51,"column":6},"end":{"line":51,"column":46}},"27":{"start":{"line":52,"column":6},"end":{"line":52,"column":50}},"28":{"start":{"line":53,"column":6},"end":{"line":53,"column":54}},"29":{"start":{"line":57,"column":2},"end":{"line":63,"column":5}},"30":{"start":{"line":58,"column":4},"end":{"line":62,"column":7}},"31":{"start":{"line":59,"column":6},"end":{"line":59,"column":38}},"32":{"start":{"line":60,"column":6},"end":{"line":60,"column":42}},"33":{"start":{"line":61,"column":6},"end":{"line":61,"column":51}},"34":{"start":{"line":65,"column":2},"end":{"line":71,"column":5}},"35":{"start":{"line":66,"column":4},"end":{"line":70,"column":7}},"36":{"start":{"line":67,"column":6},"end":{"line":67,"column":38}},"37":{"start":{"line":68,"column":6},"end":{"line":68,"column":42}},"38":{"start":{"line":69,"column":6},"end":{"line":69,"column":69}},"39":{"start":{"line":74,"column":0},"end":{"line":82,"column":3}},"40":{"start":{"line":75,"column":2},"end":{"line":81,"column":5}},"41":{"start":{"line":76,"column":4},"end":{"line":80,"column":7}},"42":{"start":{"line":77,"column":6},"end":{"line":77,"column":38}},"43":{"start":{"line":78,"column":6},"end":{"line":78,"column":42}},"44":{"start":{"line":79,"column":6},"end":{"line":79,"column":67}},"45":{"start":{"line":84,"column":0},"end":{"line":94,"column":3}},"46":{"start":{"line":85,"column":2},"end":{"line":93,"column":5}},"47":{"start":{"line":86,"column":4},"end":{"line":92,"column":7}},"48":{"start":{"line":87,"column":6},"end":{"line":87,"column":38}},"49":{"start":{"line":88,"column":6},"end":{"line":88,"column":50}},"50":{"start":{"line":89,"column":6},"end":{"line":89,"column":64}},"51":{"start":{"line":90,"column":6},"end":{"line":90,"column":63}},"52":{"start":{"line":91,"column":6},"end":{"line":91,"column":67}}},"fnMap":{"0":{"name":"_interopRequireDefault","decl":{"start":{"line":15,"column":9},"end":{"line":15,"column":31}},"loc":{"start":{"line":15,"column":37},"end":{"line":15,"column":95}},"line":15},"1":{"name":"(anonymous_1)","decl":{"start":{"line":36,"column":36},"end":{"line":36,"column":37}},"loc":{"start":{"line":36,"column":48},"end":{"line":45,"column":1}},"line":36},"2":{"name":"(anonymous_2)","decl":{"start":{"line":37,"column":25},"end":{"line":37,"column":26}},"loc":{"start":{"line":37,"column":37},"end":{"line":44,"column":3}},"line":37},"3":{"name":"(anonymous_3)","decl":{"start":{"line":38,"column":128},"end":{"line":38,"column":129}},"loc":{"start":{"line":38,"column":143},"end":{"line":43,"column":5}},"line":38},"4":{"name":"(anonymous_4)","decl":{"start":{"line":46,"column":35},"end":{"line":46,"column":36}},"loc":{"start":{"line":46,"column":47},"end":{"line":72,"column":1}},"line":46},"5":{"name":"(anonymous_5)","decl":{"start":{"line":47,"column":44},"end":{"line":47,"column":45}},"loc":{"start":{"line":47,"column":56},"end":{"line":55,"column":3}},"line":47},"6":{"name":"(anonymous_6)","decl":{"start":{"line":48,"column":119},"end":{"line":48,"column":120}},"loc":{"start":{"line":48,"column":134},"end":{"line":54,"column":5}},"line":48},"7":{"name":"(anonymous_7)","decl":{"start":{"line":57,"column":31},"end":{"line":57,"column":32}},"loc":{"start":{"line":57,"column":43},"end":{"line":63,"column":3}},"line":57},"8":{"name":"(anonymous_8)","decl":{"start":{"line":58,"column":121},"end":{"line":58,"column":122}},"loc":{"start":{"line":58,"column":136},"end":{"line":62,"column":5}},"line":58},"9":{"name":"(anonymous_9)","decl":{"start":{"line":65,"column":32},"end":{"line":65,"column":33}},"loc":{"start":{"line":65,"column":44},"end":{"line":71,"column":3}},"line":65},"10":{"name":"(anonymous_10)","decl":{"start":{"line":66,"column":123},"end":{"line":66,"column":124}},"loc":{"start":{"line":66,"column":138},"end":{"line":70,"column":5}},"line":66},"11":{"name":"(anonymous_11)","decl":{"start":{"line":74,"column":54},"end":{"line":74,"column":55}},"loc":{"start":{"line":74,"column":66},"end":{"line":82,"column":1}},"line":74},"12":{"name":"(anonymous_12)","decl":{"start":{"line":75,"column":61},"end":{"line":75,"column":62}},"loc":{"start":{"line":75,"column":73},"end":{"line":81,"column":3}},"line":75},"13":{"name":"(anonymous_13)","decl":{"start":{"line":76,"column":121},"end":{"line":76,"column":122}},"loc":{"start":{"line":76,"column":136},"end":{"line":80,"column":5}},"line":76},"14":{"name":"(anonymous_14)","decl":{"start":{"line":84,"column":36},"end":{"line":84,"column":37}},"loc":{"start":{"line":84,"column":48},"end":{"line":94,"column":1}},"line":84},"15":{"name":"(anonymous_15)","decl":{"start":{"line":85,"column":27},"end":{"line":85,"column":28}},"loc":{"start":{"line":85,"column":39},"end":{"line":93,"column":3}},"line":85},"16":{"name":"(anonymous_16)","decl":{"start":{"line":86,"column":135},"end":{"line":86,"column":136}},"loc":{"start":{"line":86,"column":150},"end":{"line":92,"column":5}},"line":86}},"branchMap":{"0":{"loc":{"start":{"line":15,"column":46},"end":{"line":15,"column":92}},"type":"cond-expr","locations":[{"start":{"line":15,"column":70},"end":{"line":15,"column":73}},{"start":{"line":15,"column":76},"end":{"line":15,"column":92}}],"line":15},"1":{"loc":{"start":{"line":15,"column":46},"end":{"line":15,"column":67}},"type":"binary-expr","locations":[{"start":{"line":15,"column":46},"end":{"line":15,"column":49}},{"start":{"line":15,"column":53},"end":{"line":15,"column":67}}],"line":15}},"s":{"0":1,"1":1,"2":1,"3":1,"4":1,"5":1,"6":3,"7":1,"8":1,"9":1,"10":1,"11":1,"12":1,"13":1,"14":1,"15":1,"16":1,"17":1,"18":1,"19":1,"20":1,"21":1,"22":1,"23":1,"24":1,"25":1,"26":1,"27":1,"28":1,"29":1,"30":1,"31":1,"32":1,"33":1,"34":1,"35":1,"36":1,"37":1,"38":1,"39":1,"40":1,"41":1,"42":1,"43":1,"44":1,"45":1,"46":1,"47":1,"48":1,"49":1,"50":1,"51":1,"52":1},"f":{"0":3,"1":1,"2":1,"3":1,"4":1,"5":1,"6":1,"7":1,"8":1,"9":1,"10":1,"11":1,"12":1,"13":1,"14":1,"15":1,"16":1},"b":{"0":[1,2],"1":[3,3]},"_coverageSchema":"d34fc3e6b8297bcde183f5492bcb8fcb36775295","hash":"35c796671b90c161cb2e308cb4a70eddb3102284","contentHash":"d9d082a83de135f081839af0f7a825ec"},"C:\\Users\\D-SHOW World\\desktop\\projects\\fast food\\dist\\test\\orders.js":{"path":"C:\\Users\\D-SHOW World\\desktop\\projects\\fast food\\dist\\test\\orders.js","statementMap":{"0":{"start":{"line":3,"column":12},"end":{"line":3,"column":27}},"1":{"start":{"line":5,"column":13},"end":{"line":5,"column":42}},"2":{"start":{"line":7,"column":16},"end":{"line":7,"column":36}},"3":{"start":{"line":9,"column":17},"end":{"line":9,"column":50}},"4":{"start":{"line":11,"column":13},"end":{"line":11,"column":32}},"5":{"start":{"line":13,"column":14},"end":{"line":13,"column":44}},"6":{"start":{"line":15,"column":39},"end":{"line":15,"column":93}},"7":{"start":{"line":17,"column":13},"end":{"line":17,"column":34}},"8":{"start":{"line":19,"column":13},"end":{"line":19,"column":36}},"9":{"start":{"line":20,"column":0},"end":{"line":20,"column":39}},"10":{"start":{"line":23,"column":18},"end":{"line":25,"column":1}},"11":{"start":{"line":27,"column":12},"end":{"line":27,"column":173}},"12":{"start":{"line":28,"column":15},"end":{"line":28,"column":178}},"13":{"start":{"line":30,"column":15},"end":{"line":34,"column":1}},"14":{"start":{"line":36,"column":12},"end":{"line":39,"column":1}},"15":{"start":{"line":41,"column":14},"end":{"line":46,"column":1}},"16":{"start":{"line":48,"column":15},"end":{"line":52,"column":1}},"17":{"start":{"line":54,"column":19},"end":{"line":57,"column":1}},"18":{"start":{"line":60,"column":0},"end":{"line":78,"column":3}},"19":{"start":{"line":61,"column":2},"end":{"line":70,"column":5}},"20":{"start":{"line":62,"column":4},"end":{"line":69,"column":7}},"21":{"start":{"line":63,"column":6},"end":{"line":63,"column":38}},"22":{"start":{"line":64,"column":6},"end":{"line":64,"column":50}},"23":{"start":{"line":65,"column":6},"end":{"line":65,"column":52}},"24":{"start":{"line":66,"column":6},"end":{"line":66,"column":81}},"25":{"start":{"line":67,"column":6},"end":{"line":67,"column":70}},"26":{"start":{"line":68,"column":6},"end":{"line":68,"column":78}},"27":{"start":{"line":72,"column":2},"end":{"line":77,"column":5}},"28":{"start":{"line":73,"column":4},"end":{"line":76,"column":7}},"29":{"start":{"line":74,"column":6},"end":{"line":74,"column":38}},"30":{"start":{"line":75,"column":6},"end":{"line":75,"column":89}},"31":{"start":{"line":81,"column":0},"end":{"line":90,"column":3}},"32":{"start":{"line":82,"column":2},"end":{"line":89,"column":5}},"33":{"start":{"line":83,"column":4},"end":{"line":88,"column":7}},"34":{"start":{"line":84,"column":6},"end":{"line":84,"column":38}},"35":{"start":{"line":85,"column":6},"end":{"line":85,"column":42}},"36":{"start":{"line":86,"column":6},"end":{"line":86,"column":71}},"37":{"start":{"line":87,"column":6},"end":{"line":87,"column":45}},"38":{"start":{"line":92,"column":0},"end":{"line":101,"column":3}},"39":{"start":{"line":93,"column":2},"end":{"line":100,"column":5}},"40":{"start":{"line":94,"column":4},"end":{"line":99,"column":7}},"41":{"start":{"line":95,"column":6},"end":{"line":95,"column":38}},"42":{"start":{"line":96,"column":6},"end":{"line":96,"column":50}},"43":{"start":{"line":97,"column":6},"end":{"line":97,"column":52}},"44":{"start":{"line":98,"column":6},"end":{"line":98,"column":65}},"45":{"start":{"line":103,"column":0},"end":{"line":138,"column":3}},"46":{"start":{"line":104,"column":2},"end":{"line":112,"column":5}},"47":{"start":{"line":105,"column":4},"end":{"line":111,"column":7}},"48":{"start":{"line":106,"column":6},"end":{"line":106,"column":38}},"49":{"start":{"line":107,"column":6},"end":{"line":107,"column":48}},"50":{"start":{"line":108,"column":6},"end":{"line":108,"column":56}},"51":{"start":{"line":109,"column":6},"end":{"line":109,"column":59}},"52":{"start":{"line":110,"column":6},"end":{"line":110,"column":66}},"53":{"start":{"line":114,"column":2},"end":{"line":121,"column":5}},"54":{"start":{"line":115,"column":4},"end":{"line":120,"column":7}},"55":{"start":{"line":116,"column":6},"end":{"line":116,"column":38}},"56":{"start":{"line":117,"column":6},"end":{"line":117,"column":42}},"57":{"start":{"line":118,"column":6},"end":{"line":118,"column":55}},"58":{"start":{"line":119,"column":6},"end":{"line":119,"column":60}},"59":{"start":{"line":123,"column":2},"end":{"line":129,"column":5}},"60":{"start":{"line":124,"column":4},"end":{"line":128,"column":7}},"61":{"start":{"line":125,"column":6},"end":{"line":125,"column":38}},"62":{"start":{"line":126,"column":6},"end":{"line":126,"column":42}},"63":{"start":{"line":127,"column":6},"end":{"line":127,"column":69}},"64":{"start":{"line":131,"column":2},"end":{"line":137,"column":5}},"65":{"start":{"line":132,"column":4},"end":{"line":136,"column":7}},"66":{"start":{"line":133,"column":6},"end":{"line":133,"column":38}},"67":{"start":{"line":134,"column":6},"end":{"line":134,"column":49}},"68":{"start":{"line":135,"column":6},"end":{"line":135,"column":62}},"69":{"start":{"line":140,"column":0},"end":{"line":148,"column":3}},"70":{"start":{"line":141,"column":2},"end":{"line":147,"column":5}},"71":{"start":{"line":142,"column":4},"end":{"line":146,"column":7}},"72":{"start":{"line":143,"column":6},"end":{"line":143,"column":38}},"73":{"start":{"line":144,"column":6},"end":{"line":144,"column":42}},"74":{"start":{"line":145,"column":6},"end":{"line":145,"column":74}},"75":{"start":{"line":150,"column":0},"end":{"line":158,"column":3}},"76":{"start":{"line":151,"column":2},"end":{"line":157,"column":5}},"77":{"start":{"line":152,"column":4},"end":{"line":156,"column":7}},"78":{"start":{"line":153,"column":6},"end":{"line":153,"column":38}},"79":{"start":{"line":154,"column":6},"end":{"line":154,"column":42}},"80":{"start":{"line":155,"column":6},"end":{"line":155,"column":78}}},"fnMap":{"0":{"name":"_interopRequireDefault","decl":{"start":{"line":15,"column":9},"end":{"line":15,"column":31}},"loc":{"start":{"line":15,"column":37},"end":{"line":15,"column":95}},"line":15},"1":{"name":"(anonymous_1)","decl":{"start":{"line":60,"column":46},"end":{"line":60,"column":47}},"loc":{"start":{"line":60,"column":58},"end":{"line":78,"column":1}},"line":60},"2":{"name":"(anonymous_2)","decl":{"start":{"line":61,"column":29},"end":{"line":61,"column":30}},"loc":{"start":{"line":61,"column":41},"end":{"line":70,"column":3}},"line":61},"3":{"name":"(anonymous_3)","decl":{"start":{"line":62,"column":98},"end":{"line":62,"column":99}},"loc":{"start":{"line":62,"column":113},"end":{"line":69,"column":5}},"line":62},"4":{"name":"(anonymous_4)","decl":{"start":{"line":72,"column":52},"end":{"line":72,"column":53}},"loc":{"start":{"line":72,"column":64},"end":{"line":77,"column":3}},"line":72},"5":{"name":"(anonymous_5)","decl":{"start":{"line":73,"column":99},"end":{"line":73,"column":100}},"loc":{"start":{"line":73,"column":114},"end":{"line":76,"column":5}},"line":73},"6":{"name":"(anonymous_6)","decl":{"start":{"line":81,"column":45},"end":{"line":81,"column":46}},"loc":{"start":{"line":81,"column":57},"end":{"line":90,"column":1}},"line":81},"7":{"name":"(anonymous_7)","decl":{"start":{"line":82,"column":26},"end":{"line":82,"column":27}},"loc":{"start":{"line":82,"column":38},"end":{"line":89,"column":3}},"line":82},"8":{"name":"(anonymous_8)","decl":{"start":{"line":83,"column":102},"end":{"line":83,"column":103}},"loc":{"start":{"line":83,"column":117},"end":{"line":88,"column":5}},"line":83},"9":{"name":"(anonymous_9)","decl":{"start":{"line":92,"column":38},"end":{"line":92,"column":39}},"loc":{"start":{"line":92,"column":50},"end":{"line":101,"column":1}},"line":92},"10":{"name":"(anonymous_10)","decl":{"start":{"line":93,"column":25},"end":{"line":93,"column":26}},"loc":{"start":{"line":93,"column":37},"end":{"line":100,"column":3}},"line":93},"11":{"name":"(anonymous_11)","decl":{"start":{"line":94,"column":137},"end":{"line":94,"column":138}},"loc":{"start":{"line":94,"column":152},"end":{"line":99,"column":5}},"line":94},"12":{"name":"(anonymous_12)","decl":{"start":{"line":103,"column":37},"end":{"line":103,"column":38}},"loc":{"start":{"line":103,"column":49},"end":{"line":138,"column":1}},"line":103},"13":{"name":"(anonymous_13)","decl":{"start":{"line":104,"column":33},"end":{"line":104,"column":34}},"loc":{"start":{"line":104,"column":45},"end":{"line":112,"column":3}},"line":104},"14":{"name":"(anonymous_14)","decl":{"start":{"line":105,"column":118},"end":{"line":105,"column":119}},"loc":{"start":{"line":105,"column":133},"end":{"line":111,"column":5}},"line":105},"15":{"name":"(anonymous_15)","decl":{"start":{"line":114,"column":32},"end":{"line":114,"column":33}},"loc":{"start":{"line":114,"column":44},"end":{"line":121,"column":3}},"line":114},"16":{"name":"(anonymous_16)","decl":{"start":{"line":115,"column":120},"end":{"line":115,"column":121}},"loc":{"start":{"line":115,"column":135},"end":{"line":120,"column":5}},"line":115},"17":{"name":"(anonymous_17)","decl":{"start":{"line":123,"column":32},"end":{"line":123,"column":33}},"loc":{"start":{"line":123,"column":44},"end":{"line":129,"column":3}},"line":123},"18":{"name":"(anonymous_18)","decl":{"start":{"line":124,"column":122},"end":{"line":124,"column":123}},"loc":{"start":{"line":124,"column":137},"end":{"line":128,"column":5}},"line":124},"19":{"name":"(anonymous_19)","decl":{"start":{"line":131,"column":38},"end":{"line":131,"column":39}},"loc":{"start":{"line":131,"column":50},"end":{"line":137,"column":3}},"line":131},"20":{"name":"(anonymous_20)","decl":{"start":{"line":132,"column":80},"end":{"line":132,"column":81}},"loc":{"start":{"line":132,"column":95},"end":{"line":136,"column":5}},"line":132},"21":{"name":"(anonymous_21)","decl":{"start":{"line":140,"column":40},"end":{"line":140,"column":41}},"loc":{"start":{"line":140,"column":52},"end":{"line":148,"column":1}},"line":140},"22":{"name":"(anonymous_22)","decl":{"start":{"line":141,"column":35},"end":{"line":141,"column":36}},"loc":{"start":{"line":141,"column":47},"end":{"line":147,"column":3}},"line":141},"23":{"name":"(anonymous_23)","decl":{"start":{"line":142,"column":138},"end":{"line":142,"column":139}},"loc":{"start":{"line":142,"column":153},"end":{"line":146,"column":5}},"line":142},"24":{"name":"(anonymous_24)","decl":{"start":{"line":150,"column":60},"end":{"line":150,"column":61}},"loc":{"start":{"line":150,"column":72},"end":{"line":158,"column":1}},"line":150},"25":{"name":"(anonymous_25)","decl":{"start":{"line":151,"column":44},"end":{"line":151,"column":45}},"loc":{"start":{"line":151,"column":56},"end":{"line":157,"column":3}},"line":151},"26":{"name":"(anonymous_26)","decl":{"start":{"line":152,"column":117},"end":{"line":152,"column":118}},"loc":{"start":{"line":152,"column":132},"end":{"line":156,"column":5}},"line":152}},"branchMap":{"0":{"loc":{"start":{"line":15,"column":46},"end":{"line":15,"column":92}},"type":"cond-expr","locations":[{"start":{"line":15,"column":70},"end":{"line":15,"column":73}},{"start":{"line":15,"column":76},"end":{"line":15,"column":92}}],"line":15},"1":{"loc":{"start":{"line":15,"column":46},"end":{"line":15,"column":67}},"type":"binary-expr","locations":[{"start":{"line":15,"column":46},"end":{"line":15,"column":49}},{"start":{"line":15,"column":53},"end":{"line":15,"column":67}}],"line":15}},"s":{"0":1,"1":1,"2":1,"3":1,"4":1,"5":1,"6":3,"7":1,"8":1,"9":1,"10":1,"11":1,"12":1,"13":1,"14":1,"15":1,"16":1,"17":1,"18":1,"19":1,"20":1,"21":1,"22":1,"23":1,"24":1,"25":1,"26":1,"27":1,"28":1,"29":1,"30":1,"31":1,"32":1,"33":1,"34":1,"35":1,"36":1,"37":1,"38":1,"39":1,"40":1,"41":1,"42":1,"43":1,"44":1,"45":1,"46":1,"47":1,"48":1,"49":1,"50":1,"51":1,"52":1,"53":1,"54":1,"55":1,"56":1,"57":1,"58":1,"59":1,"60":1,"61":1,"62":1,"63":1,"64":1,"65":1,"66":1,"67":1,"68":1,"69":1,"70":1,"71":1,"72":1,"73":1,"74":1,"75":1,"76":1,"77":1,"78":1,"79":1,"80":1},"f":{"0":3,"1":1,"2":1,"3":1,"4":1,"5":1,"6":1,"7":1,"8":1,"9":1,"10":1,"11":1,"12":1,"13":1,"14":1,"15":1,"16":1,"17":1,"18":1,"19":1,"20":1,"21":1,"22":1,"23":1,"24":1,"25":1,"26":1},"b":{"0":[1,2],"1":[3,3]},"_coverageSchema":"d34fc3e6b8297bcde183f5492bcb8fcb36775295","hash":"5a2ead380900a438d0c974572b4640fe1825e5e0","contentHash":"877365b56395ff7da3fcc869d0613c8c"}}