TN:
SF:C:\Users\D-SHOW World\desktop\fast food\dist\index.js
FN:23,_interopRequireDefault
FN:34,(anonymous_2)
FNF:2
FNH:1
FNDA:4,_interopRequireDefault
FNDA:0,(anonymous_2)
DA:3,1
DA:7,1
DA:9,1
DA:11,1
DA:13,1
DA:15,1
DA:17,1
DA:19,1
DA:21,1
DA:23,4
DA:25,1
DA:28,1
DA:29,1
DA:31,1
DA:32,1
DA:34,1
DA:35,0
DA:38,1
LF:18
LH:17
BRDA:23,1,0,2
BRDA:23,1,1,2
BRDA:23,2,0,4
BRDA:23,2,1,4
BRDA:34,3,0,1
BRDA:34,3,1,1
BRF:6
BRH:6
end_of_record
TN:
SF:C:\Users\D-SHOW World\desktop\fast food\dist\routes\api.js
FN:13,_interopRequireDefault
FN:18,(anonymous_2)
FN:25,(anonymous_3)
FN:31,(anonymous_4)
FN:46,(anonymous_5)
FN:56,(anonymous_6)
FN:69,(anonymous_7)
FN:82,_loop
FN:85,(anonymous_9)
FNF:9
FNH:1
FNDA:1,_interopRequireDefault
FNDA:0,(anonymous_2)
FNDA:0,(anonymous_3)
FNDA:0,(anonymous_4)
FNDA:0,(anonymous_5)
FNDA:0,(anonymous_6)
FNDA:0,(anonymous_7)
FNDA:0,_loop
FNDA:0,(anonymous_9)
DA:3,1
DA:7,1
DA:9,1
DA:11,1
DA:13,1
DA:16,1
DA:18,1
DA:19,0
DA:25,1
DA:26,0
DA:27,0
DA:28,0
DA:31,1
DA:32,0
DA:34,0
DA:35,0
DA:36,0
DA:37,0
DA:38,0
DA:41,0
DA:46,1
DA:47,0
DA:48,0
DA:49,0
DA:53,0
DA:54,0
DA:55,0
DA:56,0
DA:57,0
DA:58,0
DA:62,0
DA:69,1
DA:70,0
DA:71,0
DA:72,0
DA:77,0
DA:79,0
DA:80,0
DA:82,0
DA:83,0
DA:84,0
DA:85,0
DA:86,0
DA:87,0
DA:91,0
DA:99,0
DA:100,0
DA:104,1
LF:48
LH:12
BRDA:13,1,0,0
BRDA:13,1,1,1
BRDA:13,2,0,1
BRDA:13,2,1,1
BRDA:37,3,0,0
BRDA:37,3,1,0
BRDA:48,4,0,0
BRDA:48,4,1,0
BRDA:57,5,0,0
BRDA:57,5,1,0
BRDA:71,6,0,0
BRDA:71,6,1,0
BRDA:83,7,0,0
BRDA:83,7,1,0
BRDA:86,8,0,0
BRDA:86,8,1,0
BRF:16
BRH:3
end_of_record
TN:
SF:C:\Users\D-SHOW World\desktop\fast food\dist\routes\user.js
FN:13,_interopRequireDefault
FN:19,(anonymous_2)
FN:25,(anonymous_3)
FN:40,(anonymous_4)
FN:50,(anonymous_5)
FN:63,(anonymous_6)
FN:75,_loop
FN:81,(anonymous_8)
FN:100,(anonymous_9)
FN:105,(anonymous_10)
FN:109,(anonymous_11)
FN:121,(anonymous_12)
FNF:12
FNH:1
FNDA:1,_interopRequireDefault
FNDA:0,(anonymous_2)
FNDA:0,(anonymous_3)
FNDA:0,(anonymous_4)
FNDA:0,(anonymous_5)
FNDA:0,(anonymous_6)
FNDA:0,_loop
FNDA:0,(anonymous_8)
FNDA:0,(anonymous_9)
FNDA:0,(anonymous_10)
FNDA:0,(anonymous_11)
FNDA:0,(anonymous_12)
DA:3,1
DA:7,1
DA:9,1
DA:11,1
DA:13,1
DA:16,1
DA:19,1
DA:20,0
DA:21,0
DA:22,0
DA:25,1
DA:26,0
DA:28,0
DA:29,0
DA:30,0
DA:31,0
DA:32,0
DA:35,0
DA:40,1
DA:41,0
DA:42,0
DA:43,0
DA:47,0
DA:48,0
DA:49,0
DA:50,0
DA:51,0
DA:52,0
DA:56,0
DA:63,1
DA:64,0
DA:65,0
DA:66,0
DA:70,0
DA:72,0
DA:73,0
DA:75,0
DA:76,0
DA:78,0
DA:79,0
DA:80,0
DA:81,0
DA:82,0
DA:83,0
DA:87,0
DA:95,0
DA:96,0
DA:100,1
DA:101,0
DA:103,0
DA:104,0
DA:105,0
DA:106,0
DA:109,0
DA:110,0
DA:111,0
DA:115,0
DA:121,1
DA:122,0
DA:123,0
DA:124,0
DA:125,0
DA:126,0
DA:128,0
DA:133,1
LF:65
LH:13
BRDA:13,1,0,0
BRDA:13,1,1,1
BRDA:13,2,0,1
BRDA:13,2,1,1
BRDA:31,3,0,0
BRDA:31,3,1,0
BRDA:42,4,0,0
BRDA:42,4,1,0
BRDA:51,5,0,0
BRDA:51,5,1,0
BRDA:65,6,0,0
BRDA:65,6,1,0
BRDA:76,7,0,0
BRDA:76,7,1,0
BRDA:82,8,0,0
BRDA:82,8,1,0
BRDA:110,9,0,0
BRDA:110,9,1,0
BRF:18
BRH:3
end_of_record
